2023-05-10 01:16:18,233 WARN [main] c.c.s.i.ScreenShotLaboratory [ScreenShotLaboratory.java:517] Cannot take screenshot because browser is not started
2023-05-10 01:16:18,399 INFO [main] c.c.s.i.WebDriverThreadLocalContainer [WebDriverThreadLocalContainer.java:154] No webdriver is bound to current thread: 1 - let's create a new webdriver
2023-05-10 01:16:18,426 INFO [main] c.c.s.i.FileHelper [FileHelper.java:46] Creating folder: C:\Users\alaae\IdeaProjects\LTUTest\target\downloads\1683674178416_27088_1
2023-05-10 01:16:18,821 INFO [main] i.g.b.w.WebDriverManager [WebDriverManager.java:1238] Using chromedriver 113.0.5672.63 (resolved driver for Chrome 113)
2023-05-10 01:16:18,876 INFO [main] i.g.b.w.WebDriverManager [WebDriverManager.java:1291] Exporting webdriver.chrome.driver as C:\Users\alaae\.cache\selenium\chromedriver\win32\113.0.5672.63\chromedriver.exe
2023-05-10 01:16:18,964 INFO [main] c.c.s.w.SelenideNettyClientFactory [SelenideNettyClientFactory.java:25] Changed readTimeout from PT3M to PT1M30S
2023-05-10 01:16:20,122 INFO [main] c.c.s.w.SelenideNettyClientFactory [SelenideNettyClientFactory.java:25] Changed readTimeout from PT3M to PT1M30S
2023-05-10 01:16:20,135 INFO [main] c.c.s.w.SelenideNettyClientFactory [SelenideNettyClientFactory.java:25] Changed readTimeout from PT3M to PT1M30S
2023-05-10 01:16:20,204 INFO [main] c.c.s.w.WebDriverFactory [WebDriverFactory.java:148] BrowserName=chrome Version=113.0.5672.93 Platform=WINDOWS
2023-05-10 01:16:20,204 INFO [main] c.c.s.w.WebDriverFactory [WebDriverFactory.java:75] Selenide v. 6.13.0
2023-05-10 01:16:20,204 INFO [main] c.c.s.w.WebDriverFactory [WebDriverFactory.java:142] Selenium WebDriver v. 4.8.3 build revision: e5e76298c3
2023-05-10 01:16:20,205 INFO [main] c.c.s.d.CreateDriverCommand [CreateDriverCommand.java:78] Created webdriver in thread 1: ChromeDriver -> ChromeDriver: chrome on WINDOWS (fca6333dd0b93a01fa4fb5cd7fb81e29)
2023-05-10 01:16:20,207 INFO [main] c.c.s.d.DisposablesRegistry [DisposablesRegistry.java:30] Register WebDriverInstance[config=StaticConfig,webDriver=ChromeDriver: chrome on WINDOWS (fca6333dd0b93a01fa4fb5cd7fb81e29),proxy=null,downloadsFolder=C:\Users\alaae\IdeaProjects\LTUTest\target\downloads\1683674178416_27088_1] in 1 [size=1]
2023-05-10 01:16:20,208 INFO [main] c.c.s.d.DisposablesRegistry [DisposablesRegistry.java:32] Add shutdown hook in 1 [size=1]
2023-05-10 01:16:35,215 INFO [Thread-2] c.c.s.d.DisposablesRegistry [DisposablesRegistry.java:66] Run cleanup: size=1
2023-05-10 01:16:35,216 INFO [Thread-2] c.c.s.i.FileHelper [FileHelper.java:82] Deleted empty folder: C:\Users\alaae\IdeaProjects\LTUTest\target\downloads\1683674178416_27088_1
2023-05-10 01:16:35,216 INFO [Thread-2] c.c.s.d.CloseDriverCommand [CloseDriverCommand.java:38] Close webdriver: 59 -> ChromeDriver: chrome on WINDOWS (fca6333dd0b93a01fa4fb5cd7fb81e29)...
2023-05-10 01:16:35,336 INFO [Thread-2] c.c.s.d.CloseDriverCommand [CloseDriverCommand.java:40] Closed webdriver 59 in 120 ms
2023-05-10 01:16:35,336 INFO [Thread-2] c.c.s.d.DisposablesRegistry [DisposablesRegistry.java:68] Finished cleanup
2023-05-10 01:19:13,978 WARN [main] c.c.s.i.ScreenShotLaboratory [ScreenShotLaboratory.java:517] Cannot take screenshot because browser is not started
2023-05-10 01:19:14,196 INFO [main] c.c.s.i.WebDriverThreadLocalContainer [WebDriverThreadLocalContainer.java:154] No webdriver is bound to current thread: 1 - let's create a new webdriver
2023-05-10 01:19:14,230 INFO [main] c.c.s.i.FileHelper [FileHelper.java:46] Creating folder: C:\Users\alaae\IdeaProjects\LTUTest\target\downloads\1683674354216_4468_1
2023-05-10 01:19:14,678 INFO [main] i.g.b.w.WebDriverManager [WebDriverManager.java:1238] Using chromedriver 113.0.5672.63 (resolved driver for Chrome 113)
2023-05-10 01:19:14,732 INFO [main] i.g.b.w.WebDriverManager [WebDriverManager.java:1291] Exporting webdriver.chrome.driver as C:\Users\alaae\.cache\selenium\chromedriver\win32\113.0.5672.63\chromedriver.exe
2023-05-10 01:19:14,832 INFO [main] c.c.s.w.SelenideNettyClientFactory [SelenideNettyClientFactory.java:25] Changed readTimeout from PT3M to PT1M30S
2023-05-10 01:19:16,025 INFO [main] c.c.s.w.SelenideNettyClientFactory [SelenideNettyClientFactory.java:25] Changed readTimeout from PT3M to PT1M30S
2023-05-10 01:19:16,037 INFO [main] c.c.s.w.SelenideNettyClientFactory [SelenideNettyClientFactory.java:25] Changed readTimeout from PT3M to PT1M30S
2023-05-10 01:19:16,109 INFO [main] c.c.s.w.WebDriverFactory [WebDriverFactory.java:148] BrowserName=chrome Version=113.0.5672.93 Platform=WINDOWS
2023-05-10 01:19:16,110 INFO [main] c.c.s.w.WebDriverFactory [WebDriverFactory.java:75] Selenide v. 6.13.0
2023-05-10 01:19:16,110 INFO [main] c.c.s.w.WebDriverFactory [WebDriverFactory.java:142] Selenium WebDriver v. 4.8.3 build revision: e5e76298c3
2023-05-10 01:19:16,110 INFO [main] c.c.s.d.CreateDriverCommand [CreateDriverCommand.java:78] Created webdriver in thread 1: ChromeDriver -> ChromeDriver: chrome on WINDOWS (2e3570ce708bc5caf2b5c210db73ac2b)
2023-05-10 01:19:16,112 INFO [main] c.c.s.d.DisposablesRegistry [DisposablesRegistry.java:30] Register WebDriverInstance[config=StaticConfig,webDriver=ChromeDriver: chrome on WINDOWS (2e3570ce708bc5caf2b5c210db73ac2b),proxy=null,downloadsFolder=C:\Users\alaae\IdeaProjects\LTUTest\target\downloads\1683674354216_4468_1] in 1 [size=1]
2023-05-10 01:19:16,112 INFO [main] c.c.s.d.DisposablesRegistry [DisposablesRegistry.java:32] Add shutdown hook in 1 [size=1]
2023-05-10 01:19:37,900 INFO [main] o.e.ltuTest [ltuTest.java:175] Found the expected text: The examination is on Tuesday, May 30th, from 9:00 - 14:00.
2023-05-10 01:19:38,187 INFO [main] o.e.ltuTest [ltuTest.java:269] Clicked on Certificates element
2023-05-10 01:19:42,944 INFO [main] o.e.ltuTest [ltuTest.java:280] Clicked on Ladok login button
2023-05-10 01:19:43,405 INFO [main] o.e.ltuTest [ltuTest.java:289] Entered search query: LTU
2023-05-10 01:19:46,795 INFO [main] o.e.ltuTest [ltuTest.java:298] Clicked on first search result
2023-05-10 01:19:46,939 INFO [main] o.e.ltuTest [ltuTest.java:311] 
2023-05-10 01:19:57,250 INFO [main] o.e.ltuTest [ltuTest.java:330] Downloaded file name is: 1683674354216_4468_1
2023-05-10 01:19:57,259 INFO [Thread-2] c.c.s.d.DisposablesRegistry [DisposablesRegistry.java:66] Run cleanup: size=1
2023-05-10 01:19:57,260 INFO [Thread-2] c.c.s.d.CloseDriverCommand [CloseDriverCommand.java:38] Close webdriver: 59 -> ChromeDriver: chrome on WINDOWS (2e3570ce708bc5caf2b5c210db73ac2b)...
2023-05-10 01:19:57,287 WARN [AsyncHttpClient-1-4] o.a.n.h.WebSocketHandler [WebSocketHandler.java:142] onError
java.net.SocketException: Connection reset
	at java.base/sun.nio.ch.SocketChannelImpl.throwConnectionReset(SocketChannelImpl.java:401)
	at java.base/sun.nio.ch.SocketChannelImpl.read(SocketChannelImpl.java:434)
	at io.netty.buffer.PooledByteBuf.setBytes(PooledByteBuf.java:256)
	at io.netty.buffer.AbstractByteBuf.writeBytes(AbstractByteBuf.java:1132)
	at io.netty.channel.socket.nio.NioSocketChannel.doReadBytes(NioSocketChannel.java:357)
	at io.netty.channel.nio.AbstractNioByteChannel$NioByteUnsafe.read(AbstractNioByteChannel.java:151)
	at io.netty.channel.nio.NioEventLoop.processSelectedKey(NioEventLoop.java:788)
	at io.netty.channel.nio.NioEventLoop.processSelectedKeysOptimized(NioEventLoop.java:724)
	at io.netty.channel.nio.NioEventLoop.processSelectedKeys(NioEventLoop.java:650)
	at io.netty.channel.nio.NioEventLoop.run(NioEventLoop.java:562)
	at io.netty.util.concurrent.SingleThreadEventExecutor$4.run(SingleThreadEventExecutor.java:997)
	at io.netty.util.internal.ThreadExecutorMap$2.run(ThreadExecutorMap.java:74)
	at io.netty.util.concurrent.FastThreadLocalRunnable.run(FastThreadLocalRunnable.java:30)
	at java.base/java.lang.Thread.run(Thread.java:1623)
2023-05-10 01:19:57,452 INFO [Thread-2] c.c.s.d.CloseDriverCommand [CloseDriverCommand.java:40] Closed webdriver 59 in 192 ms
2023-05-10 01:19:57,452 INFO [Thread-2] c.c.s.d.DisposablesRegistry [DisposablesRegistry.java:68] Finished cleanup
2023-05-10 01:20:02,304 WARN [main] c.c.s.i.ScreenShotLaboratory [ScreenShotLaboratory.java:517] Cannot take screenshot because browser is not started
2023-05-10 01:20:02,484 INFO [main] c.c.s.i.WebDriverThreadLocalContainer [WebDriverThreadLocalContainer.java:154] No webdriver is bound to current thread: 1 - let's create a new webdriver
2023-05-10 01:20:02,516 INFO [main] c.c.s.i.FileHelper [FileHelper.java:46] Creating folder: C:\Users\alaae\IdeaProjects\LTUTest\target\downloads\1683674402502_2384_1
2023-05-10 01:20:02,888 INFO [main] i.g.b.w.WebDriverManager [WebDriverManager.java:1238] Using chromedriver 113.0.5672.63 (resolved driver for Chrome 113)
2023-05-10 01:20:02,945 INFO [main] i.g.b.w.WebDriverManager [WebDriverManager.java:1291] Exporting webdriver.chrome.driver as C:\Users\alaae\.cache\selenium\chromedriver\win32\113.0.5672.63\chromedriver.exe
2023-05-10 01:20:03,035 INFO [main] c.c.s.w.SelenideNettyClientFactory [SelenideNettyClientFactory.java:25] Changed readTimeout from PT3M to PT1M30S
2023-05-10 01:20:04,154 INFO [main] c.c.s.w.SelenideNettyClientFactory [SelenideNettyClientFactory.java:25] Changed readTimeout from PT3M to PT1M30S
2023-05-10 01:20:04,163 INFO [main] c.c.s.w.SelenideNettyClientFactory [SelenideNettyClientFactory.java:25] Changed readTimeout from PT3M to PT1M30S
2023-05-10 01:20:04,215 INFO [main] c.c.s.w.WebDriverFactory [WebDriverFactory.java:148] BrowserName=chrome Version=113.0.5672.93 Platform=WINDOWS
2023-05-10 01:20:04,215 INFO [main] c.c.s.w.WebDriverFactory [WebDriverFactory.java:75] Selenide v. 6.13.0
2023-05-10 01:20:04,215 INFO [main] c.c.s.w.WebDriverFactory [WebDriverFactory.java:142] Selenium WebDriver v. 4.8.3 build revision: e5e76298c3
2023-05-10 01:20:04,215 INFO [main] c.c.s.d.CreateDriverCommand [CreateDriverCommand.java:78] Created webdriver in thread 1: ChromeDriver -> ChromeDriver: chrome on WINDOWS (1e700be824adfb65c0716853cbc6732e)
2023-05-10 01:20:04,217 INFO [main] c.c.s.d.DisposablesRegistry [DisposablesRegistry.java:30] Register WebDriverInstance[config=StaticConfig,webDriver=ChromeDriver: chrome on WINDOWS (1e700be824adfb65c0716853cbc6732e),proxy=null,downloadsFolder=C:\Users\alaae\IdeaProjects\LTUTest\target\downloads\1683674402502_2384_1] in 1 [size=1]
2023-05-10 01:20:04,217 INFO [main] c.c.s.d.DisposablesRegistry [DisposablesRegistry.java:32] Add shutdown hook in 1 [size=1]
2023-05-10 01:20:18,524 INFO [Thread-2] c.c.s.d.DisposablesRegistry [DisposablesRegistry.java:66] Run cleanup: size=1
2023-05-10 01:20:18,525 INFO [Thread-2] c.c.s.i.FileHelper [FileHelper.java:82] Deleted empty folder: C:\Users\alaae\IdeaProjects\LTUTest\target\downloads\1683674402502_2384_1
2023-05-10 01:20:18,525 INFO [Thread-2] c.c.s.d.CloseDriverCommand [CloseDriverCommand.java:38] Close webdriver: 59 -> ChromeDriver: chrome on WINDOWS (1e700be824adfb65c0716853cbc6732e)...
2023-05-10 01:20:18,646 INFO [Thread-2] c.c.s.d.CloseDriverCommand [CloseDriverCommand.java:40] Closed webdriver 59 in 121 ms
2023-05-10 01:20:18,646 INFO [Thread-2] c.c.s.d.DisposablesRegistry [DisposablesRegistry.java:68] Finished cleanup
2023-05-10 01:20:34,140 WARN [main] c.c.s.i.ScreenShotLaboratory [ScreenShotLaboratory.java:517] Cannot take screenshot because browser is not started
2023-05-10 01:20:34,310 INFO [main] c.c.s.i.WebDriverThreadLocalContainer [WebDriverThreadLocalContainer.java:154] No webdriver is bound to current thread: 1 - let's create a new webdriver
2023-05-10 01:20:34,338 INFO [main] c.c.s.i.FileHelper [FileHelper.java:46] Creating folder: C:\Users\alaae\IdeaProjects\LTUTest\target\downloads\1683674434327_2476_1
2023-05-10 01:20:34,732 INFO [main] i.g.b.w.WebDriverManager [WebDriverManager.java:1238] Using chromedriver 113.0.5672.63 (resolved driver for Chrome 113)
2023-05-10 01:20:34,789 INFO [main] i.g.b.w.WebDriverManager [WebDriverManager.java:1291] Exporting webdriver.chrome.driver as C:\Users\alaae\.cache\selenium\chromedriver\win32\113.0.5672.63\chromedriver.exe
2023-05-10 01:20:34,874 INFO [main] c.c.s.w.SelenideNettyClientFactory [SelenideNettyClientFactory.java:25] Changed readTimeout from PT3M to PT1M30S
2023-05-10 01:20:36,036 INFO [main] c.c.s.w.SelenideNettyClientFactory [SelenideNettyClientFactory.java:25] Changed readTimeout from PT3M to PT1M30S
2023-05-10 01:20:36,045 INFO [main] c.c.s.w.SelenideNettyClientFactory [SelenideNettyClientFactory.java:25] Changed readTimeout from PT3M to PT1M30S
2023-05-10 01:20:36,099 INFO [main] c.c.s.w.WebDriverFactory [WebDriverFactory.java:148] BrowserName=chrome Version=113.0.5672.93 Platform=WINDOWS
2023-05-10 01:20:36,100 INFO [main] c.c.s.w.WebDriverFactory [WebDriverFactory.java:75] Selenide v. 6.13.0
2023-05-10 01:20:36,100 INFO [main] c.c.s.w.WebDriverFactory [WebDriverFactory.java:142] Selenium WebDriver v. 4.8.3 build revision: e5e76298c3
2023-05-10 01:20:36,100 INFO [main] c.c.s.d.CreateDriverCommand [CreateDriverCommand.java:78] Created webdriver in thread 1: ChromeDriver -> ChromeDriver: chrome on WINDOWS (d139056dc68c42bb3beacc2a9c9d7aa0)
2023-05-10 01:20:36,102 INFO [main] c.c.s.d.DisposablesRegistry [DisposablesRegistry.java:30] Register WebDriverInstance[config=StaticConfig,webDriver=ChromeDriver: chrome on WINDOWS (d139056dc68c42bb3beacc2a9c9d7aa0),proxy=null,downloadsFolder=C:\Users\alaae\IdeaProjects\LTUTest\target\downloads\1683674434327_2476_1] in 1 [size=1]
2023-05-10 01:20:36,102 INFO [main] c.c.s.d.DisposablesRegistry [DisposablesRegistry.java:32] Add shutdown hook in 1 [size=1]
2023-05-10 01:20:49,307 INFO [main] o.e.ltuTest [ltuTest.java:175] Found the expected text: The examination is on Tuesday, May 30th, from 9:00 - 14:00.
2023-05-10 01:20:49,539 INFO [main] o.e.ltuTest [ltuTest.java:269] Clicked on Certificates element
2023-05-10 01:20:50,792 INFO [main] o.e.ltuTest [ltuTest.java:280] Clicked on Ladok login button
2023-05-10 01:20:51,042 INFO [main] o.e.ltuTest [ltuTest.java:289] Entered search query: LTU
2023-05-10 01:20:53,555 INFO [main] o.e.ltuTest [ltuTest.java:298] Clicked on first search result
2023-05-10 01:20:53,696 INFO [main] o.e.ltuTest [ltuTest.java:311] 
2023-05-10 01:21:04,016 INFO [main] o.e.ltuTest [ltuTest.java:330] Downloaded file name is: 1683674434327_2476_1
2023-05-10 01:21:04,025 INFO [Thread-2] c.c.s.d.DisposablesRegistry [DisposablesRegistry.java:66] Run cleanup: size=1
2023-05-10 01:21:04,025 INFO [Thread-2] c.c.s.d.CloseDriverCommand [CloseDriverCommand.java:38] Close webdriver: 59 -> ChromeDriver: chrome on WINDOWS (d139056dc68c42bb3beacc2a9c9d7aa0)...
2023-05-10 01:21:04,050 WARN [AsyncHttpClient-1-4] o.a.n.h.WebSocketHandler [WebSocketHandler.java:142] onError
java.net.SocketException: Connection reset
	at java.base/sun.nio.ch.SocketChannelImpl.throwConnectionReset(SocketChannelImpl.java:401)
	at java.base/sun.nio.ch.SocketChannelImpl.read(SocketChannelImpl.java:434)
	at io.netty.buffer.PooledByteBuf.setBytes(PooledByteBuf.java:256)
	at io.netty.buffer.AbstractByteBuf.writeBytes(AbstractByteBuf.java:1132)
	at io.netty.channel.socket.nio.NioSocketChannel.doReadBytes(NioSocketChannel.java:357)
	at io.netty.channel.nio.AbstractNioByteChannel$NioByteUnsafe.read(AbstractNioByteChannel.java:151)
	at io.netty.channel.nio.NioEventLoop.processSelectedKey(NioEventLoop.java:788)
	at io.netty.channel.nio.NioEventLoop.processSelectedKeysOptimized(NioEventLoop.java:724)
	at io.netty.channel.nio.NioEventLoop.processSelectedKeys(NioEventLoop.java:650)
	at io.netty.channel.nio.NioEventLoop.run(NioEventLoop.java:562)
	at io.netty.util.concurrent.SingleThreadEventExecutor$4.run(SingleThreadEventExecutor.java:997)
	at io.netty.util.internal.ThreadExecutorMap$2.run(ThreadExecutorMap.java:74)
	at io.netty.util.concurrent.FastThreadLocalRunnable.run(FastThreadLocalRunnable.java:30)
	at java.base/java.lang.Thread.run(Thread.java:1623)
2023-05-10 01:21:04,217 INFO [Thread-2] c.c.s.d.CloseDriverCommand [CloseDriverCommand.java:40] Closed webdriver 59 in 192 ms
2023-05-10 01:21:04,217 INFO [Thread-2] c.c.s.d.DisposablesRegistry [DisposablesRegistry.java:68] Finished cleanup
2023-05-10 01:25:14,757 WARN [main] c.c.s.impl.ScreenShotLaboratory [ScreenShotLaboratory.java:517] Cannot take screenshot because browser is not started
2023-05-10 01:25:14,949 INFO [main] c.c.s.i.WebDriverThreadLocalContainer [WebDriverThreadLocalContainer.java:154] No webdriver is bound to current thread: 1 - let's create a new webdriver
2023-05-10 01:25:14,982 INFO [main] c.c.selenide.impl.FileHelper [FileHelper.java:46] Creating folder: C:\Users\alaae\IdeaProjects\LTUTest\target\downloads\1683674714967_21896_1
2023-05-10 01:25:15,349 INFO [main] i.g.bonigarcia.wdm.WebDriverManager [WebDriverManager.java:1238] Using chromedriver 113.0.5672.63 (resolved driver for Chrome 113)
2023-05-10 01:25:15,397 INFO [main] i.g.bonigarcia.wdm.WebDriverManager [WebDriverManager.java:1291] Exporting webdriver.chrome.driver as C:\Users\alaae\.cache\selenium\chromedriver\win32\113.0.5672.63\chromedriver.exe
2023-05-10 01:25:15,482 INFO [main] c.c.s.w.SelenideNettyClientFactory [SelenideNettyClientFactory.java:25] Changed readTimeout from PT3M to PT1M30S
2023-05-10 01:25:16,591 INFO [main] c.c.s.w.SelenideNettyClientFactory [SelenideNettyClientFactory.java:25] Changed readTimeout from PT3M to PT1M30S
2023-05-10 01:25:16,600 INFO [main] c.c.s.w.SelenideNettyClientFactory [SelenideNettyClientFactory.java:25] Changed readTimeout from PT3M to PT1M30S
2023-05-10 01:25:16,649 INFO [main] c.c.s.webdriver.WebDriverFactory [WebDriverFactory.java:148] BrowserName=chrome Version=113.0.5672.93 Platform=WINDOWS
2023-05-10 01:25:16,650 INFO [main] c.c.s.webdriver.WebDriverFactory [WebDriverFactory.java:75] Selenide v. 6.13.0
2023-05-10 01:25:16,650 INFO [main] c.c.s.webdriver.WebDriverFactory [WebDriverFactory.java:142] Selenium WebDriver v. 4.8.3 build revision: e5e76298c3
2023-05-10 01:25:16,650 INFO [main] c.c.s.d.CreateDriverCommand [CreateDriverCommand.java:78] Created webdriver in thread 1: ChromeDriver -> ChromeDriver: chrome on WINDOWS (eaa26e44b99d54c5ac2d8160dcea98cc)
2023-05-10 01:25:16,651 INFO [main] c.c.s.d.DisposablesRegistry [DisposablesRegistry.java:30] Register WebDriverInstance[config=StaticConfig,webDriver=ChromeDriver: chrome on WINDOWS (eaa26e44b99d54c5ac2d8160dcea98cc),proxy=null,downloadsFolder=C:\Users\alaae\IdeaProjects\LTUTest\target\downloads\1683674714967_21896_1] in 1 [size=1]
2023-05-10 01:25:16,652 INFO [main] c.c.s.d.DisposablesRegistry [DisposablesRegistry.java:32] Add shutdown hook in 1 [size=1]
2023-05-10 01:25:28,691 INFO [main] org.example.ltuTest [ltuTest.java:175] Found the expected text: The examination is on Tuesday, May 30th, from 9:00 - 14:00.
2023-05-10 01:25:28,868 INFO [main] org.example.ltuTest [ltuTest.java:269] Clicked on Certificates element
2023-05-10 01:25:29,992 INFO [main] org.example.ltuTest [ltuTest.java:280] Clicked on Ladok login button
2023-05-10 01:25:30,519 INFO [main] org.example.ltuTest [ltuTest.java:289] Entered search query: LTU
2023-05-10 01:25:33,970 INFO [main] org.example.ltuTest [ltuTest.java:298] Clicked on first search result
2023-05-10 01:25:34,120 INFO [main] org.example.ltuTest [ltuTest.java:311] 
2023-05-10 01:25:44,450 INFO [main] org.example.ltuTest [ltuTest.java:330] Downloaded file name is: 1683674714967_21896_1
2023-05-10 01:25:44,459 INFO [Thread-2] c.c.s.d.DisposablesRegistry [DisposablesRegistry.java:66] Run cleanup: size=1
2023-05-10 01:25:44,460 INFO [Thread-2] c.c.s.d.CloseDriverCommand [CloseDriverCommand.java:38] Close webdriver: 59 -> ChromeDriver: chrome on WINDOWS (eaa26e44b99d54c5ac2d8160dcea98cc)...
2023-05-10 01:25:44,484 WARN [AsyncHttpClient-1-4] o.a.netty.handler.WebSocketHandler [WebSocketHandler.java:142] onError
java.net.SocketException: Connection reset
	at java.base/sun.nio.ch.SocketChannelImpl.throwConnectionReset(SocketChannelImpl.java:401)
	at java.base/sun.nio.ch.SocketChannelImpl.read(SocketChannelImpl.java:434)
	at io.netty.buffer.PooledByteBuf.setBytes(PooledByteBuf.java:256)
	at io.netty.buffer.AbstractByteBuf.writeBytes(AbstractByteBuf.java:1132)
	at io.netty.channel.socket.nio.NioSocketChannel.doReadBytes(NioSocketChannel.java:357)
	at io.netty.channel.nio.AbstractNioByteChannel$NioByteUnsafe.read(AbstractNioByteChannel.java:151)
	at io.netty.channel.nio.NioEventLoop.processSelectedKey(NioEventLoop.java:788)
	at io.netty.channel.nio.NioEventLoop.processSelectedKeysOptimized(NioEventLoop.java:724)
	at io.netty.channel.nio.NioEventLoop.processSelectedKeys(NioEventLoop.java:650)
	at io.netty.channel.nio.NioEventLoop.run(NioEventLoop.java:562)
	at io.netty.util.concurrent.SingleThreadEventExecutor$4.run(SingleThreadEventExecutor.java:997)
	at io.netty.util.internal.ThreadExecutorMap$2.run(ThreadExecutorMap.java:74)
	at io.netty.util.concurrent.FastThreadLocalRunnable.run(FastThreadLocalRunnable.java:30)
	at java.base/java.lang.Thread.run(Thread.java:1623)
2023-05-10 01:25:44,637 INFO [Thread-2] c.c.s.d.CloseDriverCommand [CloseDriverCommand.java:40] Closed webdriver 59 in 177 ms
2023-05-10 01:25:44,637 INFO [Thread-2] c.c.s.d.DisposablesRegistry [DisposablesRegistry.java:68] Finished cleanup
2023-05-10 01:27:12,368 WARN [main] c.c.s.impl.ScreenShotLaboratory [ScreenShotLaboratory.java:517] Cannot take screenshot because browser is not started
2023-05-10 01:27:12,530 INFO [main] c.c.s.i.WebDriverThreadLocalContainer [WebDriverThreadLocalContainer.java:154] No webdriver is bound to current thread: 1 - let's create a new webdriver
2023-05-10 01:27:12,557 INFO [main] c.c.selenide.impl.FileHelper [FileHelper.java:46] Creating folder: C:\Users\alaae\IdeaProjects\LTUTest\target\downloads\1683674832546_20548_1
2023-05-10 01:27:12,898 INFO [main] i.g.bonigarcia.wdm.WebDriverManager [WebDriverManager.java:1238] Using chromedriver 113.0.5672.63 (resolved driver for Chrome 113)
2023-05-10 01:27:12,944 INFO [main] i.g.bonigarcia.wdm.WebDriverManager [WebDriverManager.java:1291] Exporting webdriver.chrome.driver as C:\Users\alaae\.cache\selenium\chromedriver\win32\113.0.5672.63\chromedriver.exe
2023-05-10 01:27:13,025 INFO [main] c.c.s.w.SelenideNettyClientFactory [SelenideNettyClientFactory.java:25] Changed readTimeout from PT3M to PT1M30S
2023-05-10 01:27:14,153 INFO [main] c.c.s.w.SelenideNettyClientFactory [SelenideNettyClientFactory.java:25] Changed readTimeout from PT3M to PT1M30S
2023-05-10 01:27:14,161 INFO [main] c.c.s.w.SelenideNettyClientFactory [SelenideNettyClientFactory.java:25] Changed readTimeout from PT3M to PT1M30S
2023-05-10 01:27:14,209 INFO [main] c.c.s.webdriver.WebDriverFactory [WebDriverFactory.java:148] BrowserName=chrome Version=113.0.5672.93 Platform=WINDOWS
2023-05-10 01:27:14,209 INFO [main] c.c.s.webdriver.WebDriverFactory [WebDriverFactory.java:75] Selenide v. 6.13.0
2023-05-10 01:27:14,209 INFO [main] c.c.s.webdriver.WebDriverFactory [WebDriverFactory.java:142] Selenium WebDriver v. 4.8.3 build revision: e5e76298c3
2023-05-10 01:27:14,209 INFO [main] c.c.s.d.CreateDriverCommand [CreateDriverCommand.java:78] Created webdriver in thread 1: ChromeDriver -> ChromeDriver: chrome on WINDOWS (ed980a3cacf623b6db32ddf97433b2f4)
2023-05-10 01:27:14,211 INFO [main] c.c.s.d.DisposablesRegistry [DisposablesRegistry.java:30] Register WebDriverInstance[config=StaticConfig,webDriver=ChromeDriver: chrome on WINDOWS (ed980a3cacf623b6db32ddf97433b2f4),proxy=null,downloadsFolder=C:\Users\alaae\IdeaProjects\LTUTest\target\downloads\1683674832546_20548_1] in 1 [size=1]
2023-05-10 01:27:14,211 INFO [main] c.c.s.d.DisposablesRegistry [DisposablesRegistry.java:32] Add shutdown hook in 1 [size=1]
2023-05-10 01:27:28,083 INFO [main] org.example.ltuTest [ltuTest.java:175] Found the expected text: The examination is on Tuesday, May 30th, from 9:00 - 14:00.
2023-05-10 01:27:28,245 INFO [main] org.example.ltuTest [ltuTest.java:269] Clicked on Certificates element
2023-05-10 01:27:29,908 INFO [main] org.example.ltuTest [ltuTest.java:280] Clicked on Ladok login button
2023-05-10 01:27:30,351 INFO [main] org.example.ltuTest [ltuTest.java:289] Entered search query: LTU
2023-05-10 01:27:32,862 INFO [main] org.example.ltuTest [ltuTest.java:298] Clicked on first search result
2023-05-10 01:27:33,005 INFO [main] org.example.ltuTest [ltuTest.java:311] 
2023-05-10 01:27:43,330 INFO [main] org.example.ltuTest [ltuTest.java:330] Downloaded file name is: 1683674832546_20548_1
2023-05-10 01:27:43,338 INFO [Thread-2] c.c.s.d.DisposablesRegistry [DisposablesRegistry.java:66] Run cleanup: size=1
2023-05-10 01:27:43,339 INFO [Thread-2] c.c.s.d.CloseDriverCommand [CloseDriverCommand.java:38] Close webdriver: 59 -> ChromeDriver: chrome on WINDOWS (ed980a3cacf623b6db32ddf97433b2f4)...
2023-05-10 01:27:43,366 WARN [AsyncHttpClient-1-4] o.a.netty.handler.WebSocketHandler [WebSocketHandler.java:142] onError
java.net.SocketException: Connection reset
	at java.base/sun.nio.ch.SocketChannelImpl.throwConnectionReset(SocketChannelImpl.java:401)
	at java.base/sun.nio.ch.SocketChannelImpl.read(SocketChannelImpl.java:434)
	at io.netty.buffer.PooledByteBuf.setBytes(PooledByteBuf.java:256)
	at io.netty.buffer.AbstractByteBuf.writeBytes(AbstractByteBuf.java:1132)
	at io.netty.channel.socket.nio.NioSocketChannel.doReadBytes(NioSocketChannel.java:357)
	at io.netty.channel.nio.AbstractNioByteChannel$NioByteUnsafe.read(AbstractNioByteChannel.java:151)
	at io.netty.channel.nio.NioEventLoop.processSelectedKey(NioEventLoop.java:788)
	at io.netty.channel.nio.NioEventLoop.processSelectedKeysOptimized(NioEventLoop.java:724)
	at io.netty.channel.nio.NioEventLoop.processSelectedKeys(NioEventLoop.java:650)
	at io.netty.channel.nio.NioEventLoop.run(NioEventLoop.java:562)
	at io.netty.util.concurrent.SingleThreadEventExecutor$4.run(SingleThreadEventExecutor.java:997)
	at io.netty.util.internal.ThreadExecutorMap$2.run(ThreadExecutorMap.java:74)
	at io.netty.util.concurrent.FastThreadLocalRunnable.run(FastThreadLocalRunnable.java:30)
	at java.base/java.lang.Thread.run(Thread.java:1623)
2023-05-10 01:27:43,534 INFO [Thread-2] c.c.s.d.CloseDriverCommand [CloseDriverCommand.java:40] Closed webdriver 59 in 195 ms
2023-05-10 01:27:43,534 INFO [Thread-2] c.c.s.d.DisposablesRegistry [DisposablesRegistry.java:68] Finished cleanup
2023-05-10 01:31:30,870 WARN [main] c.c.s.impl.ScreenShotLaboratory [ScreenShotLaboratory.java:517] Cannot take screenshot because browser is not started
2023-05-10 01:31:31,029 INFO [main] c.c.s.i.WebDriverThreadLocalContainer [WebDriverThreadLocalContainer.java:154] No webdriver is bound to current thread: 1 - let's create a new webdriver
2023-05-10 01:31:31,055 INFO [main] c.c.selenide.impl.FileHelper [FileHelper.java:46] Creating folder: C:\Users\alaae\IdeaProjects\LTUTest\target\downloads\1683675091045_32960_1
2023-05-10 01:31:31,392 INFO [main] i.g.bonigarcia.wdm.WebDriverManager [WebDriverManager.java:1238] Using chromedriver 113.0.5672.63 (resolved driver for Chrome 113)
2023-05-10 01:31:31,436 INFO [main] i.g.bonigarcia.wdm.WebDriverManager [WebDriverManager.java:1291] Exporting webdriver.chrome.driver as C:\Users\alaae\.cache\selenium\chromedriver\win32\113.0.5672.63\chromedriver.exe
2023-05-10 01:31:31,508 INFO [main] c.c.s.w.SelenideNettyClientFactory [SelenideNettyClientFactory.java:25] Changed readTimeout from PT3M to PT1M30S
2023-05-10 01:31:32,628 INFO [main] c.c.s.w.SelenideNettyClientFactory [SelenideNettyClientFactory.java:25] Changed readTimeout from PT3M to PT1M30S
2023-05-10 01:31:32,636 INFO [main] c.c.s.w.SelenideNettyClientFactory [SelenideNettyClientFactory.java:25] Changed readTimeout from PT3M to PT1M30S
2023-05-10 01:31:32,684 INFO [main] c.c.s.webdriver.WebDriverFactory [WebDriverFactory.java:148] BrowserName=chrome Version=113.0.5672.93 Platform=WINDOWS
2023-05-10 01:31:32,686 INFO [main] c.c.s.webdriver.WebDriverFactory [WebDriverFactory.java:75] Selenide v. 6.13.0
2023-05-10 01:31:32,686 INFO [main] c.c.s.webdriver.WebDriverFactory [WebDriverFactory.java:142] Selenium WebDriver v. 4.8.3 build revision: e5e76298c3
2023-05-10 01:31:32,686 INFO [main] c.c.s.d.CreateDriverCommand [CreateDriverCommand.java:78] Created webdriver in thread 1: ChromeDriver -> ChromeDriver: chrome on WINDOWS (cf227afad2d1f3093d276b2fc590b91f)
2023-05-10 01:31:32,687 INFO [main] c.c.s.d.DisposablesRegistry [DisposablesRegistry.java:30] Register WebDriverInstance[config=StaticConfig,webDriver=ChromeDriver: chrome on WINDOWS (cf227afad2d1f3093d276b2fc590b91f),proxy=null,downloadsFolder=C:\Users\alaae\IdeaProjects\LTUTest\target\downloads\1683675091045_32960_1] in 1 [size=1]
2023-05-10 01:31:32,687 INFO [main] c.c.s.d.DisposablesRegistry [DisposablesRegistry.java:32] Add shutdown hook in 1 [size=1]
2023-05-10 01:31:36,666 INFO [main] org.example.ltuTest [ltuTest.java:117] Clicked on the Canvas link.
2023-05-10 01:31:42,121 INFO [main] org.example.ltuTest [ltuTest.java:131] Clicked on the Courses button.
2023-05-10 01:31:44,270 INFO [main] org.example.ltuTest [ltuTest.java:142] Clicked on the course link.
2023-05-10 01:31:45,277 INFO [main] org.example.ltuTest [ltuTest.java:153] Clicked on the Modules link.
2023-05-10 01:31:45,409 INFO [main] org.example.ltuTest [ltuTest.java:163] Clicked on the Final Examination element.
2023-05-10 01:31:46,763 INFO [main] org.example.ltuTest [ltuTest.java:166] Clicked on the Final Examination link.
2023-05-10 01:31:47,204 INFO [main] org.example.ltuTest [ltuTest.java:180] Found the expected text: The examination is on Tuesday, May 30th, from 9:00 - 14:00.
2023-05-10 01:31:47,415 INFO [main] org.example.ltuTest [ltuTest.java:278] Clicked on Certificates element
2023-05-10 01:31:49,238 INFO [main] org.example.ltuTest [ltuTest.java:289] Clicked on Ladok login button
2023-05-10 01:31:49,781 INFO [main] org.example.ltuTest [ltuTest.java:298] Entered search query: LTU
2023-05-10 01:31:52,354 INFO [main] org.example.ltuTest [ltuTest.java:307] Clicked on first search result
2023-05-10 01:31:52,495 INFO [main] org.example.ltuTest [ltuTest.java:320] 
2023-05-10 01:32:02,809 INFO [main] org.example.ltuTest [ltuTest.java:339] Downloaded file name is: 1683675091045_32960_1
2023-05-10 01:32:02,817 INFO [Thread-2] c.c.s.d.DisposablesRegistry [DisposablesRegistry.java:66] Run cleanup: size=1
2023-05-10 01:32:02,818 INFO [Thread-2] c.c.s.d.CloseDriverCommand [CloseDriverCommand.java:38] Close webdriver: 59 -> ChromeDriver: chrome on WINDOWS (cf227afad2d1f3093d276b2fc590b91f)...
2023-05-10 01:32:02,997 INFO [Thread-2] c.c.s.d.CloseDriverCommand [CloseDriverCommand.java:40] Closed webdriver 59 in 179 ms
2023-05-10 01:32:02,997 INFO [Thread-2] c.c.s.d.DisposablesRegistry [DisposablesRegistry.java:68] Finished cleanup
2023-05-10 02:04:56,024 INFO [main] c.c.s.i.WebDriverThreadLocalContainer [WebDriverThreadLocalContainer.java:154] No webdriver is bound to current thread: 1 - let's create a new webdriver
2023-05-10 02:04:56,069 INFO [main] c.c.selenide.impl.FileHelper [FileHelper.java:46] Creating folder: C:\Users\alaae\IdeaProjects\LTUTest\target\downloads\1683677096050_22612_1
2023-05-10 02:04:57,036 INFO [main] i.g.bonigarcia.wdm.WebDriverManager [WebDriverManager.java:1238] Using chromedriver 113.0.5672.63 (resolved driver for Chrome 113)
2023-05-10 02:04:57,052 INFO [main] i.g.bonigarcia.wdm.WebDriverManager [WebDriverManager.java:1291] Exporting webdriver.chrome.driver as C:\Users\alaae\.cache\selenium\chromedriver\win32\113.0.5672.63\chromedriver.exe
2023-05-10 02:04:57,126 INFO [main] c.c.s.w.SelenideNettyClientFactory [SelenideNettyClientFactory.java:25] Changed readTimeout from PT3M to PT1M30S
2023-05-10 02:04:58,193 INFO [main] c.c.s.w.SelenideNettyClientFactory [SelenideNettyClientFactory.java:25] Changed readTimeout from PT3M to PT1M30S
2023-05-10 02:04:58,202 INFO [main] c.c.s.w.SelenideNettyClientFactory [SelenideNettyClientFactory.java:25] Changed readTimeout from PT3M to PT1M30S
2023-05-10 02:04:58,261 INFO [main] c.c.s.webdriver.WebDriverFactory [WebDriverFactory.java:148] BrowserName=chrome Version=113.0.5672.93 Platform=WINDOWS
2023-05-10 02:04:58,262 INFO [main] c.c.s.webdriver.WebDriverFactory [WebDriverFactory.java:75] Selenide v. 6.13.0
2023-05-10 02:04:58,262 INFO [main] c.c.s.webdriver.WebDriverFactory [WebDriverFactory.java:142] Selenium WebDriver v. 4.8.3 build revision: e5e76298c3
2023-05-10 02:04:58,262 INFO [main] c.c.s.d.CreateDriverCommand [CreateDriverCommand.java:78] Created webdriver in thread 1: ChromeDriver -> ChromeDriver: chrome on WINDOWS (bceca5821b1578b3b5fc680ed7e4ec4f)
2023-05-10 02:04:58,264 INFO [main] c.c.s.d.DisposablesRegistry [DisposablesRegistry.java:30] Register WebDriverInstance[config=StaticConfig,webDriver=ChromeDriver: chrome on WINDOWS (bceca5821b1578b3b5fc680ed7e4ec4f),proxy=null,downloadsFolder=C:\Users\alaae\IdeaProjects\LTUTest\target\downloads\1683677096050_22612_1] in 1 [size=1]
2023-05-10 02:04:58,265 INFO [main] c.c.s.d.DisposablesRegistry [DisposablesRegistry.java:32] Add shutdown hook in 1 [size=1]
2023-05-10 02:05:07,049 INFO [main] org.example.ltuTest [ltuTest.java:277] Clicked on Certificates element
2023-05-10 02:05:08,160 INFO [main] org.example.ltuTest [ltuTest.java:288] Clicked on Ladok login button
2023-05-10 02:05:08,728 INFO [main] org.example.ltuTest [ltuTest.java:297] Entered search query: LTU
2023-05-10 02:05:11,310 INFO [main] org.example.ltuTest [ltuTest.java:306] Clicked on first search result
2023-05-10 02:05:11,737 INFO [main] org.example.ltuTest [ltuTest.java:319] 
2023-05-10 02:05:12,110 INFO [main] org.example.ltuTest [ltuTest.java:330] Clicked on Transcript
2023-05-10 02:05:22,125 INFO [main] org.example.ltuTest [ltuTest.java:340] Downloaded file name: 1683677096050_22612_1
2023-05-10 02:05:22,139 INFO [Thread-2] c.c.s.d.DisposablesRegistry [DisposablesRegistry.java:66] Run cleanup: size=1
2023-05-10 02:05:22,139 INFO [Thread-2] c.c.s.d.CloseDriverCommand [CloseDriverCommand.java:38] Close webdriver: 59 -> ChromeDriver: chrome on WINDOWS (bceca5821b1578b3b5fc680ed7e4ec4f)...
2023-05-10 02:05:22,392 INFO [Thread-2] c.c.s.d.CloseDriverCommand [CloseDriverCommand.java:40] Closed webdriver 59 in 253 ms
2023-05-10 02:05:22,392 INFO [Thread-2] c.c.s.d.DisposablesRegistry [DisposablesRegistry.java:68] Finished cleanup
2023-05-10 02:27:01,007 INFO [main] c.c.s.i.WebDriverThreadLocalContainer [WebDriverThreadLocalContainer.java:154] No webdriver is bound to current thread: 1 - let's create a new webdriver
2023-05-10 02:27:01,049 INFO [main] c.c.selenide.impl.FileHelper [FileHelper.java:46] Creating folder: C:\Users\alaae\IdeaProjects\LTUTest\target\downloads\1683678421032_29068_1
2023-05-10 02:27:01,517 INFO [main] i.g.bonigarcia.wdm.WebDriverManager [WebDriverManager.java:1238] Using chromedriver 113.0.5672.63 (resolved driver for Chrome 113)
2023-05-10 02:27:01,585 INFO [main] i.g.bonigarcia.wdm.WebDriverManager [WebDriverManager.java:1291] Exporting webdriver.chrome.driver as C:\Users\alaae\.cache\selenium\chromedriver\win32\113.0.5672.63\chromedriver.exe
2023-05-10 02:27:01,671 INFO [main] c.c.s.w.SelenideNettyClientFactory [SelenideNettyClientFactory.java:25] Changed readTimeout from PT3M to PT1M30S
2023-05-10 02:27:02,969 INFO [main] c.c.s.w.SelenideNettyClientFactory [SelenideNettyClientFactory.java:25] Changed readTimeout from PT3M to PT1M30S
2023-05-10 02:27:02,983 INFO [main] c.c.s.w.SelenideNettyClientFactory [SelenideNettyClientFactory.java:25] Changed readTimeout from PT3M to PT1M30S
2023-05-10 02:27:03,051 INFO [main] c.c.s.webdriver.WebDriverFactory [WebDriverFactory.java:148] BrowserName=chrome Version=113.0.5672.93 Platform=WINDOWS
2023-05-10 02:27:03,053 INFO [main] c.c.s.webdriver.WebDriverFactory [WebDriverFactory.java:75] Selenide v. 6.13.0
2023-05-10 02:27:03,053 INFO [main] c.c.s.webdriver.WebDriverFactory [WebDriverFactory.java:142] Selenium WebDriver v. 4.8.3 build revision: e5e76298c3
2023-05-10 02:27:03,053 INFO [main] c.c.s.d.CreateDriverCommand [CreateDriverCommand.java:78] Created webdriver in thread 1: ChromeDriver -> ChromeDriver: chrome on WINDOWS (27d53cffc5554646dcbcab29b0357dd9)
2023-05-10 02:27:03,055 INFO [main] c.c.s.d.DisposablesRegistry [DisposablesRegistry.java:30] Register WebDriverInstance[config=StaticConfig,webDriver=ChromeDriver: chrome on WINDOWS (27d53cffc5554646dcbcab29b0357dd9),proxy=null,downloadsFolder=C:\Users\alaae\IdeaProjects\LTUTest\target\downloads\1683678421032_29068_1] in 1 [size=1]
2023-05-10 02:27:03,055 INFO [main] c.c.s.d.DisposablesRegistry [DisposablesRegistry.java:32] Add shutdown hook in 1 [size=1]
2023-05-10 02:27:10,217 INFO [main] org.example.ltuTest [ltuTest.java:281] Clicked on Certificates element
2023-05-10 02:27:13,803 INFO [main] org.example.ltuTest [ltuTest.java:292] Clicked on Ladok login button
2023-05-10 02:27:14,321 INFO [main] org.example.ltuTest [ltuTest.java:301] Entered search query: LTU
2023-05-10 02:27:16,843 INFO [main] org.example.ltuTest [ltuTest.java:310] Clicked on first search result
2023-05-10 02:27:17,020 INFO [main] org.example.ltuTest [ltuTest.java:323] 
2023-05-10 02:27:17,347 INFO [main] org.example.ltuTest [ltuTest.java:338] Clicked on Transcript
2023-05-10 02:27:27,361 INFO [main] org.example.ltuTest [ltuTest.java:356] Downloaded Transcript successfully
2023-05-10 02:27:27,368 INFO [Thread-2] c.c.s.d.DisposablesRegistry [DisposablesRegistry.java:66] Run cleanup: size=1
2023-05-10 02:27:27,368 INFO [Thread-2] c.c.s.d.CloseDriverCommand [CloseDriverCommand.java:38] Close webdriver: 59 -> ChromeDriver: chrome on WINDOWS (27d53cffc5554646dcbcab29b0357dd9)...
2023-05-10 02:27:27,394 WARN [AsyncHttpClient-1-4] o.a.netty.handler.WebSocketHandler [WebSocketHandler.java:142] onError
java.net.SocketException: Connection reset
	at java.base/sun.nio.ch.SocketChannelImpl.throwConnectionReset(SocketChannelImpl.java:401)
	at java.base/sun.nio.ch.SocketChannelImpl.read(SocketChannelImpl.java:434)
	at io.netty.buffer.PooledByteBuf.setBytes(PooledByteBuf.java:256)
	at io.netty.buffer.AbstractByteBuf.writeBytes(AbstractByteBuf.java:1132)
	at io.netty.channel.socket.nio.NioSocketChannel.doReadBytes(NioSocketChannel.java:357)
	at io.netty.channel.nio.AbstractNioByteChannel$NioByteUnsafe.read(AbstractNioByteChannel.java:151)
	at io.netty.channel.nio.NioEventLoop.processSelectedKey(NioEventLoop.java:788)
	at io.netty.channel.nio.NioEventLoop.processSelectedKeysOptimized(NioEventLoop.java:724)
	at io.netty.channel.nio.NioEventLoop.processSelectedKeys(NioEventLoop.java:650)
	at io.netty.channel.nio.NioEventLoop.run(NioEventLoop.java:562)
	at io.netty.util.concurrent.SingleThreadEventExecutor$4.run(SingleThreadEventExecutor.java:997)
	at io.netty.util.internal.ThreadExecutorMap$2.run(ThreadExecutorMap.java:74)
	at io.netty.util.concurrent.FastThreadLocalRunnable.run(FastThreadLocalRunnable.java:30)
	at java.base/java.lang.Thread.run(Thread.java:1623)
2023-05-10 02:27:27,577 INFO [Thread-2] c.c.s.d.CloseDriverCommand [CloseDriverCommand.java:40] Closed webdriver 59 in 209 ms
2023-05-10 02:27:27,577 INFO [Thread-2] c.c.s.d.DisposablesRegistry [DisposablesRegistry.java:68] Finished cleanup
2023-05-10 02:27:59,736 INFO [main] c.c.s.i.WebDriverThreadLocalContainer [WebDriverThreadLocalContainer.java:154] No webdriver is bound to current thread: 1 - let's create a new webdriver
2023-05-10 02:27:59,768 INFO [main] c.c.selenide.impl.FileHelper [FileHelper.java:46] Creating folder: C:\Users\alaae\IdeaProjects\LTUTest\target\downloads\1683678479757_25272_1
2023-05-10 02:28:00,136 INFO [main] i.g.bonigarcia.wdm.WebDriverManager [WebDriverManager.java:1238] Using chromedriver 113.0.5672.63 (resolved driver for Chrome 113)
2023-05-10 02:28:00,186 INFO [main] i.g.bonigarcia.wdm.WebDriverManager [WebDriverManager.java:1291] Exporting webdriver.chrome.driver as C:\Users\alaae\.cache\selenium\chromedriver\win32\113.0.5672.63\chromedriver.exe
2023-05-10 02:28:00,262 INFO [main] c.c.s.w.SelenideNettyClientFactory [SelenideNettyClientFactory.java:25] Changed readTimeout from PT3M to PT1M30S
2023-05-10 02:28:01,378 INFO [main] c.c.s.w.SelenideNettyClientFactory [SelenideNettyClientFactory.java:25] Changed readTimeout from PT3M to PT1M30S
2023-05-10 02:28:01,386 INFO [main] c.c.s.w.SelenideNettyClientFactory [SelenideNettyClientFactory.java:25] Changed readTimeout from PT3M to PT1M30S
2023-05-10 02:28:01,437 INFO [main] c.c.s.webdriver.WebDriverFactory [WebDriverFactory.java:148] BrowserName=chrome Version=113.0.5672.93 Platform=WINDOWS
2023-05-10 02:28:01,437 INFO [main] c.c.s.webdriver.WebDriverFactory [WebDriverFactory.java:75] Selenide v. 6.13.0
2023-05-10 02:28:01,438 INFO [main] c.c.s.webdriver.WebDriverFactory [WebDriverFactory.java:142] Selenium WebDriver v. 4.8.3 build revision: e5e76298c3
2023-05-10 02:28:01,438 INFO [main] c.c.s.d.CreateDriverCommand [CreateDriverCommand.java:78] Created webdriver in thread 1: ChromeDriver -> ChromeDriver: chrome on WINDOWS (fc25ec37f69249f8906f60ccf50a2e68)
2023-05-10 02:28:01,439 INFO [main] c.c.s.d.DisposablesRegistry [DisposablesRegistry.java:30] Register WebDriverInstance[config=StaticConfig,webDriver=ChromeDriver: chrome on WINDOWS (fc25ec37f69249f8906f60ccf50a2e68),proxy=null,downloadsFolder=C:\Users\alaae\IdeaProjects\LTUTest\target\downloads\1683678479757_25272_1] in 1 [size=1]
2023-05-10 02:28:01,440 INFO [main] c.c.s.d.DisposablesRegistry [DisposablesRegistry.java:32] Add shutdown hook in 1 [size=1]
2023-05-10 02:28:05,747 INFO [main] org.example.ltuTest [ltuTest.java:281] Clicked on Certificates element
2023-05-10 02:28:06,756 INFO [main] org.example.ltuTest [ltuTest.java:292] Clicked on Ladok login button
2023-05-10 02:28:07,267 INFO [main] org.example.ltuTest [ltuTest.java:301] Entered search query: LTU
2023-05-10 02:28:09,816 INFO [main] org.example.ltuTest [ltuTest.java:310] Clicked on first search result
2023-05-10 02:28:11,208 INFO [main] org.example.ltuTest [ltuTest.java:323] 
2023-05-10 02:28:12,208 INFO [main] org.example.ltuTest [ltuTest.java:338] Clicked on Transcript
2023-05-10 02:28:22,217 ERROR [main] org.example.ltuTest [ltuTest.java:358] Failed to rename downloaded file: C:\Users\alaae\IdeaProjects\LTUTest\target\downloads\Transcript
2023-05-10 02:28:22,224 INFO [Thread-2] c.c.s.d.DisposablesRegistry [DisposablesRegistry.java:66] Run cleanup: size=1
2023-05-10 02:28:22,225 INFO [Thread-2] c.c.s.d.CloseDriverCommand [CloseDriverCommand.java:38] Close webdriver: 59 -> ChromeDriver: chrome on WINDOWS (fc25ec37f69249f8906f60ccf50a2e68)...
2023-05-10 02:28:22,254 WARN [AsyncHttpClient-1-4] o.a.netty.handler.WebSocketHandler [WebSocketHandler.java:142] onError
java.net.SocketException: Connection reset
	at java.base/sun.nio.ch.SocketChannelImpl.throwConnectionReset(SocketChannelImpl.java:401)
	at java.base/sun.nio.ch.SocketChannelImpl.read(SocketChannelImpl.java:434)
	at io.netty.buffer.PooledByteBuf.setBytes(PooledByteBuf.java:256)
	at io.netty.buffer.AbstractByteBuf.writeBytes(AbstractByteBuf.java:1132)
	at io.netty.channel.socket.nio.NioSocketChannel.doReadBytes(NioSocketChannel.java:357)
	at io.netty.channel.nio.AbstractNioByteChannel$NioByteUnsafe.read(AbstractNioByteChannel.java:151)
	at io.netty.channel.nio.NioEventLoop.processSelectedKey(NioEventLoop.java:788)
	at io.netty.channel.nio.NioEventLoop.processSelectedKeysOptimized(NioEventLoop.java:724)
	at io.netty.channel.nio.NioEventLoop.processSelectedKeys(NioEventLoop.java:650)
	at io.netty.channel.nio.NioEventLoop.run(NioEventLoop.java:562)
	at io.netty.util.concurrent.SingleThreadEventExecutor$4.run(SingleThreadEventExecutor.java:997)
	at io.netty.util.internal.ThreadExecutorMap$2.run(ThreadExecutorMap.java:74)
	at io.netty.util.concurrent.FastThreadLocalRunnable.run(FastThreadLocalRunnable.java:30)
	at java.base/java.lang.Thread.run(Thread.java:1623)
2023-05-10 02:28:22,403 INFO [Thread-2] c.c.s.d.CloseDriverCommand [CloseDriverCommand.java:40] Closed webdriver 59 in 178 ms
2023-05-10 02:28:22,403 INFO [Thread-2] c.c.s.d.DisposablesRegistry [DisposablesRegistry.java:68] Finished cleanup
2023-05-10 02:31:53,192 INFO [main] c.c.s.i.WebDriverThreadLocalContainer [WebDriverThreadLocalContainer.java:154] No webdriver is bound to current thread: 1 - let's create a new webdriver
2023-05-10 02:31:53,227 INFO [main] c.c.selenide.impl.FileHelper [FileHelper.java:46] Creating folder: C:\Users\alaae\IdeaProjects\LTUTest\target\downloads\1683678713215_22600_1
2023-05-10 02:31:53,632 INFO [main] i.g.bonigarcia.wdm.WebDriverManager [WebDriverManager.java:1238] Using chromedriver 113.0.5672.63 (resolved driver for Chrome 113)
2023-05-10 02:31:53,692 INFO [main] i.g.bonigarcia.wdm.WebDriverManager [WebDriverManager.java:1291] Exporting webdriver.chrome.driver as C:\Users\alaae\.cache\selenium\chromedriver\win32\113.0.5672.63\chromedriver.exe
2023-05-10 02:31:53,777 INFO [main] c.c.s.w.SelenideNettyClientFactory [SelenideNettyClientFactory.java:25] Changed readTimeout from PT3M to PT1M30S
2023-05-10 02:31:55,035 INFO [main] c.c.s.w.SelenideNettyClientFactory [SelenideNettyClientFactory.java:25] Changed readTimeout from PT3M to PT1M30S
2023-05-10 02:31:55,048 INFO [main] c.c.s.w.SelenideNettyClientFactory [SelenideNettyClientFactory.java:25] Changed readTimeout from PT3M to PT1M30S
2023-05-10 02:31:55,132 INFO [main] c.c.s.webdriver.WebDriverFactory [WebDriverFactory.java:148] BrowserName=chrome Version=113.0.5672.93 Platform=WINDOWS
2023-05-10 02:31:55,133 INFO [main] c.c.s.webdriver.WebDriverFactory [WebDriverFactory.java:75] Selenide v. 6.13.0
2023-05-10 02:31:55,133 INFO [main] c.c.s.webdriver.WebDriverFactory [WebDriverFactory.java:142] Selenium WebDriver v. 4.8.3 build revision: e5e76298c3
2023-05-10 02:31:55,133 INFO [main] c.c.s.d.CreateDriverCommand [CreateDriverCommand.java:78] Created webdriver in thread 1: ChromeDriver -> ChromeDriver: chrome on WINDOWS (075758f01dca4dd53401dc4936ec91da)
2023-05-10 02:31:55,135 INFO [main] c.c.s.d.DisposablesRegistry [DisposablesRegistry.java:30] Register WebDriverInstance[config=StaticConfig,webDriver=ChromeDriver: chrome on WINDOWS (075758f01dca4dd53401dc4936ec91da),proxy=null,downloadsFolder=C:\Users\alaae\IdeaProjects\LTUTest\target\downloads\1683678713215_22600_1] in 1 [size=1]
2023-05-10 02:31:55,135 INFO [main] c.c.s.d.DisposablesRegistry [DisposablesRegistry.java:32] Add shutdown hook in 1 [size=1]
2023-05-10 02:31:59,620 INFO [main] org.example.ltuTest [ltuTest.java:281] Clicked on Certificates element
2023-05-10 02:32:01,460 INFO [main] org.example.ltuTest [ltuTest.java:292] Clicked on Ladok login button
2023-05-10 02:32:01,908 INFO [main] org.example.ltuTest [ltuTest.java:301] Entered search query: LTU
2023-05-10 02:32:04,415 INFO [main] org.example.ltuTest [ltuTest.java:310] Clicked on first search result
2023-05-10 02:32:04,708 INFO [main] org.example.ltuTest [ltuTest.java:323] 
2023-05-10 02:32:05,502 INFO [main] org.example.ltuTest [ltuTest.java:341] Clicked on Transcript
2023-05-10 02:32:15,507 INFO [main] org.example.ltuTest [ltuTest.java:360] Downloaded Transcript successfully
2023-05-10 02:32:15,582 INFO [Thread-2] c.c.s.d.DisposablesRegistry [DisposablesRegistry.java:66] Run cleanup: size=1
2023-05-10 02:32:15,582 INFO [Thread-2] c.c.s.d.CloseDriverCommand [CloseDriverCommand.java:38] Close webdriver: 59 -> ChromeDriver: chrome on WINDOWS (075758f01dca4dd53401dc4936ec91da)...
2023-05-10 02:32:15,620 WARN [AsyncHttpClient-1-4] o.a.netty.handler.WebSocketHandler [WebSocketHandler.java:142] onError
java.net.SocketException: Connection reset
	at java.base/sun.nio.ch.SocketChannelImpl.throwConnectionReset(SocketChannelImpl.java:401)
	at java.base/sun.nio.ch.SocketChannelImpl.read(SocketChannelImpl.java:434)
	at io.netty.buffer.PooledByteBuf.setBytes(PooledByteBuf.java:256)
	at io.netty.buffer.AbstractByteBuf.writeBytes(AbstractByteBuf.java:1132)
	at io.netty.channel.socket.nio.NioSocketChannel.doReadBytes(NioSocketChannel.java:357)
	at io.netty.channel.nio.AbstractNioByteChannel$NioByteUnsafe.read(AbstractNioByteChannel.java:151)
	at io.netty.channel.nio.NioEventLoop.processSelectedKey(NioEventLoop.java:788)
	at io.netty.channel.nio.NioEventLoop.processSelectedKeysOptimized(NioEventLoop.java:724)
	at io.netty.channel.nio.NioEventLoop.processSelectedKeys(NioEventLoop.java:650)
	at io.netty.channel.nio.NioEventLoop.run(NioEventLoop.java:562)
	at io.netty.util.concurrent.SingleThreadEventExecutor$4.run(SingleThreadEventExecutor.java:997)
	at io.netty.util.internal.ThreadExecutorMap$2.run(ThreadExecutorMap.java:74)
	at io.netty.util.concurrent.FastThreadLocalRunnable.run(FastThreadLocalRunnable.java:30)
	at java.base/java.lang.Thread.run(Thread.java:1623)
2023-05-10 02:32:15,830 INFO [Thread-2] c.c.s.d.CloseDriverCommand [CloseDriverCommand.java:40] Closed webdriver 59 in 248 ms
2023-05-10 02:32:15,830 INFO [Thread-2] c.c.s.d.DisposablesRegistry [DisposablesRegistry.java:68] Finished cleanup
2023-05-10 02:32:40,088 INFO [main] c.c.s.i.WebDriverThreadLocalContainer [WebDriverThreadLocalContainer.java:154] No webdriver is bound to current thread: 1 - let's create a new webdriver
2023-05-10 02:32:40,118 INFO [main] c.c.selenide.impl.FileHelper [FileHelper.java:46] Creating folder: C:\Users\alaae\IdeaProjects\LTUTest\target\downloads\1683678760107_12616_1
2023-05-10 02:32:40,458 INFO [main] i.g.bonigarcia.wdm.WebDriverManager [WebDriverManager.java:1238] Using chromedriver 113.0.5672.63 (resolved driver for Chrome 113)
2023-05-10 02:32:40,504 INFO [main] i.g.bonigarcia.wdm.WebDriverManager [WebDriverManager.java:1291] Exporting webdriver.chrome.driver as C:\Users\alaae\.cache\selenium\chromedriver\win32\113.0.5672.63\chromedriver.exe
2023-05-10 02:32:40,572 INFO [main] c.c.s.w.SelenideNettyClientFactory [SelenideNettyClientFactory.java:25] Changed readTimeout from PT3M to PT1M30S
2023-05-10 02:32:41,674 INFO [main] c.c.s.w.SelenideNettyClientFactory [SelenideNettyClientFactory.java:25] Changed readTimeout from PT3M to PT1M30S
2023-05-10 02:32:41,681 INFO [main] c.c.s.w.SelenideNettyClientFactory [SelenideNettyClientFactory.java:25] Changed readTimeout from PT3M to PT1M30S
2023-05-10 02:32:41,726 INFO [main] c.c.s.webdriver.WebDriverFactory [WebDriverFactory.java:148] BrowserName=chrome Version=113.0.5672.93 Platform=WINDOWS
2023-05-10 02:32:41,726 INFO [main] c.c.s.webdriver.WebDriverFactory [WebDriverFactory.java:75] Selenide v. 6.13.0
2023-05-10 02:32:41,726 INFO [main] c.c.s.webdriver.WebDriverFactory [WebDriverFactory.java:142] Selenium WebDriver v. 4.8.3 build revision: e5e76298c3
2023-05-10 02:32:41,727 INFO [main] c.c.s.d.CreateDriverCommand [CreateDriverCommand.java:78] Created webdriver in thread 1: ChromeDriver -> ChromeDriver: chrome on WINDOWS (7a949ae68353acc30b14cc83cbe7e996)
2023-05-10 02:32:41,728 INFO [main] c.c.s.d.DisposablesRegistry [DisposablesRegistry.java:30] Register WebDriverInstance[config=StaticConfig,webDriver=ChromeDriver: chrome on WINDOWS (7a949ae68353acc30b14cc83cbe7e996),proxy=null,downloadsFolder=C:\Users\alaae\IdeaProjects\LTUTest\target\downloads\1683678760107_12616_1] in 1 [size=1]
2023-05-10 02:32:41,728 INFO [main] c.c.s.d.DisposablesRegistry [DisposablesRegistry.java:32] Add shutdown hook in 1 [size=1]
2023-05-10 02:32:49,926 INFO [main] org.example.ltuTest [ltuTest.java:281] Clicked on Certificates element
2023-05-10 02:32:50,990 INFO [main] org.example.ltuTest [ltuTest.java:292] Clicked on Ladok login button
2023-05-10 02:32:51,425 INFO [main] org.example.ltuTest [ltuTest.java:301] Entered search query: LTU
2023-05-10 02:32:53,931 INFO [main] org.example.ltuTest [ltuTest.java:310] Clicked on first search result
2023-05-10 02:32:54,148 INFO [main] org.example.ltuTest [ltuTest.java:323] 
2023-05-10 02:32:54,470 INFO [main] org.example.ltuTest [ltuTest.java:341] Clicked on Transcript
2023-05-10 02:33:04,487 INFO [main] org.example.ltuTest [ltuTest.java:357] File with name Transcript already exists in the download folder
2023-05-10 02:33:04,561 INFO [Thread-2] c.c.s.d.DisposablesRegistry [DisposablesRegistry.java:66] Run cleanup: size=1
2023-05-10 02:33:04,562 INFO [Thread-2] c.c.s.d.CloseDriverCommand [CloseDriverCommand.java:38] Close webdriver: 59 -> ChromeDriver: chrome on WINDOWS (7a949ae68353acc30b14cc83cbe7e996)...
2023-05-10 02:33:04,751 INFO [Thread-2] c.c.s.d.CloseDriverCommand [CloseDriverCommand.java:40] Closed webdriver 59 in 189 ms
2023-05-10 02:33:04,751 INFO [Thread-2] c.c.s.d.DisposablesRegistry [DisposablesRegistry.java:68] Finished cleanup
2023-05-10 02:33:31,239 INFO [main] c.c.s.i.WebDriverThreadLocalContainer [WebDriverThreadLocalContainer.java:154] No webdriver is bound to current thread: 1 - let's create a new webdriver
2023-05-10 02:33:31,268 INFO [main] c.c.selenide.impl.FileHelper [FileHelper.java:46] Creating folder: C:\Users\alaae\IdeaProjects\LTUTest\target\downloads\1683678811258_23820_1
2023-05-10 02:33:31,616 INFO [main] i.g.bonigarcia.wdm.WebDriverManager [WebDriverManager.java:1238] Using chromedriver 113.0.5672.63 (resolved driver for Chrome 113)
2023-05-10 02:33:31,667 INFO [main] i.g.bonigarcia.wdm.WebDriverManager [WebDriverManager.java:1291] Exporting webdriver.chrome.driver as C:\Users\alaae\.cache\selenium\chromedriver\win32\113.0.5672.63\chromedriver.exe
2023-05-10 02:33:31,743 INFO [main] c.c.s.w.SelenideNettyClientFactory [SelenideNettyClientFactory.java:25] Changed readTimeout from PT3M to PT1M30S
2023-05-10 02:33:32,852 INFO [main] c.c.s.w.SelenideNettyClientFactory [SelenideNettyClientFactory.java:25] Changed readTimeout from PT3M to PT1M30S
2023-05-10 02:33:32,860 INFO [main] c.c.s.w.SelenideNettyClientFactory [SelenideNettyClientFactory.java:25] Changed readTimeout from PT3M to PT1M30S
2023-05-10 02:33:32,908 INFO [main] c.c.s.webdriver.WebDriverFactory [WebDriverFactory.java:148] BrowserName=chrome Version=113.0.5672.93 Platform=WINDOWS
2023-05-10 02:33:32,908 INFO [main] c.c.s.webdriver.WebDriverFactory [WebDriverFactory.java:75] Selenide v. 6.13.0
2023-05-10 02:33:32,908 INFO [main] c.c.s.webdriver.WebDriverFactory [WebDriverFactory.java:142] Selenium WebDriver v. 4.8.3 build revision: e5e76298c3
2023-05-10 02:33:32,908 INFO [main] c.c.s.d.CreateDriverCommand [CreateDriverCommand.java:78] Created webdriver in thread 1: ChromeDriver -> ChromeDriver: chrome on WINDOWS (dfe2338f83617e2836fcab37f54db094)
2023-05-10 02:33:32,910 INFO [main] c.c.s.d.DisposablesRegistry [DisposablesRegistry.java:30] Register WebDriverInstance[config=StaticConfig,webDriver=ChromeDriver: chrome on WINDOWS (dfe2338f83617e2836fcab37f54db094),proxy=null,downloadsFolder=C:\Users\alaae\IdeaProjects\LTUTest\target\downloads\1683678811258_23820_1] in 1 [size=1]
2023-05-10 02:33:32,910 INFO [main] c.c.s.d.DisposablesRegistry [DisposablesRegistry.java:32] Add shutdown hook in 1 [size=1]
2023-05-10 02:33:41,963 INFO [main] org.example.ltuTest [ltuTest.java:281] Clicked on Certificates element
2023-05-10 02:33:43,019 INFO [main] org.example.ltuTest [ltuTest.java:292] Clicked on Ladok login button
2023-05-10 02:33:43,441 INFO [main] org.example.ltuTest [ltuTest.java:301] Entered search query: LTU
2023-05-10 02:33:45,954 INFO [main] org.example.ltuTest [ltuTest.java:310] Clicked on first search result
2023-05-10 02:33:46,184 INFO [main] org.example.ltuTest [ltuTest.java:323] 
2023-05-10 02:33:46,533 INFO [main] org.example.ltuTest [ltuTest.java:341] Clicked on Transcript
2023-05-10 02:33:56,540 INFO [main] org.example.ltuTest [ltuTest.java:360] Downloaded Transcript successfully
2023-05-10 02:33:56,612 INFO [Thread-2] c.c.s.d.DisposablesRegistry [DisposablesRegistry.java:66] Run cleanup: size=1
2023-05-10 02:33:56,613 INFO [Thread-2] c.c.s.d.CloseDriverCommand [CloseDriverCommand.java:38] Close webdriver: 59 -> ChromeDriver: chrome on WINDOWS (dfe2338f83617e2836fcab37f54db094)...
2023-05-10 02:33:56,800 INFO [Thread-2] c.c.s.d.CloseDriverCommand [CloseDriverCommand.java:40] Closed webdriver 59 in 187 ms
2023-05-10 02:33:56,800 INFO [Thread-2] c.c.s.d.DisposablesRegistry [DisposablesRegistry.java:68] Finished cleanup
2023-05-10 02:34:11,323 INFO [main] c.c.s.i.WebDriverThreadLocalContainer [WebDriverThreadLocalContainer.java:154] No webdriver is bound to current thread: 1 - let's create a new webdriver
2023-05-10 02:34:11,354 INFO [main] c.c.selenide.impl.FileHelper [FileHelper.java:46] Creating folder: C:\Users\alaae\IdeaProjects\LTUTest\target\downloads\1683678851343_33072_1
2023-05-10 02:34:11,703 INFO [main] i.g.bonigarcia.wdm.WebDriverManager [WebDriverManager.java:1238] Using chromedriver 113.0.5672.63 (resolved driver for Chrome 113)
2023-05-10 02:34:11,753 INFO [main] i.g.bonigarcia.wdm.WebDriverManager [WebDriverManager.java:1291] Exporting webdriver.chrome.driver as C:\Users\alaae\.cache\selenium\chromedriver\win32\113.0.5672.63\chromedriver.exe
2023-05-10 02:34:11,819 INFO [main] c.c.s.w.SelenideNettyClientFactory [SelenideNettyClientFactory.java:25] Changed readTimeout from PT3M to PT1M30S
2023-05-10 02:34:12,910 INFO [main] c.c.s.w.SelenideNettyClientFactory [SelenideNettyClientFactory.java:25] Changed readTimeout from PT3M to PT1M30S
2023-05-10 02:34:12,917 INFO [main] c.c.s.w.SelenideNettyClientFactory [SelenideNettyClientFactory.java:25] Changed readTimeout from PT3M to PT1M30S
2023-05-10 02:34:12,966 INFO [main] c.c.s.webdriver.WebDriverFactory [WebDriverFactory.java:148] BrowserName=chrome Version=113.0.5672.93 Platform=WINDOWS
2023-05-10 02:34:12,967 INFO [main] c.c.s.webdriver.WebDriverFactory [WebDriverFactory.java:75] Selenide v. 6.13.0
2023-05-10 02:34:12,967 INFO [main] c.c.s.webdriver.WebDriverFactory [WebDriverFactory.java:142] Selenium WebDriver v. 4.8.3 build revision: e5e76298c3
2023-05-10 02:34:12,967 INFO [main] c.c.s.d.CreateDriverCommand [CreateDriverCommand.java:78] Created webdriver in thread 1: ChromeDriver -> ChromeDriver: chrome on WINDOWS (c0ec79c91438e08b51ea137ea0ddec5b)
2023-05-10 02:34:12,969 INFO [main] c.c.s.d.DisposablesRegistry [DisposablesRegistry.java:30] Register WebDriverInstance[config=StaticConfig,webDriver=ChromeDriver: chrome on WINDOWS (c0ec79c91438e08b51ea137ea0ddec5b),proxy=null,downloadsFolder=C:\Users\alaae\IdeaProjects\LTUTest\target\downloads\1683678851343_33072_1] in 1 [size=1]
2023-05-10 02:34:12,969 INFO [main] c.c.s.d.DisposablesRegistry [DisposablesRegistry.java:32] Add shutdown hook in 1 [size=1]
2023-05-10 02:34:21,148 INFO [main] org.example.ltuTest [ltuTest.java:281] Clicked on Certificates element
2023-05-10 02:34:22,214 INFO [main] org.example.ltuTest [ltuTest.java:292] Clicked on Ladok login button
2023-05-10 02:34:22,648 INFO [main] org.example.ltuTest [ltuTest.java:301] Entered search query: LTU
2023-05-10 02:34:25,152 INFO [main] org.example.ltuTest [ltuTest.java:310] Clicked on first search result
2023-05-10 02:34:25,365 INFO [main] org.example.ltuTest [ltuTest.java:323] 
2023-05-10 02:34:25,715 INFO [main] org.example.ltuTest [ltuTest.java:341] Clicked on Transcript
2023-05-10 02:34:35,723 INFO [main] org.example.ltuTest [ltuTest.java:357] File with name Transcript already exists in the download folder
2023-05-10 02:34:35,804 INFO [Thread-2] c.c.s.d.DisposablesRegistry [DisposablesRegistry.java:66] Run cleanup: size=1
2023-05-10 02:34:35,804 INFO [Thread-2] c.c.s.d.CloseDriverCommand [CloseDriverCommand.java:38] Close webdriver: 59 -> ChromeDriver: chrome on WINDOWS (c0ec79c91438e08b51ea137ea0ddec5b)...
2023-05-10 02:34:35,987 INFO [Thread-2] c.c.s.d.CloseDriverCommand [CloseDriverCommand.java:40] Closed webdriver 59 in 183 ms
2023-05-10 02:34:35,987 INFO [Thread-2] c.c.s.d.DisposablesRegistry [DisposablesRegistry.java:68] Finished cleanup
2023-05-10 02:37:58,052 INFO [main] c.c.s.i.WebDriverThreadLocalContainer [WebDriverThreadLocalContainer.java:154] No webdriver is bound to current thread: 1 - let's create a new webdriver
2023-05-10 02:37:58,083 INFO [main] c.c.selenide.impl.FileHelper [FileHelper.java:46] Creating folder: C:\Users\alaae\IdeaProjects\LTUTest\target\downloads\1683679078071_33004_1
2023-05-10 02:37:58,432 INFO [main] i.g.bonigarcia.wdm.WebDriverManager [WebDriverManager.java:1238] Using chromedriver 113.0.5672.63 (resolved driver for Chrome 113)
2023-05-10 02:37:58,479 INFO [main] i.g.bonigarcia.wdm.WebDriverManager [WebDriverManager.java:1291] Exporting webdriver.chrome.driver as C:\Users\alaae\.cache\selenium\chromedriver\win32\113.0.5672.63\chromedriver.exe
2023-05-10 02:37:58,556 INFO [main] c.c.s.w.SelenideNettyClientFactory [SelenideNettyClientFactory.java:25] Changed readTimeout from PT3M to PT1M30S
2023-05-10 02:37:59,606 INFO [main] c.c.s.w.SelenideNettyClientFactory [SelenideNettyClientFactory.java:25] Changed readTimeout from PT3M to PT1M30S
2023-05-10 02:37:59,614 INFO [main] c.c.s.w.SelenideNettyClientFactory [SelenideNettyClientFactory.java:25] Changed readTimeout from PT3M to PT1M30S
2023-05-10 02:37:59,666 INFO [main] c.c.s.webdriver.WebDriverFactory [WebDriverFactory.java:148] BrowserName=chrome Version=113.0.5672.93 Platform=WINDOWS
2023-05-10 02:37:59,666 INFO [main] c.c.s.webdriver.WebDriverFactory [WebDriverFactory.java:75] Selenide v. 6.13.0
2023-05-10 02:37:59,666 INFO [main] c.c.s.webdriver.WebDriverFactory [WebDriverFactory.java:142] Selenium WebDriver v. 4.8.3 build revision: e5e76298c3
2023-05-10 02:37:59,666 INFO [main] c.c.s.d.CreateDriverCommand [CreateDriverCommand.java:78] Created webdriver in thread 1: ChromeDriver -> ChromeDriver: chrome on WINDOWS (59eb802cd11da2dec3264a1e3489373a)
2023-05-10 02:37:59,668 INFO [main] c.c.s.d.DisposablesRegistry [DisposablesRegistry.java:30] Register WebDriverInstance[config=StaticConfig,webDriver=ChromeDriver: chrome on WINDOWS (59eb802cd11da2dec3264a1e3489373a),proxy=null,downloadsFolder=C:\Users\alaae\IdeaProjects\LTUTest\target\downloads\1683679078071_33004_1] in 1 [size=1]
2023-05-10 02:37:59,668 INFO [main] c.c.s.d.DisposablesRegistry [DisposablesRegistry.java:32] Add shutdown hook in 1 [size=1]
2023-05-10 02:38:04,141 INFO [main] org.example.ltuTest [ltuTest.java:282] Clicked on Certificates element
2023-05-10 02:38:05,111 INFO [main] org.example.ltuTest [ltuTest.java:293] Clicked on Ladok login button
2023-05-10 02:38:05,537 INFO [main] org.example.ltuTest [ltuTest.java:302] Entered search query: LTU
2023-05-10 02:38:08,050 INFO [main] org.example.ltuTest [ltuTest.java:311] Clicked on first search result
2023-05-10 02:38:08,277 INFO [main] org.example.ltuTest [ltuTest.java:324] 
2023-05-10 02:38:08,608 INFO [main] org.example.ltuTest [ltuTest.java:345] Clicked on Transcript
2023-05-10 02:38:18,613 INFO [main] org.example.ltuTest [ltuTest.java:354] Deleted existing Transcript folder
2023-05-10 02:38:18,616 ERROR [main] org.example.ltuTest [ltuTest.java:373] Failed to download Transcript: C:\Users\alaae\IdeaProjects\LTUTest\target\downloads\Transcript -> C:\Users\alaae\IdeaProjects\LTUTest\target\downloads\Transcript\Transcript.pdf: The parameter is incorrect
2023-05-10 02:38:18,691 INFO [Thread-2] c.c.s.d.DisposablesRegistry [DisposablesRegistry.java:66] Run cleanup: size=1
2023-05-10 02:38:18,691 INFO [Thread-2] c.c.s.d.CloseDriverCommand [CloseDriverCommand.java:38] Close webdriver: 59 -> ChromeDriver: chrome on WINDOWS (59eb802cd11da2dec3264a1e3489373a)...
2023-05-10 02:38:18,919 INFO [Thread-2] c.c.s.d.CloseDriverCommand [CloseDriverCommand.java:40] Closed webdriver 59 in 228 ms
2023-05-10 02:38:18,919 INFO [Thread-2] c.c.s.d.DisposablesRegistry [DisposablesRegistry.java:68] Finished cleanup
2023-05-10 02:40:56,201 INFO [main] c.c.s.i.WebDriverThreadLocalContainer [WebDriverThreadLocalContainer.java:154] No webdriver is bound to current thread: 1 - let's create a new webdriver
2023-05-10 02:40:56,232 INFO [main] c.c.selenide.impl.FileHelper [FileHelper.java:46] Creating folder: C:\Users\alaae\IdeaProjects\LTUTest\target\downloads\1683679256222_17884_1
2023-05-10 02:40:56,580 INFO [main] i.g.bonigarcia.wdm.WebDriverManager [WebDriverManager.java:1238] Using chromedriver 113.0.5672.63 (resolved driver for Chrome 113)
2023-05-10 02:40:56,622 INFO [main] i.g.bonigarcia.wdm.WebDriverManager [WebDriverManager.java:1291] Exporting webdriver.chrome.driver as C:\Users\alaae\.cache\selenium\chromedriver\win32\113.0.5672.63\chromedriver.exe
2023-05-10 02:40:56,682 INFO [main] c.c.s.w.SelenideNettyClientFactory [SelenideNettyClientFactory.java:25] Changed readTimeout from PT3M to PT1M30S
2023-05-10 02:40:57,833 INFO [main] c.c.s.w.SelenideNettyClientFactory [SelenideNettyClientFactory.java:25] Changed readTimeout from PT3M to PT1M30S
2023-05-10 02:40:57,840 INFO [main] c.c.s.w.SelenideNettyClientFactory [SelenideNettyClientFactory.java:25] Changed readTimeout from PT3M to PT1M30S
2023-05-10 02:40:57,890 INFO [main] c.c.s.webdriver.WebDriverFactory [WebDriverFactory.java:148] BrowserName=chrome Version=113.0.5672.93 Platform=WINDOWS
2023-05-10 02:40:57,891 INFO [main] c.c.s.webdriver.WebDriverFactory [WebDriverFactory.java:75] Selenide v. 6.13.0
2023-05-10 02:40:57,891 INFO [main] c.c.s.webdriver.WebDriverFactory [WebDriverFactory.java:142] Selenium WebDriver v. 4.8.3 build revision: e5e76298c3
2023-05-10 02:40:57,891 INFO [main] c.c.s.d.CreateDriverCommand [CreateDriverCommand.java:78] Created webdriver in thread 1: ChromeDriver -> ChromeDriver: chrome on WINDOWS (13dd9326748fdee06d44745fa5b0fda7)
2023-05-10 02:40:57,892 INFO [main] c.c.s.d.DisposablesRegistry [DisposablesRegistry.java:30] Register WebDriverInstance[config=StaticConfig,webDriver=ChromeDriver: chrome on WINDOWS (13dd9326748fdee06d44745fa5b0fda7),proxy=null,downloadsFolder=C:\Users\alaae\IdeaProjects\LTUTest\target\downloads\1683679256222_17884_1] in 1 [size=1]
2023-05-10 02:40:57,893 INFO [main] c.c.s.d.DisposablesRegistry [DisposablesRegistry.java:32] Add shutdown hook in 1 [size=1]
2023-05-10 02:41:02,198 INFO [main] org.example.ltuTest [ltuTest.java:281] Clicked on Certificates element
2023-05-10 02:41:04,013 INFO [main] org.example.ltuTest [ltuTest.java:292] Clicked on Ladok login button
2023-05-10 02:41:04,436 INFO [main] org.example.ltuTest [ltuTest.java:301] Entered search query: LTU
2023-05-10 02:41:06,950 INFO [main] org.example.ltuTest [ltuTest.java:310] Clicked on first search result
2023-05-10 02:41:07,130 INFO [main] org.example.ltuTest [ltuTest.java:323] 
2023-05-10 02:41:07,886 INFO [main] org.example.ltuTest [ltuTest.java:341] Clicked on Transcript
2023-05-10 02:41:17,893 INFO [main] org.example.ltuTest [ltuTest.java:357] File with name Transcript already exists in the download folder
2023-05-10 02:41:17,972 INFO [Thread-2] c.c.s.d.DisposablesRegistry [DisposablesRegistry.java:66] Run cleanup: size=1
2023-05-10 02:41:17,973 INFO [Thread-2] c.c.s.d.CloseDriverCommand [CloseDriverCommand.java:38] Close webdriver: 59 -> ChromeDriver: chrome on WINDOWS (13dd9326748fdee06d44745fa5b0fda7)...
2023-05-10 02:41:18,143 INFO [Thread-2] c.c.s.d.CloseDriverCommand [CloseDriverCommand.java:40] Closed webdriver 59 in 170 ms
2023-05-10 02:41:18,144 INFO [Thread-2] c.c.s.d.DisposablesRegistry [DisposablesRegistry.java:68] Finished cleanup
2023-05-10 02:49:50,108 INFO [main] c.c.s.i.WebDriverThreadLocalContainer [WebDriverThreadLocalContainer.java:154] No webdriver is bound to current thread: 1 - let's create a new webdriver
2023-05-10 02:49:50,138 INFO [main] c.c.selenide.impl.FileHelper [FileHelper.java:46] Creating folder: C:\Users\alaae\IdeaProjects\LTUTest\target\downloads\1683679790127_9880_1
2023-05-10 02:49:50,486 INFO [main] i.g.bonigarcia.wdm.WebDriverManager [WebDriverManager.java:1238] Using chromedriver 113.0.5672.63 (resolved driver for Chrome 113)
2023-05-10 02:49:50,536 INFO [main] i.g.bonigarcia.wdm.WebDriverManager [WebDriverManager.java:1291] Exporting webdriver.chrome.driver as C:\Users\alaae\.cache\selenium\chromedriver\win32\113.0.5672.63\chromedriver.exe
2023-05-10 02:49:50,619 INFO [main] c.c.s.w.SelenideNettyClientFactory [SelenideNettyClientFactory.java:25] Changed readTimeout from PT3M to PT1M30S
2023-05-10 02:49:51,721 INFO [main] c.c.s.w.SelenideNettyClientFactory [SelenideNettyClientFactory.java:25] Changed readTimeout from PT3M to PT1M30S
2023-05-10 02:49:51,729 INFO [main] c.c.s.w.SelenideNettyClientFactory [SelenideNettyClientFactory.java:25] Changed readTimeout from PT3M to PT1M30S
2023-05-10 02:49:51,778 INFO [main] c.c.s.webdriver.WebDriverFactory [WebDriverFactory.java:148] BrowserName=chrome Version=113.0.5672.93 Platform=WINDOWS
2023-05-10 02:49:51,778 INFO [main] c.c.s.webdriver.WebDriverFactory [WebDriverFactory.java:75] Selenide v. 6.13.0
2023-05-10 02:49:51,778 INFO [main] c.c.s.webdriver.WebDriverFactory [WebDriverFactory.java:142] Selenium WebDriver v. 4.8.3 build revision: e5e76298c3
2023-05-10 02:49:51,778 INFO [main] c.c.s.d.CreateDriverCommand [CreateDriverCommand.java:78] Created webdriver in thread 1: ChromeDriver -> ChromeDriver: chrome on WINDOWS (dc60f69899c984846214bdf1699a454b)
2023-05-10 02:49:51,780 INFO [main] c.c.s.d.DisposablesRegistry [DisposablesRegistry.java:30] Register WebDriverInstance[config=StaticConfig,webDriver=ChromeDriver: chrome on WINDOWS (dc60f69899c984846214bdf1699a454b),proxy=null,downloadsFolder=C:\Users\alaae\IdeaProjects\LTUTest\target\downloads\1683679790127_9880_1] in 1 [size=1]
2023-05-10 02:49:51,780 INFO [main] c.c.s.d.DisposablesRegistry [DisposablesRegistry.java:32] Add shutdown hook in 1 [size=1]
2023-05-10 02:49:58,303 INFO [main] org.example.ltuTest [ltuTest.java:281] Clicked on Certificates element
2023-05-10 02:49:59,272 INFO [main] org.example.ltuTest [ltuTest.java:292] Clicked on Ladok login button
2023-05-10 02:49:59,760 INFO [main] org.example.ltuTest [ltuTest.java:301] Entered search query: LTU
2023-05-10 02:50:02,296 INFO [main] org.example.ltuTest [ltuTest.java:310] Clicked on first search result
2023-05-10 02:50:02,459 INFO [main] org.example.ltuTest [ltuTest.java:323] 
2023-05-10 02:50:02,788 INFO [main] org.example.ltuTest [ltuTest.java:344] Clicked on Transcript
2023-05-10 02:50:12,793 INFO [main] org.example.ltuTest [ltuTest.java:363] Downloaded Transcript successfully
2023-05-10 02:50:12,868 INFO [Thread-2] c.c.s.d.DisposablesRegistry [DisposablesRegistry.java:66] Run cleanup: size=1
2023-05-10 02:50:12,868 INFO [Thread-2] c.c.s.d.CloseDriverCommand [CloseDriverCommand.java:38] Close webdriver: 59 -> ChromeDriver: chrome on WINDOWS (dc60f69899c984846214bdf1699a454b)...
2023-05-10 02:50:12,901 WARN [AsyncHttpClient-1-4] o.a.netty.handler.WebSocketHandler [WebSocketHandler.java:142] onError
java.net.SocketException: Connection reset
	at java.base/sun.nio.ch.SocketChannelImpl.throwConnectionReset(SocketChannelImpl.java:401)
	at java.base/sun.nio.ch.SocketChannelImpl.read(SocketChannelImpl.java:434)
	at io.netty.buffer.PooledByteBuf.setBytes(PooledByteBuf.java:256)
	at io.netty.buffer.AbstractByteBuf.writeBytes(AbstractByteBuf.java:1132)
	at io.netty.channel.socket.nio.NioSocketChannel.doReadBytes(NioSocketChannel.java:357)
	at io.netty.channel.nio.AbstractNioByteChannel$NioByteUnsafe.read(AbstractNioByteChannel.java:151)
	at io.netty.channel.nio.NioEventLoop.processSelectedKey(NioEventLoop.java:788)
	at io.netty.channel.nio.NioEventLoop.processSelectedKeysOptimized(NioEventLoop.java:724)
	at io.netty.channel.nio.NioEventLoop.processSelectedKeys(NioEventLoop.java:650)
	at io.netty.channel.nio.NioEventLoop.run(NioEventLoop.java:562)
	at io.netty.util.concurrent.SingleThreadEventExecutor$4.run(SingleThreadEventExecutor.java:997)
	at io.netty.util.internal.ThreadExecutorMap$2.run(ThreadExecutorMap.java:74)
	at io.netty.util.concurrent.FastThreadLocalRunnable.run(FastThreadLocalRunnable.java:30)
	at java.base/java.lang.Thread.run(Thread.java:1623)
2023-05-10 02:50:13,055 INFO [Thread-2] c.c.s.d.CloseDriverCommand [CloseDriverCommand.java:40] Closed webdriver 59 in 187 ms
2023-05-10 02:50:13,055 INFO [Thread-2] c.c.s.d.DisposablesRegistry [DisposablesRegistry.java:68] Finished cleanup
2023-05-10 02:50:39,081 INFO [main] c.c.s.i.WebDriverThreadLocalContainer [WebDriverThreadLocalContainer.java:154] No webdriver is bound to current thread: 1 - let's create a new webdriver
2023-05-10 02:50:39,122 INFO [main] c.c.selenide.impl.FileHelper [FileHelper.java:46] Creating folder: C:\Users\alaae\IdeaProjects\LTUTest\target\downloads\1683679839107_27368_1
2023-05-10 02:50:39,570 INFO [main] i.g.bonigarcia.wdm.WebDriverManager [WebDriverManager.java:1238] Using chromedriver 113.0.5672.63 (resolved driver for Chrome 113)
2023-05-10 02:50:39,619 INFO [main] i.g.bonigarcia.wdm.WebDriverManager [WebDriverManager.java:1291] Exporting webdriver.chrome.driver as C:\Users\alaae\.cache\selenium\chromedriver\win32\113.0.5672.63\chromedriver.exe
2023-05-10 02:50:39,699 INFO [main] c.c.s.w.SelenideNettyClientFactory [SelenideNettyClientFactory.java:25] Changed readTimeout from PT3M to PT1M30S
2023-05-10 02:50:40,868 INFO [main] c.c.s.w.SelenideNettyClientFactory [SelenideNettyClientFactory.java:25] Changed readTimeout from PT3M to PT1M30S
2023-05-10 02:50:40,877 INFO [main] c.c.s.w.SelenideNettyClientFactory [SelenideNettyClientFactory.java:25] Changed readTimeout from PT3M to PT1M30S
2023-05-10 02:50:40,935 INFO [main] c.c.s.webdriver.WebDriverFactory [WebDriverFactory.java:148] BrowserName=chrome Version=113.0.5672.93 Platform=WINDOWS
2023-05-10 02:50:40,935 INFO [main] c.c.s.webdriver.WebDriverFactory [WebDriverFactory.java:75] Selenide v. 6.13.0
2023-05-10 02:50:40,935 INFO [main] c.c.s.webdriver.WebDriverFactory [WebDriverFactory.java:142] Selenium WebDriver v. 4.8.3 build revision: e5e76298c3
2023-05-10 02:50:40,935 INFO [main] c.c.s.d.CreateDriverCommand [CreateDriverCommand.java:78] Created webdriver in thread 1: ChromeDriver -> ChromeDriver: chrome on WINDOWS (c544d60475313d7cc42f771162651e9c)
2023-05-10 02:50:40,937 INFO [main] c.c.s.d.DisposablesRegistry [DisposablesRegistry.java:30] Register WebDriverInstance[config=StaticConfig,webDriver=ChromeDriver: chrome on WINDOWS (c544d60475313d7cc42f771162651e9c),proxy=null,downloadsFolder=C:\Users\alaae\IdeaProjects\LTUTest\target\downloads\1683679839107_27368_1] in 1 [size=1]
2023-05-10 02:50:40,937 INFO [main] c.c.s.d.DisposablesRegistry [DisposablesRegistry.java:32] Add shutdown hook in 1 [size=1]
2023-05-10 02:50:46,252 INFO [main] org.example.ltuTest [ltuTest.java:281] Clicked on Certificates element
2023-05-10 02:50:49,404 INFO [main] org.example.ltuTest [ltuTest.java:292] Clicked on Ladok login button
2023-05-10 02:50:49,602 INFO [main] org.example.ltuTest [ltuTest.java:301] Entered search query: LTU
2023-05-10 02:50:52,121 INFO [main] org.example.ltuTest [ltuTest.java:310] Clicked on first search result
2023-05-10 02:50:52,375 INFO [main] org.example.ltuTest [ltuTest.java:323] 
2023-05-10 02:50:52,764 INFO [main] org.example.ltuTest [ltuTest.java:344] Clicked on Transcript
2023-05-10 02:51:02,775 INFO [main] org.example.ltuTest [ltuTest.java:363] Downloaded Transcript successfully
2023-05-10 02:51:02,858 INFO [Thread-2] c.c.s.d.DisposablesRegistry [DisposablesRegistry.java:66] Run cleanup: size=1
2023-05-10 02:51:02,860 INFO [Thread-2] c.c.s.d.CloseDriverCommand [CloseDriverCommand.java:38] Close webdriver: 59 -> ChromeDriver: chrome on WINDOWS (c544d60475313d7cc42f771162651e9c)...
2023-05-10 02:51:02,907 WARN [AsyncHttpClient-1-4] o.a.netty.handler.WebSocketHandler [WebSocketHandler.java:142] onError
java.net.SocketException: Connection reset
	at java.base/sun.nio.ch.SocketChannelImpl.throwConnectionReset(SocketChannelImpl.java:401)
	at java.base/sun.nio.ch.SocketChannelImpl.read(SocketChannelImpl.java:434)
	at io.netty.buffer.PooledByteBuf.setBytes(PooledByteBuf.java:256)
	at io.netty.buffer.AbstractByteBuf.writeBytes(AbstractByteBuf.java:1132)
	at io.netty.channel.socket.nio.NioSocketChannel.doReadBytes(NioSocketChannel.java:357)
	at io.netty.channel.nio.AbstractNioByteChannel$NioByteUnsafe.read(AbstractNioByteChannel.java:151)
	at io.netty.channel.nio.NioEventLoop.processSelectedKey(NioEventLoop.java:788)
	at io.netty.channel.nio.NioEventLoop.processSelectedKeysOptimized(NioEventLoop.java:724)
	at io.netty.channel.nio.NioEventLoop.processSelectedKeys(NioEventLoop.java:650)
	at io.netty.channel.nio.NioEventLoop.run(NioEventLoop.java:562)
	at io.netty.util.concurrent.SingleThreadEventExecutor$4.run(SingleThreadEventExecutor.java:997)
	at io.netty.util.internal.ThreadExecutorMap$2.run(ThreadExecutorMap.java:74)
	at io.netty.util.concurrent.FastThreadLocalRunnable.run(FastThreadLocalRunnable.java:30)
	at java.base/java.lang.Thread.run(Thread.java:1623)
2023-05-10 02:51:03,117 INFO [Thread-2] c.c.s.d.CloseDriverCommand [CloseDriverCommand.java:40] Closed webdriver 59 in 258 ms
2023-05-10 02:51:03,117 INFO [Thread-2] c.c.s.d.DisposablesRegistry [DisposablesRegistry.java:68] Finished cleanup
2023-05-10 02:51:41,054 INFO [main] c.c.s.i.WebDriverThreadLocalContainer [WebDriverThreadLocalContainer.java:154] No webdriver is bound to current thread: 1 - let's create a new webdriver
2023-05-10 02:51:41,088 INFO [main] c.c.selenide.impl.FileHelper [FileHelper.java:46] Creating folder: C:\Users\alaae\IdeaProjects\LTUTest\target\downloads\1683679901076_14352_1
2023-05-10 02:51:41,438 INFO [main] i.g.bonigarcia.wdm.WebDriverManager [WebDriverManager.java:1238] Using chromedriver 113.0.5672.63 (resolved driver for Chrome 113)
2023-05-10 02:51:41,483 INFO [main] i.g.bonigarcia.wdm.WebDriverManager [WebDriverManager.java:1291] Exporting webdriver.chrome.driver as C:\Users\alaae\.cache\selenium\chromedriver\win32\113.0.5672.63\chromedriver.exe
2023-05-10 02:51:41,547 INFO [main] c.c.s.w.SelenideNettyClientFactory [SelenideNettyClientFactory.java:25] Changed readTimeout from PT3M to PT1M30S
2023-05-10 02:51:42,699 INFO [main] c.c.s.w.SelenideNettyClientFactory [SelenideNettyClientFactory.java:25] Changed readTimeout from PT3M to PT1M30S
2023-05-10 02:51:42,707 INFO [main] c.c.s.w.SelenideNettyClientFactory [SelenideNettyClientFactory.java:25] Changed readTimeout from PT3M to PT1M30S
2023-05-10 02:51:42,754 INFO [main] c.c.s.webdriver.WebDriverFactory [WebDriverFactory.java:148] BrowserName=chrome Version=113.0.5672.93 Platform=WINDOWS
2023-05-10 02:51:42,754 INFO [main] c.c.s.webdriver.WebDriverFactory [WebDriverFactory.java:75] Selenide v. 6.13.0
2023-05-10 02:51:42,756 INFO [main] c.c.s.webdriver.WebDriverFactory [WebDriverFactory.java:142] Selenium WebDriver v. 4.8.3 build revision: e5e76298c3
2023-05-10 02:51:42,756 INFO [main] c.c.s.d.CreateDriverCommand [CreateDriverCommand.java:78] Created webdriver in thread 1: ChromeDriver -> ChromeDriver: chrome on WINDOWS (905d8945b22dc7bd08c7e4f27bd0e0dd)
2023-05-10 02:51:42,757 INFO [main] c.c.s.d.DisposablesRegistry [DisposablesRegistry.java:30] Register WebDriverInstance[config=StaticConfig,webDriver=ChromeDriver: chrome on WINDOWS (905d8945b22dc7bd08c7e4f27bd0e0dd),proxy=null,downloadsFolder=C:\Users\alaae\IdeaProjects\LTUTest\target\downloads\1683679901076_14352_1] in 1 [size=1]
2023-05-10 02:51:42,757 INFO [main] c.c.s.d.DisposablesRegistry [DisposablesRegistry.java:32] Add shutdown hook in 1 [size=1]
2023-05-10 02:51:48,438 INFO [main] org.example.ltuTest [ltuTest.java:281] Clicked on Certificates element
2023-05-10 02:51:49,225 INFO [main] org.example.ltuTest [ltuTest.java:292] Clicked on Ladok login button
2023-05-10 02:51:51,835 INFO [main] org.example.ltuTest [ltuTest.java:301] Entered search query: LTU
2023-05-10 02:51:54,349 INFO [main] org.example.ltuTest [ltuTest.java:310] Clicked on first search result
2023-05-10 02:51:54,520 INFO [main] org.example.ltuTest [ltuTest.java:323] 
2023-05-10 02:51:55,516 INFO [main] org.example.ltuTest [ltuTest.java:344] Clicked on Transcript
2023-05-10 02:52:05,523 INFO [main] org.example.ltuTest [ltuTest.java:363] Downloaded Transcript successfully
2023-05-10 02:52:05,600 INFO [Thread-2] c.c.s.d.DisposablesRegistry [DisposablesRegistry.java:66] Run cleanup: size=1
2023-05-10 02:52:05,601 INFO [Thread-2] c.c.s.d.CloseDriverCommand [CloseDriverCommand.java:38] Close webdriver: 59 -> ChromeDriver: chrome on WINDOWS (905d8945b22dc7bd08c7e4f27bd0e0dd)...
2023-05-10 02:52:05,788 INFO [Thread-2] c.c.s.d.CloseDriverCommand [CloseDriverCommand.java:40] Closed webdriver 59 in 187 ms
2023-05-10 02:52:05,789 INFO [Thread-2] c.c.s.d.DisposablesRegistry [DisposablesRegistry.java:68] Finished cleanup
2023-05-10 02:52:30,094 INFO [main] c.c.s.i.WebDriverThreadLocalContainer [WebDriverThreadLocalContainer.java:154] No webdriver is bound to current thread: 1 - let's create a new webdriver
2023-05-10 02:52:30,136 INFO [main] c.c.selenide.impl.FileHelper [FileHelper.java:46] Creating folder: C:\Users\alaae\IdeaProjects\LTUTest\target\downloads\1683679950116_12964_1
2023-05-10 02:52:30,508 INFO [main] i.g.bonigarcia.wdm.WebDriverManager [WebDriverManager.java:1238] Using chromedriver 113.0.5672.63 (resolved driver for Chrome 113)
2023-05-10 02:52:30,553 INFO [main] i.g.bonigarcia.wdm.WebDriverManager [WebDriverManager.java:1291] Exporting webdriver.chrome.driver as C:\Users\alaae\.cache\selenium\chromedriver\win32\113.0.5672.63\chromedriver.exe
2023-05-10 02:52:30,621 INFO [main] c.c.s.w.SelenideNettyClientFactory [SelenideNettyClientFactory.java:25] Changed readTimeout from PT3M to PT1M30S
2023-05-10 02:52:31,767 INFO [main] c.c.s.w.SelenideNettyClientFactory [SelenideNettyClientFactory.java:25] Changed readTimeout from PT3M to PT1M30S
2023-05-10 02:52:31,776 INFO [main] c.c.s.w.SelenideNettyClientFactory [SelenideNettyClientFactory.java:25] Changed readTimeout from PT3M to PT1M30S
2023-05-10 02:52:31,824 INFO [main] c.c.s.webdriver.WebDriverFactory [WebDriverFactory.java:148] BrowserName=chrome Version=113.0.5672.93 Platform=WINDOWS
2023-05-10 02:52:31,824 INFO [main] c.c.s.webdriver.WebDriverFactory [WebDriverFactory.java:75] Selenide v. 6.13.0
2023-05-10 02:52:31,824 INFO [main] c.c.s.webdriver.WebDriverFactory [WebDriverFactory.java:142] Selenium WebDriver v. 4.8.3 build revision: e5e76298c3
2023-05-10 02:52:31,824 INFO [main] c.c.s.d.CreateDriverCommand [CreateDriverCommand.java:78] Created webdriver in thread 1: ChromeDriver -> ChromeDriver: chrome on WINDOWS (c58aad8269e5cb26d556061b8506b616)
2023-05-10 02:52:31,826 INFO [main] c.c.s.d.DisposablesRegistry [DisposablesRegistry.java:30] Register WebDriverInstance[config=StaticConfig,webDriver=ChromeDriver: chrome on WINDOWS (c58aad8269e5cb26d556061b8506b616),proxy=null,downloadsFolder=C:\Users\alaae\IdeaProjects\LTUTest\target\downloads\1683679950116_12964_1] in 1 [size=1]
2023-05-10 02:52:31,826 INFO [main] c.c.s.d.DisposablesRegistry [DisposablesRegistry.java:32] Add shutdown hook in 1 [size=1]
2023-05-10 02:52:40,374 INFO [main] org.example.ltuTest [ltuTest.java:281] Clicked on Certificates element
2023-05-10 02:52:42,022 INFO [main] org.example.ltuTest [ltuTest.java:292] Clicked on Ladok login button
2023-05-10 02:52:42,458 INFO [main] org.example.ltuTest [ltuTest.java:301] Entered search query: LTU
2023-05-10 02:52:46,502 INFO [main] org.example.ltuTest [ltuTest.java:310] Clicked on first search result
2023-05-10 02:52:46,704 INFO [main] org.example.ltuTest [ltuTest.java:323] 
2023-05-10 02:52:47,038 INFO [main] org.example.ltuTest [ltuTest.java:344] Clicked on Transcript
2023-05-10 02:52:57,042 INFO [main] org.example.ltuTest [ltuTest.java:363] Downloaded Transcript successfully
2023-05-10 02:52:57,098 INFO [Thread-2] c.c.s.d.DisposablesRegistry [DisposablesRegistry.java:66] Run cleanup: size=1
2023-05-10 02:52:57,099 INFO [Thread-2] c.c.s.d.CloseDriverCommand [CloseDriverCommand.java:38] Close webdriver: 59 -> ChromeDriver: chrome on WINDOWS (c58aad8269e5cb26d556061b8506b616)...
2023-05-10 02:52:57,286 INFO [Thread-2] c.c.s.d.CloseDriverCommand [CloseDriverCommand.java:40] Closed webdriver 59 in 187 ms
2023-05-10 02:52:57,287 INFO [Thread-2] c.c.s.d.DisposablesRegistry [DisposablesRegistry.java:68] Finished cleanup
2023-05-10 02:57:43,691 INFO [main] c.c.s.i.WebDriverThreadLocalContainer [WebDriverThreadLocalContainer.java:154] No webdriver is bound to current thread: 1 - let's create a new webdriver
2023-05-10 02:57:43,730 INFO [main] c.c.selenide.impl.FileHelper [FileHelper.java:46] Creating folder: C:\Users\alaae\IdeaProjects\LTUTest\target\downloads\1683680263715_8912_1
2023-05-10 02:57:44,145 INFO [main] i.g.bonigarcia.wdm.WebDriverManager [WebDriverManager.java:1238] Using chromedriver 113.0.5672.63 (resolved driver for Chrome 113)
2023-05-10 02:57:44,208 INFO [main] i.g.bonigarcia.wdm.WebDriverManager [WebDriverManager.java:1291] Exporting webdriver.chrome.driver as C:\Users\alaae\.cache\selenium\chromedriver\win32\113.0.5672.63\chromedriver.exe
2023-05-10 02:57:44,279 INFO [main] c.c.s.w.SelenideNettyClientFactory [SelenideNettyClientFactory.java:25] Changed readTimeout from PT3M to PT1M30S
2023-05-10 02:57:45,513 INFO [main] c.c.s.w.SelenideNettyClientFactory [SelenideNettyClientFactory.java:25] Changed readTimeout from PT3M to PT1M30S
2023-05-10 02:57:45,523 INFO [main] c.c.s.w.SelenideNettyClientFactory [SelenideNettyClientFactory.java:25] Changed readTimeout from PT3M to PT1M30S
2023-05-10 02:57:45,580 INFO [main] c.c.s.webdriver.WebDriverFactory [WebDriverFactory.java:148] BrowserName=chrome Version=113.0.5672.93 Platform=WINDOWS
2023-05-10 02:57:45,580 INFO [main] c.c.s.webdriver.WebDriverFactory [WebDriverFactory.java:75] Selenide v. 6.13.0
2023-05-10 02:57:45,580 INFO [main] c.c.s.webdriver.WebDriverFactory [WebDriverFactory.java:142] Selenium WebDriver v. 4.8.3 build revision: e5e76298c3
2023-05-10 02:57:45,580 INFO [main] c.c.s.d.CreateDriverCommand [CreateDriverCommand.java:78] Created webdriver in thread 1: ChromeDriver -> ChromeDriver: chrome on WINDOWS (fac5807d65ea5a02fd44e20467d1f261)
2023-05-10 02:57:45,582 INFO [main] c.c.s.d.DisposablesRegistry [DisposablesRegistry.java:30] Register WebDriverInstance[config=StaticConfig,webDriver=ChromeDriver: chrome on WINDOWS (fac5807d65ea5a02fd44e20467d1f261),proxy=null,downloadsFolder=C:\Users\alaae\IdeaProjects\LTUTest\target\downloads\1683680263715_8912_1] in 1 [size=1]
2023-05-10 02:57:45,582 INFO [main] c.c.s.d.DisposablesRegistry [DisposablesRegistry.java:32] Add shutdown hook in 1 [size=1]
2023-05-10 02:57:52,446 INFO [main] org.example.ltuTest [ltuTest.java:281] Clicked on Certificates element
2023-05-10 02:57:53,526 INFO [main] org.example.ltuTest [ltuTest.java:292] Clicked on Ladok login button
2023-05-10 02:57:53,954 INFO [main] org.example.ltuTest [ltuTest.java:301] Entered search query: LTU
2023-05-10 02:57:56,916 INFO [main] org.example.ltuTest [ltuTest.java:310] Clicked on first search result
2023-05-10 02:57:57,103 INFO [main] org.example.ltuTest [ltuTest.java:323] 
2023-05-10 02:57:59,386 INFO [main] org.example.ltuTest [ltuTest.java:340] Clicked on Transcript
2023-05-10 02:58:09,400 ERROR [main] org.example.ltuTest [ltuTest.java:358] Failed to download Transcript: C:\Users\alaae\IdeaProjects\LTUTest\target\downloads\Transcript
2023-05-10 02:58:09,477 INFO [Thread-2] c.c.s.d.DisposablesRegistry [DisposablesRegistry.java:66] Run cleanup: size=1
2023-05-10 02:58:09,478 INFO [Thread-2] c.c.s.d.CloseDriverCommand [CloseDriverCommand.java:38] Close webdriver: 59 -> ChromeDriver: chrome on WINDOWS (fac5807d65ea5a02fd44e20467d1f261)...
2023-05-10 02:58:09,513 WARN [AsyncHttpClient-1-4] o.a.netty.handler.WebSocketHandler [WebSocketHandler.java:142] onError
java.net.SocketException: Connection reset
	at java.base/sun.nio.ch.SocketChannelImpl.throwConnectionReset(SocketChannelImpl.java:401)
	at java.base/sun.nio.ch.SocketChannelImpl.read(SocketChannelImpl.java:434)
	at io.netty.buffer.PooledByteBuf.setBytes(PooledByteBuf.java:256)
	at io.netty.buffer.AbstractByteBuf.writeBytes(AbstractByteBuf.java:1132)
	at io.netty.channel.socket.nio.NioSocketChannel.doReadBytes(NioSocketChannel.java:357)
	at io.netty.channel.nio.AbstractNioByteChannel$NioByteUnsafe.read(AbstractNioByteChannel.java:151)
	at io.netty.channel.nio.NioEventLoop.processSelectedKey(NioEventLoop.java:788)
	at io.netty.channel.nio.NioEventLoop.processSelectedKeysOptimized(NioEventLoop.java:724)
	at io.netty.channel.nio.NioEventLoop.processSelectedKeys(NioEventLoop.java:650)
	at io.netty.channel.nio.NioEventLoop.run(NioEventLoop.java:562)
	at io.netty.util.concurrent.SingleThreadEventExecutor$4.run(SingleThreadEventExecutor.java:997)
	at io.netty.util.internal.ThreadExecutorMap$2.run(ThreadExecutorMap.java:74)
	at io.netty.util.concurrent.FastThreadLocalRunnable.run(FastThreadLocalRunnable.java:30)
	at java.base/java.lang.Thread.run(Thread.java:1623)
2023-05-10 02:58:09,662 INFO [Thread-2] c.c.s.d.CloseDriverCommand [CloseDriverCommand.java:40] Closed webdriver 59 in 184 ms
2023-05-10 02:58:09,662 INFO [Thread-2] c.c.s.d.DisposablesRegistry [DisposablesRegistry.java:68] Finished cleanup
2023-05-10 03:02:50,216 INFO [main] c.c.s.i.WebDriverThreadLocalContainer [WebDriverThreadLocalContainer.java:154] No webdriver is bound to current thread: 1 - let's create a new webdriver
2023-05-10 03:02:50,247 INFO [main] c.c.selenide.impl.FileHelper [FileHelper.java:46] Creating folder: C:\Users\alaae\IdeaProjects\LTUTest\target\downloads\1683680570236_28764_1
2023-05-10 03:02:50,601 INFO [main] i.g.bonigarcia.wdm.WebDriverManager [WebDriverManager.java:1238] Using chromedriver 113.0.5672.63 (resolved driver for Chrome 113)
2023-05-10 03:02:50,649 INFO [main] i.g.bonigarcia.wdm.WebDriverManager [WebDriverManager.java:1291] Exporting webdriver.chrome.driver as C:\Users\alaae\.cache\selenium\chromedriver\win32\113.0.5672.63\chromedriver.exe
2023-05-10 03:02:50,713 INFO [main] c.c.s.w.SelenideNettyClientFactory [SelenideNettyClientFactory.java:25] Changed readTimeout from PT3M to PT1M30S
2023-05-10 03:02:52,264 INFO [main] c.c.s.w.SelenideNettyClientFactory [SelenideNettyClientFactory.java:25] Changed readTimeout from PT3M to PT1M30S
2023-05-10 03:02:52,271 INFO [main] c.c.s.w.SelenideNettyClientFactory [SelenideNettyClientFactory.java:25] Changed readTimeout from PT3M to PT1M30S
2023-05-10 03:02:52,319 INFO [main] c.c.s.webdriver.WebDriverFactory [WebDriverFactory.java:148] BrowserName=chrome Version=113.0.5672.93 Platform=WINDOWS
2023-05-10 03:02:52,320 INFO [main] c.c.s.webdriver.WebDriverFactory [WebDriverFactory.java:75] Selenide v. 6.13.0
2023-05-10 03:02:52,320 INFO [main] c.c.s.webdriver.WebDriverFactory [WebDriverFactory.java:142] Selenium WebDriver v. 4.8.3 build revision: e5e76298c3
2023-05-10 03:02:52,320 INFO [main] c.c.s.d.CreateDriverCommand [CreateDriverCommand.java:78] Created webdriver in thread 1: ChromeDriver -> ChromeDriver: chrome on WINDOWS (aff47231f108b48a41c63f942a468a35)
2023-05-10 03:02:52,322 INFO [main] c.c.s.d.DisposablesRegistry [DisposablesRegistry.java:30] Register WebDriverInstance[config=StaticConfig,webDriver=ChromeDriver: chrome on WINDOWS (aff47231f108b48a41c63f942a468a35),proxy=null,downloadsFolder=C:\Users\alaae\IdeaProjects\LTUTest\target\downloads\1683680570236_28764_1] in 1 [size=1]
2023-05-10 03:02:52,322 INFO [main] c.c.s.d.DisposablesRegistry [DisposablesRegistry.java:32] Add shutdown hook in 1 [size=1]
2023-05-10 03:02:59,878 INFO [main] org.example.ltuTest [ltuTest.java:277] Clicked on Certificates element
2023-05-10 03:03:00,909 INFO [main] org.example.ltuTest [ltuTest.java:288] Clicked on Ladok login button
2023-05-10 03:03:01,334 INFO [main] org.example.ltuTest [ltuTest.java:297] Entered search query: LTU
2023-05-10 03:03:03,836 INFO [main] org.example.ltuTest [ltuTest.java:306] Clicked on first search result
2023-05-10 03:03:05,632 INFO [main] org.example.ltuTest [ltuTest.java:319] 
2023-05-10 03:03:05,967 INFO [main] org.example.ltuTest [ltuTest.java:331] Clicked on Transcript
2023-05-10 03:03:15,983 ERROR [main] org.example.ltuTest [ltuTest.java:349] Failed to find the latest downloaded file.
2023-05-10 03:03:15,990 INFO [Thread-2] c.c.s.d.DisposablesRegistry [DisposablesRegistry.java:66] Run cleanup: size=1
2023-05-10 03:03:15,991 INFO [Thread-2] c.c.s.d.CloseDriverCommand [CloseDriverCommand.java:38] Close webdriver: 59 -> ChromeDriver: chrome on WINDOWS (aff47231f108b48a41c63f942a468a35)...
2023-05-10 03:03:16,022 WARN [AsyncHttpClient-1-4] o.a.netty.handler.WebSocketHandler [WebSocketHandler.java:142] onError
java.net.SocketException: Connection reset
	at java.base/sun.nio.ch.SocketChannelImpl.throwConnectionReset(SocketChannelImpl.java:401)
	at java.base/sun.nio.ch.SocketChannelImpl.read(SocketChannelImpl.java:434)
	at io.netty.buffer.PooledByteBuf.setBytes(PooledByteBuf.java:256)
	at io.netty.buffer.AbstractByteBuf.writeBytes(AbstractByteBuf.java:1132)
	at io.netty.channel.socket.nio.NioSocketChannel.doReadBytes(NioSocketChannel.java:357)
	at io.netty.channel.nio.AbstractNioByteChannel$NioByteUnsafe.read(AbstractNioByteChannel.java:151)
	at io.netty.channel.nio.NioEventLoop.processSelectedKey(NioEventLoop.java:788)
	at io.netty.channel.nio.NioEventLoop.processSelectedKeysOptimized(NioEventLoop.java:724)
	at io.netty.channel.nio.NioEventLoop.processSelectedKeys(NioEventLoop.java:650)
	at io.netty.channel.nio.NioEventLoop.run(NioEventLoop.java:562)
	at io.netty.util.concurrent.SingleThreadEventExecutor$4.run(SingleThreadEventExecutor.java:997)
	at io.netty.util.internal.ThreadExecutorMap$2.run(ThreadExecutorMap.java:74)
	at io.netty.util.concurrent.FastThreadLocalRunnable.run(FastThreadLocalRunnable.java:30)
	at java.base/java.lang.Thread.run(Thread.java:1623)
2023-05-10 03:03:16,184 INFO [Thread-2] c.c.s.d.CloseDriverCommand [CloseDriverCommand.java:40] Closed webdriver 59 in 193 ms
2023-05-10 03:03:16,184 INFO [Thread-2] c.c.s.d.DisposablesRegistry [DisposablesRegistry.java:68] Finished cleanup
2023-05-10 03:23:09,083 INFO [main] c.c.s.i.WebDriverThreadLocalContainer [WebDriverThreadLocalContainer.java:154] No webdriver is bound to current thread: 1 - let's create a new webdriver
2023-05-10 03:23:09,140 INFO [main] c.c.selenide.impl.FileHelper [FileHelper.java:46] Creating folder: C:\Users\alaae\IdeaProjects\LTUTest\target\downloads\1683681789122_35824_1
2023-05-10 03:23:10,860 INFO [main] i.g.bonigarcia.wdm.WebDriverManager [WebDriverManager.java:1238] Using chromedriver 113.0.5672.63 (resolved driver for Chrome 113)
2023-05-10 03:23:10,882 INFO [main] i.g.bonigarcia.wdm.WebDriverManager [WebDriverManager.java:1291] Exporting webdriver.chrome.driver as C:\Users\alaae\.cache\selenium\chromedriver\win32\113.0.5672.63\chromedriver.exe
2023-05-10 03:23:11,001 INFO [main] c.c.s.w.SelenideNettyClientFactory [SelenideNettyClientFactory.java:25] Changed readTimeout from PT3M to PT1M30S
2023-05-10 03:23:13,047 INFO [main] c.c.s.w.SelenideNettyClientFactory [SelenideNettyClientFactory.java:25] Changed readTimeout from PT3M to PT1M30S
2023-05-10 03:23:13,062 INFO [main] c.c.s.w.SelenideNettyClientFactory [SelenideNettyClientFactory.java:25] Changed readTimeout from PT3M to PT1M30S
2023-05-10 03:23:13,164 INFO [main] c.c.s.webdriver.WebDriverFactory [WebDriverFactory.java:148] BrowserName=chrome Version=113.0.5672.93 Platform=WINDOWS
2023-05-10 03:23:13,164 INFO [main] c.c.s.webdriver.WebDriverFactory [WebDriverFactory.java:75] Selenide v. 6.13.0
2023-05-10 03:23:13,165 INFO [main] c.c.s.webdriver.WebDriverFactory [WebDriverFactory.java:142] Selenium WebDriver v. 4.8.3 build revision: e5e76298c3
2023-05-10 03:23:13,165 INFO [main] c.c.s.d.CreateDriverCommand [CreateDriverCommand.java:78] Created webdriver in thread 1: ChromeDriver -> ChromeDriver: chrome on WINDOWS (8d668d4503028fae9a3af76e86d9d060)
2023-05-10 03:23:13,169 INFO [main] c.c.s.d.DisposablesRegistry [DisposablesRegistry.java:30] Register WebDriverInstance[config=StaticConfig,webDriver=ChromeDriver: chrome on WINDOWS (8d668d4503028fae9a3af76e86d9d060),proxy=null,downloadsFolder=C:\Users\alaae\IdeaProjects\LTUTest\target\downloads\1683681789122_35824_1] in 1 [size=1]
2023-05-10 03:23:13,170 INFO [main] c.c.s.d.DisposablesRegistry [DisposablesRegistry.java:32] Add shutdown hook in 1 [size=1]
2023-05-10 03:23:21,832 INFO [main] org.example.ltuTest [ltuTest.java:277] Clicked on Certificates element
2023-05-10 03:23:22,972 INFO [main] org.example.ltuTest [ltuTest.java:288] Clicked on Ladok login button
2023-05-10 03:23:23,380 INFO [main] org.example.ltuTest [ltuTest.java:297] Entered search query: LTU
2023-05-10 03:23:26,014 INFO [main] org.example.ltuTest [ltuTest.java:306] Clicked on first search result
2023-05-10 03:23:26,356 INFO [main] org.example.ltuTest [ltuTest.java:319] 
2023-05-10 03:23:26,796 INFO [main] org.example.ltuTest [ltuTest.java:331] Clicked on Transcript
2023-05-10 03:23:57,244 ERROR [main] org.example.ltuTest [ltuTest.java:347] Failed to download Transcript: no PDF file was downloaded
2023-05-10 03:23:57,258 INFO [Thread-2] c.c.s.d.DisposablesRegistry [DisposablesRegistry.java:66] Run cleanup: size=1
2023-05-10 03:23:57,259 INFO [Thread-2] c.c.s.d.CloseDriverCommand [CloseDriverCommand.java:38] Close webdriver: 61 -> ChromeDriver: chrome on WINDOWS (8d668d4503028fae9a3af76e86d9d060)...
2023-05-10 03:23:57,303 WARN [AsyncHttpClient-1-4] o.a.netty.handler.WebSocketHandler [WebSocketHandler.java:142] onError
java.net.SocketException: Connection reset
	at java.base/sun.nio.ch.SocketChannelImpl.throwConnectionReset(SocketChannelImpl.java:401)
	at java.base/sun.nio.ch.SocketChannelImpl.read(SocketChannelImpl.java:434)
	at io.netty.buffer.PooledByteBuf.setBytes(PooledByteBuf.java:256)
	at io.netty.buffer.AbstractByteBuf.writeBytes(AbstractByteBuf.java:1132)
	at io.netty.channel.socket.nio.NioSocketChannel.doReadBytes(NioSocketChannel.java:357)
	at io.netty.channel.nio.AbstractNioByteChannel$NioByteUnsafe.read(AbstractNioByteChannel.java:151)
	at io.netty.channel.nio.NioEventLoop.processSelectedKey(NioEventLoop.java:788)
	at io.netty.channel.nio.NioEventLoop.processSelectedKeysOptimized(NioEventLoop.java:724)
	at io.netty.channel.nio.NioEventLoop.processSelectedKeys(NioEventLoop.java:650)
	at io.netty.channel.nio.NioEventLoop.run(NioEventLoop.java:562)
	at io.netty.util.concurrent.SingleThreadEventExecutor$4.run(SingleThreadEventExecutor.java:997)
	at io.netty.util.internal.ThreadExecutorMap$2.run(ThreadExecutorMap.java:74)
	at io.netty.util.concurrent.FastThreadLocalRunnable.run(FastThreadLocalRunnable.java:30)
	at java.base/java.lang.Thread.run(Thread.java:1623)
2023-05-10 03:23:57,513 INFO [Thread-2] c.c.s.d.CloseDriverCommand [CloseDriverCommand.java:40] Closed webdriver 61 in 254 ms
2023-05-10 03:23:57,513 INFO [Thread-2] c.c.s.d.DisposablesRegistry [DisposablesRegistry.java:68] Finished cleanup
2023-05-10 03:34:09,993 INFO [main] c.c.s.i.WebDriverThreadLocalContainer [WebDriverThreadLocalContainer.java:154] No webdriver is bound to current thread: 1 - let's create a new webdriver
2023-05-10 03:34:10,030 INFO [main] c.c.selenide.impl.FileHelper [FileHelper.java:46] Creating folder: C:\Users\alaae\IdeaProjects\LTUTest\target\downloads\1683682450016_12180_1
2023-05-10 03:34:10,471 INFO [main] i.g.bonigarcia.wdm.WebDriverManager [WebDriverManager.java:1238] Using chromedriver 113.0.5672.63 (resolved driver for Chrome 113)
2023-05-10 03:34:10,536 INFO [main] i.g.bonigarcia.wdm.WebDriverManager [WebDriverManager.java:1291] Exporting webdriver.chrome.driver as C:\Users\alaae\.cache\selenium\chromedriver\win32\113.0.5672.63\chromedriver.exe
2023-05-10 03:34:10,637 INFO [main] c.c.s.w.SelenideNettyClientFactory [SelenideNettyClientFactory.java:25] Changed readTimeout from PT3M to PT1M30S
2023-05-10 03:34:11,891 INFO [main] c.c.s.w.SelenideNettyClientFactory [SelenideNettyClientFactory.java:25] Changed readTimeout from PT3M to PT1M30S
2023-05-10 03:34:11,901 INFO [main] c.c.s.w.SelenideNettyClientFactory [SelenideNettyClientFactory.java:25] Changed readTimeout from PT3M to PT1M30S
2023-05-10 03:34:11,972 INFO [main] c.c.s.webdriver.WebDriverFactory [WebDriverFactory.java:148] BrowserName=chrome Version=113.0.5672.93 Platform=WINDOWS
2023-05-10 03:34:11,972 INFO [main] c.c.s.webdriver.WebDriverFactory [WebDriverFactory.java:75] Selenide v. 6.13.0
2023-05-10 03:34:11,972 INFO [main] c.c.s.webdriver.WebDriverFactory [WebDriverFactory.java:142] Selenium WebDriver v. 4.8.3 build revision: e5e76298c3
2023-05-10 03:34:11,973 INFO [main] c.c.s.d.CreateDriverCommand [CreateDriverCommand.java:78] Created webdriver in thread 1: ChromeDriver -> ChromeDriver: chrome on WINDOWS (7dfec3c2a2668b52fe742e39cb88dcc2)
2023-05-10 03:34:11,974 INFO [main] c.c.s.d.DisposablesRegistry [DisposablesRegistry.java:30] Register WebDriverInstance[config=StaticConfig,webDriver=ChromeDriver: chrome on WINDOWS (7dfec3c2a2668b52fe742e39cb88dcc2),proxy=null,downloadsFolder=C:\Users\alaae\IdeaProjects\LTUTest\target\downloads\1683682450016_12180_1] in 1 [size=1]
2023-05-10 03:34:11,974 INFO [main] c.c.s.d.DisposablesRegistry [DisposablesRegistry.java:32] Add shutdown hook in 1 [size=1]
2023-05-10 03:34:20,884 INFO [main] org.example.ltuTest [ltuTest.java:277] Clicked on Certificates element
2023-05-10 03:34:23,300 INFO [main] org.example.ltuTest [ltuTest.java:288] Clicked on Ladok login button
2023-05-10 03:34:23,603 INFO [main] org.example.ltuTest [ltuTest.java:297] Entered search query: LTU
2023-05-10 03:34:26,200 INFO [main] org.example.ltuTest [ltuTest.java:306] Clicked on first search result
2023-05-10 03:34:27,904 INFO [main] org.example.ltuTest [ltuTest.java:319] 
2023-05-10 03:34:28,321 INFO [main] org.example.ltuTest [ltuTest.java:331] Clicked on Transcript
2023-05-10 03:39:55,952 INFO [Thread-2] c.c.s.d.DisposablesRegistry [DisposablesRegistry.java:66] Run cleanup: size=1
2023-05-10 03:39:55,953 INFO [Thread-2] c.c.s.d.CloseDriverCommand [CloseDriverCommand.java:38] Close webdriver: 59 -> ChromeDriver: chrome on WINDOWS (7dfec3c2a2668b52fe742e39cb88dcc2)...
2023-05-10 03:39:56,077 INFO [Thread-2] c.c.s.d.CloseDriverCommand [CloseDriverCommand.java:40] Closed webdriver 59 in 124 ms
2023-05-10 03:39:56,077 INFO [Thread-2] c.c.s.d.DisposablesRegistry [DisposablesRegistry.java:68] Finished cleanup
2023-05-10 03:45:49,379 INFO [main] c.c.s.i.WebDriverThreadLocalContainer [WebDriverThreadLocalContainer.java:154] No webdriver is bound to current thread: 1 - let's create a new webdriver
2023-05-10 03:45:49,409 INFO [main] c.c.selenide.impl.FileHelper [FileHelper.java:46] Creating folder: C:\Users\alaae\IdeaProjects\LTUTest\target\downloads\1683683149398_35432_1
2023-05-10 03:45:49,773 INFO [main] i.g.bonigarcia.wdm.WebDriverManager [WebDriverManager.java:1238] Using chromedriver 113.0.5672.63 (resolved driver for Chrome 113)
2023-05-10 03:45:49,824 INFO [main] i.g.bonigarcia.wdm.WebDriverManager [WebDriverManager.java:1291] Exporting webdriver.chrome.driver as C:\Users\alaae\.cache\selenium\chromedriver\win32\113.0.5672.63\chromedriver.exe
2023-05-10 03:45:49,899 INFO [main] c.c.s.w.SelenideNettyClientFactory [SelenideNettyClientFactory.java:25] Changed readTimeout from PT3M to PT1M30S
2023-05-10 03:45:51,065 INFO [main] c.c.s.w.SelenideNettyClientFactory [SelenideNettyClientFactory.java:25] Changed readTimeout from PT3M to PT1M30S
2023-05-10 03:45:51,075 INFO [main] c.c.s.w.SelenideNettyClientFactory [SelenideNettyClientFactory.java:25] Changed readTimeout from PT3M to PT1M30S
2023-05-10 03:45:51,130 INFO [main] c.c.s.webdriver.WebDriverFactory [WebDriverFactory.java:148] BrowserName=chrome Version=113.0.5672.93 Platform=WINDOWS
2023-05-10 03:45:51,131 INFO [main] c.c.s.webdriver.WebDriverFactory [WebDriverFactory.java:75] Selenide v. 6.13.0
2023-05-10 03:45:51,131 INFO [main] c.c.s.webdriver.WebDriverFactory [WebDriverFactory.java:142] Selenium WebDriver v. 4.8.3 build revision: e5e76298c3
2023-05-10 03:45:51,131 INFO [main] c.c.s.d.CreateDriverCommand [CreateDriverCommand.java:78] Created webdriver in thread 1: ChromeDriver -> ChromeDriver: chrome on WINDOWS (bb9332b75a692786299eda685f341614)
2023-05-10 03:45:51,133 INFO [main] c.c.s.d.DisposablesRegistry [DisposablesRegistry.java:30] Register WebDriverInstance[config=StaticConfig,webDriver=ChromeDriver: chrome on WINDOWS (bb9332b75a692786299eda685f341614),proxy=null,downloadsFolder=C:\Users\alaae\IdeaProjects\LTUTest\target\downloads\1683683149398_35432_1] in 1 [size=1]
2023-05-10 03:45:51,133 INFO [main] c.c.s.d.DisposablesRegistry [DisposablesRegistry.java:32] Add shutdown hook in 1 [size=1]
2023-05-10 03:45:58,996 INFO [main] org.example.ltuTest [ltuTest.java:352] Clicked on the Canvas link.
2023-05-10 03:45:59,029 INFO [Thread-2] c.c.s.d.DisposablesRegistry [DisposablesRegistry.java:66] Run cleanup: size=1
2023-05-10 03:45:59,030 INFO [Thread-2] c.c.selenide.impl.FileHelper [FileHelper.java:82] Deleted empty folder: C:\Users\alaae\IdeaProjects\LTUTest\target\downloads\1683683149398_35432_1
2023-05-10 03:45:59,030 INFO [Thread-2] c.c.s.d.CloseDriverCommand [CloseDriverCommand.java:38] Close webdriver: 59 -> ChromeDriver: chrome on WINDOWS (bb9332b75a692786299eda685f341614)...
2023-05-10 03:45:59,186 INFO [Thread-2] c.c.s.d.CloseDriverCommand [CloseDriverCommand.java:40] Closed webdriver 59 in 156 ms
2023-05-10 03:45:59,186 INFO [Thread-2] c.c.s.d.DisposablesRegistry [DisposablesRegistry.java:68] Finished cleanup
2023-05-10 03:47:51,262 INFO [main] c.c.s.i.WebDriverThreadLocalContainer [WebDriverThreadLocalContainer.java:154] No webdriver is bound to current thread: 1 - let's create a new webdriver
2023-05-10 03:47:51,296 INFO [main] c.c.selenide.impl.FileHelper [FileHelper.java:46] Creating folder: C:\Users\alaae\IdeaProjects\LTUTest\target\downloads\1683683271283_20208_1
2023-05-10 03:47:51,704 INFO [main] i.g.bonigarcia.wdm.WebDriverManager [WebDriverManager.java:1238] Using chromedriver 113.0.5672.63 (resolved driver for Chrome 113)
2023-05-10 03:47:51,750 INFO [main] i.g.bonigarcia.wdm.WebDriverManager [WebDriverManager.java:1291] Exporting webdriver.chrome.driver as C:\Users\alaae\.cache\selenium\chromedriver\win32\113.0.5672.63\chromedriver.exe
2023-05-10 03:47:51,823 INFO [main] c.c.s.w.SelenideNettyClientFactory [SelenideNettyClientFactory.java:25] Changed readTimeout from PT3M to PT1M30S
2023-05-10 03:47:52,998 INFO [main] c.c.s.w.SelenideNettyClientFactory [SelenideNettyClientFactory.java:25] Changed readTimeout from PT3M to PT1M30S
2023-05-10 03:47:53,011 INFO [main] c.c.s.w.SelenideNettyClientFactory [SelenideNettyClientFactory.java:25] Changed readTimeout from PT3M to PT1M30S
2023-05-10 03:47:53,074 INFO [main] c.c.s.webdriver.WebDriverFactory [WebDriverFactory.java:148] BrowserName=chrome Version=113.0.5672.93 Platform=WINDOWS
2023-05-10 03:47:53,075 INFO [main] c.c.s.webdriver.WebDriverFactory [WebDriverFactory.java:75] Selenide v. 6.13.0
2023-05-10 03:47:53,075 INFO [main] c.c.s.webdriver.WebDriverFactory [WebDriverFactory.java:142] Selenium WebDriver v. 4.8.3 build revision: e5e76298c3
2023-05-10 03:47:53,075 INFO [main] c.c.s.d.CreateDriverCommand [CreateDriverCommand.java:78] Created webdriver in thread 1: ChromeDriver -> ChromeDriver: chrome on WINDOWS (cd1088879c0fc5fc93451d1636232cd3)
2023-05-10 03:47:53,077 INFO [main] c.c.s.d.DisposablesRegistry [DisposablesRegistry.java:30] Register WebDriverInstance[config=StaticConfig,webDriver=ChromeDriver: chrome on WINDOWS (cd1088879c0fc5fc93451d1636232cd3),proxy=null,downloadsFolder=C:\Users\alaae\IdeaProjects\LTUTest\target\downloads\1683683271283_20208_1] in 1 [size=1]
2023-05-10 03:47:53,077 INFO [main] c.c.s.d.DisposablesRegistry [DisposablesRegistry.java:32] Add shutdown hook in 1 [size=1]
2023-05-10 03:48:00,304 INFO [main] org.example.ltuTest [ltuTest.java:352] Clicked on the Canvas link.
2023-05-10 03:48:05,136 INFO [main] org.example.ltuTest [ltuTest.java:365] Clicked on the Courses button.
2023-05-10 03:48:06,801 INFO [main] org.example.ltuTest [ltuTest.java:376] Clicked on the course link.
2023-05-10 03:48:06,812 INFO [Thread-2] c.c.s.d.DisposablesRegistry [DisposablesRegistry.java:66] Run cleanup: size=1
2023-05-10 03:48:06,814 INFO [Thread-2] c.c.selenide.impl.FileHelper [FileHelper.java:82] Deleted empty folder: C:\Users\alaae\IdeaProjects\LTUTest\target\downloads\1683683271283_20208_1
2023-05-10 03:48:06,814 INFO [Thread-2] c.c.s.d.CloseDriverCommand [CloseDriverCommand.java:38] Close webdriver: 59 -> ChromeDriver: chrome on WINDOWS (cd1088879c0fc5fc93451d1636232cd3)...
2023-05-10 03:48:06,848 WARN [AsyncHttpClient-1-4] o.a.netty.handler.WebSocketHandler [WebSocketHandler.java:142] onError
java.net.SocketException: Connection reset
	at java.base/sun.nio.ch.SocketChannelImpl.throwConnectionReset(SocketChannelImpl.java:401)
	at java.base/sun.nio.ch.SocketChannelImpl.read(SocketChannelImpl.java:434)
	at io.netty.buffer.PooledByteBuf.setBytes(PooledByteBuf.java:256)
	at io.netty.buffer.AbstractByteBuf.writeBytes(AbstractByteBuf.java:1132)
	at io.netty.channel.socket.nio.NioSocketChannel.doReadBytes(NioSocketChannel.java:357)
	at io.netty.channel.nio.AbstractNioByteChannel$NioByteUnsafe.read(AbstractNioByteChannel.java:151)
	at io.netty.channel.nio.NioEventLoop.processSelectedKey(NioEventLoop.java:788)
	at io.netty.channel.nio.NioEventLoop.processSelectedKeysOptimized(NioEventLoop.java:724)
	at io.netty.channel.nio.NioEventLoop.processSelectedKeys(NioEventLoop.java:650)
	at io.netty.channel.nio.NioEventLoop.run(NioEventLoop.java:562)
	at io.netty.util.concurrent.SingleThreadEventExecutor$4.run(SingleThreadEventExecutor.java:997)
	at io.netty.util.internal.ThreadExecutorMap$2.run(ThreadExecutorMap.java:74)
	at io.netty.util.concurrent.FastThreadLocalRunnable.run(FastThreadLocalRunnable.java:30)
	at java.base/java.lang.Thread.run(Thread.java:1623)
2023-05-10 03:48:06,994 INFO [Thread-2] c.c.s.d.CloseDriverCommand [CloseDriverCommand.java:40] Closed webdriver 59 in 180 ms
2023-05-10 03:48:06,995 INFO [Thread-2] c.c.s.d.DisposablesRegistry [DisposablesRegistry.java:68] Finished cleanup
2023-05-10 03:58:12,964 INFO [main] c.c.s.i.WebDriverThreadLocalContainer [WebDriverThreadLocalContainer.java:154] No webdriver is bound to current thread: 1 - let's create a new webdriver
2023-05-10 03:58:13,010 INFO [main] c.c.selenide.impl.FileHelper [FileHelper.java:46] Creating folder: C:\Users\alaae\IdeaProjects\LTUTest\target\downloads\1683683892993_35548_1
2023-05-10 03:58:13,443 INFO [main] i.g.bonigarcia.wdm.WebDriverManager [WebDriverManager.java:1238] Using chromedriver 113.0.5672.63 (resolved driver for Chrome 113)
2023-05-10 03:58:13,494 INFO [main] i.g.bonigarcia.wdm.WebDriverManager [WebDriverManager.java:1291] Exporting webdriver.chrome.driver as C:\Users\alaae\.cache\selenium\chromedriver\win32\113.0.5672.63\chromedriver.exe
2023-05-10 03:58:13,606 INFO [main] c.c.s.w.SelenideNettyClientFactory [SelenideNettyClientFactory.java:25] Changed readTimeout from PT3M to PT1M30S
2023-05-10 03:58:14,769 INFO [main] c.c.s.w.SelenideNettyClientFactory [SelenideNettyClientFactory.java:25] Changed readTimeout from PT3M to PT1M30S
2023-05-10 03:58:14,781 INFO [main] c.c.s.w.SelenideNettyClientFactory [SelenideNettyClientFactory.java:25] Changed readTimeout from PT3M to PT1M30S
2023-05-10 03:58:14,841 INFO [main] c.c.s.webdriver.WebDriverFactory [WebDriverFactory.java:148] BrowserName=chrome Version=113.0.5672.93 Platform=WINDOWS
2023-05-10 03:58:14,841 INFO [main] c.c.s.webdriver.WebDriverFactory [WebDriverFactory.java:75] Selenide v. 6.13.0
2023-05-10 03:58:14,841 INFO [main] c.c.s.webdriver.WebDriverFactory [WebDriverFactory.java:142] Selenium WebDriver v. 4.8.3 build revision: e5e76298c3
2023-05-10 03:58:14,842 INFO [main] c.c.s.d.CreateDriverCommand [CreateDriverCommand.java:78] Created webdriver in thread 1: ChromeDriver -> ChromeDriver: chrome on WINDOWS (ae2dba541a128ecf83aac40e1a7b6044)
2023-05-10 03:58:14,844 INFO [main] c.c.s.d.DisposablesRegistry [DisposablesRegistry.java:30] Register WebDriverInstance[config=StaticConfig,webDriver=ChromeDriver: chrome on WINDOWS (ae2dba541a128ecf83aac40e1a7b6044),proxy=null,downloadsFolder=C:\Users\alaae\IdeaProjects\LTUTest\target\downloads\1683683892993_35548_1] in 1 [size=1]
2023-05-10 03:58:14,844 INFO [main] c.c.s.d.DisposablesRegistry [DisposablesRegistry.java:32] Add shutdown hook in 1 [size=1]
2023-05-10 03:58:22,700 INFO [main] org.example.ltuTest [ltuTest.java:352] Clicked on the Canvas link.
2023-05-10 03:58:27,384 INFO [main] org.example.ltuTest [ltuTest.java:365] Clicked on the Courses button.
2023-05-10 03:58:29,376 INFO [main] org.example.ltuTest [ltuTest.java:376] Clicked on the course link.
2023-05-10 03:58:29,922 INFO [main] org.example.ltuTest [ltuTest.java:385] Clicked on the Syllabus link.
2023-05-10 03:58:40,703 INFO [Thread-2] c.c.s.d.DisposablesRegistry [DisposablesRegistry.java:66] Run cleanup: size=1
2023-05-10 03:58:40,705 INFO [Thread-2] c.c.selenide.impl.FileHelper [FileHelper.java:82] Deleted empty folder: C:\Users\alaae\IdeaProjects\LTUTest\target\downloads\1683683892993_35548_1
2023-05-10 03:58:40,705 INFO [Thread-2] c.c.s.d.CloseDriverCommand [CloseDriverCommand.java:38] Close webdriver: 59 -> ChromeDriver: chrome on WINDOWS (ae2dba541a128ecf83aac40e1a7b6044)...
2023-05-10 03:58:40,955 INFO [Thread-2] c.c.s.d.CloseDriverCommand [CloseDriverCommand.java:40] Closed webdriver 59 in 250 ms
2023-05-10 03:58:40,955 INFO [Thread-2] c.c.s.d.DisposablesRegistry [DisposablesRegistry.java:68] Finished cleanup
2023-05-10 03:59:30,119 INFO [main] c.c.s.i.WebDriverThreadLocalContainer [WebDriverThreadLocalContainer.java:154] No webdriver is bound to current thread: 1 - let's create a new webdriver
2023-05-10 03:59:30,148 INFO [main] c.c.selenide.impl.FileHelper [FileHelper.java:46] Creating folder: C:\Users\alaae\IdeaProjects\LTUTest\target\downloads\1683683970137_12776_1
2023-05-10 03:59:30,504 INFO [main] i.g.bonigarcia.wdm.WebDriverManager [WebDriverManager.java:1238] Using chromedriver 113.0.5672.63 (resolved driver for Chrome 113)
2023-05-10 03:59:30,556 INFO [main] i.g.bonigarcia.wdm.WebDriverManager [WebDriverManager.java:1291] Exporting webdriver.chrome.driver as C:\Users\alaae\.cache\selenium\chromedriver\win32\113.0.5672.63\chromedriver.exe
2023-05-10 03:59:30,632 INFO [main] c.c.s.w.SelenideNettyClientFactory [SelenideNettyClientFactory.java:25] Changed readTimeout from PT3M to PT1M30S
2023-05-10 03:59:31,746 INFO [main] c.c.s.w.SelenideNettyClientFactory [SelenideNettyClientFactory.java:25] Changed readTimeout from PT3M to PT1M30S
2023-05-10 03:59:31,755 INFO [main] c.c.s.w.SelenideNettyClientFactory [SelenideNettyClientFactory.java:25] Changed readTimeout from PT3M to PT1M30S
2023-05-10 03:59:31,812 INFO [main] c.c.s.webdriver.WebDriverFactory [WebDriverFactory.java:148] BrowserName=chrome Version=113.0.5672.93 Platform=WINDOWS
2023-05-10 03:59:31,813 INFO [main] c.c.s.webdriver.WebDriverFactory [WebDriverFactory.java:75] Selenide v. 6.13.0
2023-05-10 03:59:31,813 INFO [main] c.c.s.webdriver.WebDriverFactory [WebDriverFactory.java:142] Selenium WebDriver v. 4.8.3 build revision: e5e76298c3
2023-05-10 03:59:31,813 INFO [main] c.c.s.d.CreateDriverCommand [CreateDriverCommand.java:78] Created webdriver in thread 1: ChromeDriver -> ChromeDriver: chrome on WINDOWS (46bbd48f2732a0028efcd30e1bc7bd8a)
2023-05-10 03:59:31,815 INFO [main] c.c.s.d.DisposablesRegistry [DisposablesRegistry.java:30] Register WebDriverInstance[config=StaticConfig,webDriver=ChromeDriver: chrome on WINDOWS (46bbd48f2732a0028efcd30e1bc7bd8a),proxy=null,downloadsFolder=C:\Users\alaae\IdeaProjects\LTUTest\target\downloads\1683683970137_12776_1] in 1 [size=1]
2023-05-10 03:59:31,815 INFO [main] c.c.s.d.DisposablesRegistry [DisposablesRegistry.java:32] Add shutdown hook in 1 [size=1]
2023-05-10 03:59:35,822 INFO [main] org.example.ltuTest [ltuTest.java:352] Clicked on the Canvas link.
2023-05-10 03:59:37,974 INFO [main] org.example.ltuTest [ltuTest.java:365] Clicked on the Courses button.
2023-05-10 03:59:48,117 ERROR [main] c.c.s.impl.ScreenShotLaboratory [ScreenShotLaboratory.java:295] Failed to take screenshot to 1683683988114.0
org.openqa.selenium.NoSuchWindowException: no such window: target window already closed
from unknown error: web view not found
  (Session info: chrome=113.0.5672.93)
Build info: version: '4.8.3', revision: 'e5e76298c3'
System info: os.name: 'Windows 11', os.arch: 'amd64', os.version: '10.0', java.version: '20.0.1'
Driver info: org.openqa.selenium.chrome.ChromeDriver
Command: [46bbd48f2732a0028efcd30e1bc7bd8a, screenshot {}]
Capabilities {acceptInsecureCerts: true, browserName: chrome, browserVersion: 113.0.5672.93, chrome: {chromedriverVersion: 113.0.5672.63 (0e1a4471d5ae..., userDataDir: C:\Users\alaae\AppData\Loca...}, goog:chromeOptions: {debuggerAddress: localhost:62094}, networkConnectionEnabled: false, pageLoadStrategy: normal, platformName: WINDOWS, proxy: Proxy(), se:cdp: ws://localhost:62094/devtoo..., se:cdpVersion: 113.0.5672.93, setWindowRect: true, strictFileInteractability: false, timeouts: {implicit: 0, pageLoad: 300000, script: 30000}, unhandledPromptBehavior: accept, webauthn:extension:credBlob: true, webauthn:extension:largeBlob: true, webauthn:extension:minPinLength: true, webauthn:extension:prf: true, webauthn:virtualAuthenticators: true}
Session ID: 46bbd48f2732a0028efcd30e1bc7bd8a
	at java.base/jdk.internal.reflect.DirectConstructorHandleAccessor.newInstance(DirectConstructorHandleAccessor.java:67)
	at java.base/java.lang.reflect.Constructor.newInstanceWithCaller(Constructor.java:500)
	at java.base/java.lang.reflect.Constructor.newInstance(Constructor.java:484)
	at org.openqa.selenium.remote.codec.w3c.W3CHttpResponseCodec.createException(W3CHttpResponseCodec.java:200)
	at org.openqa.selenium.remote.codec.w3c.W3CHttpResponseCodec.decode(W3CHttpResponseCodec.java:133)
	at org.openqa.selenium.remote.codec.w3c.W3CHttpResponseCodec.decode(W3CHttpResponseCodec.java:53)
	at org.openqa.selenium.remote.HttpCommandExecutor.execute(HttpCommandExecutor.java:193)
	at org.openqa.selenium.remote.service.DriverCommandExecutor.invokeExecute(DriverCommandExecutor.java:183)
	at org.openqa.selenium.remote.service.DriverCommandExecutor.execute(DriverCommandExecutor.java:158)
	at org.openqa.selenium.remote.RemoteWebDriver.execute(RemoteWebDriver.java:543)
	at org.openqa.selenium.remote.RemoteWebDriver.execute(RemoteWebDriver.java:598)
	at org.openqa.selenium.remote.RemoteWebDriver.execute(RemoteWebDriver.java:602)
	at org.openqa.selenium.remote.RemoteWebDriver.getScreenshotAs(RemoteWebDriver.java:318)
	at com.codeborne.selenide.impl.WebdriverPhotographer.takeScreenshot(WebdriverPhotographer.java:19)
	at com.codeborne.selenide.impl.ScreenShotLaboratory.savePageImageToFile(ScreenShotLaboratory.java:285)
	at com.codeborne.selenide.impl.ScreenShotLaboratory.takeScreenShot(ScreenShotLaboratory.java:134)
	at com.codeborne.selenide.impl.ScreenShotLaboratory.lambda$takeScreenshot$15(ScreenShotLaboratory.java:440)
	at com.codeborne.selenide.impl.ScreenShotLaboratory.ifReportsFolderNotNull(ScreenShotLaboratory.java:530)
	at com.codeborne.selenide.impl.ScreenShotLaboratory.lambda$takeScreenshot$16(ScreenShotLaboratory.java:439)
	at com.codeborne.selenide.impl.ScreenShotLaboratory.ifWebDriverStarted(ScreenShotLaboratory.java:520)
	at com.codeborne.selenide.impl.ScreenShotLaboratory.takeScreenshot(ScreenShotLaboratory.java:438)
	at com.codeborne.selenide.ex.UIAssertionError.wrapThrowable(UIAssertionError.java:123)
	at com.codeborne.selenide.ex.UIAssertionError.wrap(UIAssertionError.java:103)
	at com.codeborne.selenide.impl.SelenideElementProxy.invoke(SelenideElementProxy.java:89)
	at jdk.proxy2/jdk.proxy2.$Proxy16.shouldBe(Unknown Source)
	at org.example.ltuTest.downloadCourseSyllabus(ltuTest.java:374)
	at java.base/jdk.internal.reflect.DirectMethodHandleAccessor.invoke(DirectMethodHandleAccessor.java:104)
	at java.base/java.lang.reflect.Method.invoke(Method.java:578)
	at org.junit.platform.commons.util.ReflectionUtils.invokeMethod(ReflectionUtils.java:727)
	at org.junit.jupiter.engine.execution.MethodInvocation.proceed(MethodInvocation.java:60)
	at org.junit.jupiter.engine.execution.InvocationInterceptorChain$ValidatingInvocation.proceed(InvocationInterceptorChain.java:131)
	at org.junit.jupiter.engine.extension.TimeoutExtension.intercept(TimeoutExtension.java:156)
	at org.junit.jupiter.engine.extension.TimeoutExtension.interceptTestableMethod(TimeoutExtension.java:147)
	at org.junit.jupiter.engine.extension.TimeoutExtension.interceptTestMethod(TimeoutExtension.java:86)
	at org.junit.jupiter.engine.execution.InterceptingExecutableInvoker$ReflectiveInterceptorCall.lambda$ofVoidMethod$0(InterceptingExecutableInvoker.java:103)
	at org.junit.jupiter.engine.execution.InterceptingExecutableInvoker.lambda$invoke$0(InterceptingExecutableInvoker.java:93)
	at org.junit.jupiter.engine.execution.InvocationInterceptorChain$InterceptedInvocation.proceed(InvocationInterceptorChain.java:106)
	at org.junit.jupiter.engine.execution.InvocationInterceptorChain.proceed(InvocationInterceptorChain.java:64)
	at org.junit.jupiter.engine.execution.InvocationInterceptorChain.chainAndInvoke(InvocationInterceptorChain.java:45)
	at org.junit.jupiter.engine.execution.InvocationInterceptorChain.invoke(InvocationInterceptorChain.java:37)
	at org.junit.jupiter.engine.execution.InterceptingExecutableInvoker.invoke(InterceptingExecutableInvoker.java:92)
	at org.junit.jupiter.engine.execution.InterceptingExecutableInvoker.invoke(InterceptingExecutableInvoker.java:86)
	at org.junit.jupiter.engine.descriptor.TestMethodTestDescriptor.lambda$invokeTestMethod$7(TestMethodTestDescriptor.java:217)
	at org.junit.platform.engine.support.hierarchical.ThrowableCollector.execute(ThrowableCollector.java:73)
	at org.junit.jupiter.engine.descriptor.TestMethodTestDescriptor.invokeTestMethod(TestMethodTestDescriptor.java:213)
	at org.junit.jupiter.engine.descriptor.TestMethodTestDescriptor.execute(TestMethodTestDescriptor.java:138)
	at org.junit.jupiter.engine.descriptor.TestMethodTestDescriptor.execute(TestMethodTestDescriptor.java:68)
	at org.junit.platform.engine.support.hierarchical.NodeTestTask.lambda$executeRecursively$6(NodeTestTask.java:151)
	at org.junit.platform.engine.support.hierarchical.ThrowableCollector.execute(ThrowableCollector.java:73)
	at org.junit.platform.engine.support.hierarchical.NodeTestTask.lambda$executeRecursively$8(NodeTestTask.java:141)
	at org.junit.platform.engine.support.hierarchical.Node.around(Node.java:137)
	at org.junit.platform.engine.support.hierarchical.NodeTestTask.lambda$executeRecursively$9(NodeTestTask.java:139)
	at org.junit.platform.engine.support.hierarchical.ThrowableCollector.execute(ThrowableCollector.java:73)
	at org.junit.platform.engine.support.hierarchical.NodeTestTask.executeRecursively(NodeTestTask.java:138)
	at org.junit.platform.engine.support.hierarchical.NodeTestTask.execute(NodeTestTask.java:95)
	at java.base/java.util.ArrayList.forEach(ArrayList.java:1511)
	at org.junit.platform.engine.support.hierarchical.SameThreadHierarchicalTestExecutorService.invokeAll(SameThreadHierarchicalTestExecutorService.java:41)
	at org.junit.platform.engine.support.hierarchical.NodeTestTask.lambda$executeRecursively$6(NodeTestTask.java:155)
	at org.junit.platform.engine.support.hierarchical.ThrowableCollector.execute(ThrowableCollector.java:73)
	at org.junit.platform.engine.support.hierarchical.NodeTestTask.lambda$executeRecursively$8(NodeTestTask.java:141)
	at org.junit.platform.engine.support.hierarchical.Node.around(Node.java:137)
	at org.junit.platform.engine.support.hierarchical.NodeTestTask.lambda$executeRecursively$9(NodeTestTask.java:139)
	at org.junit.platform.engine.support.hierarchical.ThrowableCollector.execute(ThrowableCollector.java:73)
	at org.junit.platform.engine.support.hierarchical.NodeTestTask.executeRecursively(NodeTestTask.java:138)
	at org.junit.platform.engine.support.hierarchical.NodeTestTask.execute(NodeTestTask.java:95)
	at java.base/java.util.ArrayList.forEach(ArrayList.java:1511)
	at org.junit.platform.engine.support.hierarchical.SameThreadHierarchicalTestExecutorService.invokeAll(SameThreadHierarchicalTestExecutorService.java:41)
	at org.junit.platform.engine.support.hierarchical.NodeTestTask.lambda$executeRecursively$6(NodeTestTask.java:155)
	at org.junit.platform.engine.support.hierarchical.ThrowableCollector.execute(ThrowableCollector.java:73)
	at org.junit.platform.engine.support.hierarchical.NodeTestTask.lambda$executeRecursively$8(NodeTestTask.java:141)
	at org.junit.platform.engine.support.hierarchical.Node.around(Node.java:137)
	at org.junit.platform.engine.support.hierarchical.NodeTestTask.lambda$executeRecursively$9(NodeTestTask.java:139)
	at org.junit.platform.engine.support.hierarchical.ThrowableCollector.execute(ThrowableCollector.java:73)
	at org.junit.platform.engine.support.hierarchical.NodeTestTask.executeRecursively(NodeTestTask.java:138)
	at org.junit.platform.engine.support.hierarchical.NodeTestTask.execute(NodeTestTask.java:95)
	at org.junit.platform.engine.support.hierarchical.SameThreadHierarchicalTestExecutorService.submit(SameThreadHierarchicalTestExecutorService.java:35)
	at org.junit.platform.engine.support.hierarchical.HierarchicalTestExecutor.execute(HierarchicalTestExecutor.java:57)
	at org.junit.platform.engine.support.hierarchical.HierarchicalTestEngine.execute(HierarchicalTestEngine.java:54)
	at org.junit.platform.launcher.core.EngineExecutionOrchestrator.execute(EngineExecutionOrchestrator.java:147)
	at org.junit.platform.launcher.core.EngineExecutionOrchestrator.execute(EngineExecutionOrchestrator.java:127)
	at org.junit.platform.launcher.core.EngineExecutionOrchestrator.execute(EngineExecutionOrchestrator.java:90)
	at org.junit.platform.launcher.core.EngineExecutionOrchestrator.lambda$execute$0(EngineExecutionOrchestrator.java:55)
	at org.junit.platform.launcher.core.EngineExecutionOrchestrator.withInterceptedStreams(EngineExecutionOrchestrator.java:102)
	at org.junit.platform.launcher.core.EngineExecutionOrchestrator.execute(EngineExecutionOrchestrator.java:54)
	at org.junit.platform.launcher.core.DefaultLauncher.execute(DefaultLauncher.java:114)
	at org.junit.platform.launcher.core.DefaultLauncher.execute(DefaultLauncher.java:86)
	at org.junit.platform.launcher.core.DefaultLauncherSession$DelegatingLauncher.execute(DefaultLauncherSession.java:86)
	at org.junit.platform.launcher.core.SessionPerRequestLauncher.execute(SessionPerRequestLauncher.java:53)
	at com.intellij.junit5.JUnit5IdeaTestRunner.startRunnerWithArgs(JUnit5IdeaTestRunner.java:57)
	at com.intellij.rt.junit.IdeaTestRunner$Repeater$1.execute(IdeaTestRunner.java:38)
	at com.intellij.rt.execution.junit.TestsRepeater.repeat(TestsRepeater.java:11)
	at com.intellij.rt.junit.IdeaTestRunner$Repeater.startRunnerWithArgs(IdeaTestRunner.java:35)
	at com.intellij.rt.junit.JUnitStarter.prepareStreamsAndStart(JUnitStarter.java:232)
	at com.intellij.rt.junit.JUnitStarter.main(JUnitStarter.java:55)
2023-05-10 03:59:48,133 INFO [Thread-2] c.c.s.d.DisposablesRegistry [DisposablesRegistry.java:66] Run cleanup: size=1
2023-05-10 03:59:48,134 INFO [Thread-2] c.c.selenide.impl.FileHelper [FileHelper.java:82] Deleted empty folder: C:\Users\alaae\IdeaProjects\LTUTest\target\downloads\1683683970137_12776_1
2023-05-10 03:59:48,134 INFO [Thread-2] c.c.s.d.CloseDriverCommand [CloseDriverCommand.java:38] Close webdriver: 59 -> ChromeDriver: chrome on WINDOWS (46bbd48f2732a0028efcd30e1bc7bd8a)...
2023-05-10 03:59:48,268 INFO [Thread-2] c.c.s.d.CloseDriverCommand [CloseDriverCommand.java:40] Closed webdriver 59 in 134 ms
2023-05-10 03:59:48,268 INFO [Thread-2] c.c.s.d.DisposablesRegistry [DisposablesRegistry.java:68] Finished cleanup
2023-05-10 03:59:52,404 INFO [main] c.c.s.i.WebDriverThreadLocalContainer [WebDriverThreadLocalContainer.java:154] No webdriver is bound to current thread: 1 - let's create a new webdriver
2023-05-10 03:59:52,437 INFO [main] c.c.selenide.impl.FileHelper [FileHelper.java:46] Creating folder: C:\Users\alaae\IdeaProjects\LTUTest\target\downloads\1683683992426_11840_1
2023-05-10 03:59:52,793 INFO [main] i.g.bonigarcia.wdm.WebDriverManager [WebDriverManager.java:1238] Using chromedriver 113.0.5672.63 (resolved driver for Chrome 113)
2023-05-10 03:59:52,838 INFO [main] i.g.bonigarcia.wdm.WebDriverManager [WebDriverManager.java:1291] Exporting webdriver.chrome.driver as C:\Users\alaae\.cache\selenium\chromedriver\win32\113.0.5672.63\chromedriver.exe
2023-05-10 03:59:52,905 INFO [main] c.c.s.w.SelenideNettyClientFactory [SelenideNettyClientFactory.java:25] Changed readTimeout from PT3M to PT1M30S
2023-05-10 03:59:53,993 INFO [main] c.c.s.w.SelenideNettyClientFactory [SelenideNettyClientFactory.java:25] Changed readTimeout from PT3M to PT1M30S
2023-05-10 03:59:54,003 INFO [main] c.c.s.w.SelenideNettyClientFactory [SelenideNettyClientFactory.java:25] Changed readTimeout from PT3M to PT1M30S
2023-05-10 03:59:54,050 INFO [main] c.c.s.webdriver.WebDriverFactory [WebDriverFactory.java:148] BrowserName=chrome Version=113.0.5672.93 Platform=WINDOWS
2023-05-10 03:59:54,050 INFO [main] c.c.s.webdriver.WebDriverFactory [WebDriverFactory.java:75] Selenide v. 6.13.0
2023-05-10 03:59:54,050 INFO [main] c.c.s.webdriver.WebDriverFactory [WebDriverFactory.java:142] Selenium WebDriver v. 4.8.3 build revision: e5e76298c3
2023-05-10 03:59:54,050 INFO [main] c.c.s.d.CreateDriverCommand [CreateDriverCommand.java:78] Created webdriver in thread 1: ChromeDriver -> ChromeDriver: chrome on WINDOWS (dd4a8e0bbde6c9c83fa98d130a9aa92c)
2023-05-10 03:59:54,053 INFO [main] c.c.s.d.DisposablesRegistry [DisposablesRegistry.java:30] Register WebDriverInstance[config=StaticConfig,webDriver=ChromeDriver: chrome on WINDOWS (dd4a8e0bbde6c9c83fa98d130a9aa92c),proxy=null,downloadsFolder=C:\Users\alaae\IdeaProjects\LTUTest\target\downloads\1683683992426_11840_1] in 1 [size=1]
2023-05-10 03:59:54,053 INFO [main] c.c.s.d.DisposablesRegistry [DisposablesRegistry.java:32] Add shutdown hook in 1 [size=1]
2023-05-10 03:59:58,147 INFO [main] org.example.ltuTest [ltuTest.java:352] Clicked on the Canvas link.
2023-05-10 04:00:01,839 INFO [main] org.example.ltuTest [ltuTest.java:365] Clicked on the Courses button.
2023-05-10 04:00:04,893 INFO [main] org.example.ltuTest [ltuTest.java:376] Clicked on the course link.
2023-05-10 04:00:05,014 INFO [main] org.example.ltuTest [ltuTest.java:385] Clicked on the Syllabus link.
2023-05-10 04:00:15,567 INFO [Thread-2] c.c.s.d.DisposablesRegistry [DisposablesRegistry.java:66] Run cleanup: size=1
2023-05-10 04:00:15,568 INFO [Thread-2] c.c.selenide.impl.FileHelper [FileHelper.java:82] Deleted empty folder: C:\Users\alaae\IdeaProjects\LTUTest\target\downloads\1683683992426_11840_1
2023-05-10 04:00:15,568 INFO [Thread-2] c.c.s.d.CloseDriverCommand [CloseDriverCommand.java:38] Close webdriver: 59 -> ChromeDriver: chrome on WINDOWS (dd4a8e0bbde6c9c83fa98d130a9aa92c)...
2023-05-10 04:00:15,831 INFO [Thread-2] c.c.s.d.CloseDriverCommand [CloseDriverCommand.java:40] Closed webdriver 59 in 263 ms
2023-05-10 04:00:15,831 INFO [Thread-2] c.c.s.d.DisposablesRegistry [DisposablesRegistry.java:68] Finished cleanup
2023-05-10 04:00:28,210 INFO [main] c.c.s.i.WebDriverThreadLocalContainer [WebDriverThreadLocalContainer.java:154] No webdriver is bound to current thread: 1 - let's create a new webdriver
2023-05-10 04:00:28,244 INFO [main] c.c.selenide.impl.FileHelper [FileHelper.java:46] Creating folder: C:\Users\alaae\IdeaProjects\LTUTest\target\downloads\1683684028231_12908_1
2023-05-10 04:00:28,603 INFO [main] i.g.bonigarcia.wdm.WebDriverManager [WebDriverManager.java:1238] Using chromedriver 113.0.5672.63 (resolved driver for Chrome 113)
2023-05-10 04:00:28,648 INFO [main] i.g.bonigarcia.wdm.WebDriverManager [WebDriverManager.java:1291] Exporting webdriver.chrome.driver as C:\Users\alaae\.cache\selenium\chromedriver\win32\113.0.5672.63\chromedriver.exe
2023-05-10 04:00:28,718 INFO [main] c.c.s.w.SelenideNettyClientFactory [SelenideNettyClientFactory.java:25] Changed readTimeout from PT3M to PT1M30S
2023-05-10 04:00:29,829 INFO [main] c.c.s.w.SelenideNettyClientFactory [SelenideNettyClientFactory.java:25] Changed readTimeout from PT3M to PT1M30S
2023-05-10 04:00:29,837 INFO [main] c.c.s.w.SelenideNettyClientFactory [SelenideNettyClientFactory.java:25] Changed readTimeout from PT3M to PT1M30S
2023-05-10 04:00:29,886 INFO [main] c.c.s.webdriver.WebDriverFactory [WebDriverFactory.java:148] BrowserName=chrome Version=113.0.5672.93 Platform=WINDOWS
2023-05-10 04:00:29,886 INFO [main] c.c.s.webdriver.WebDriverFactory [WebDriverFactory.java:75] Selenide v. 6.13.0
2023-05-10 04:00:29,886 INFO [main] c.c.s.webdriver.WebDriverFactory [WebDriverFactory.java:142] Selenium WebDriver v. 4.8.3 build revision: e5e76298c3
2023-05-10 04:00:29,886 INFO [main] c.c.s.d.CreateDriverCommand [CreateDriverCommand.java:78] Created webdriver in thread 1: ChromeDriver -> ChromeDriver: chrome on WINDOWS (738393f376576cf5c3b7a59ed8591c76)
2023-05-10 04:00:29,888 INFO [main] c.c.s.d.DisposablesRegistry [DisposablesRegistry.java:30] Register WebDriverInstance[config=StaticConfig,webDriver=ChromeDriver: chrome on WINDOWS (738393f376576cf5c3b7a59ed8591c76),proxy=null,downloadsFolder=C:\Users\alaae\IdeaProjects\LTUTest\target\downloads\1683684028231_12908_1] in 1 [size=1]
2023-05-10 04:00:29,889 INFO [main] c.c.s.d.DisposablesRegistry [DisposablesRegistry.java:32] Add shutdown hook in 1 [size=1]
2023-05-10 04:00:36,256 INFO [main] org.example.ltuTest [ltuTest.java:352] Clicked on the Canvas link.
2023-05-10 04:00:40,622 INFO [main] org.example.ltuTest [ltuTest.java:365] Clicked on the Courses button.
2023-05-10 04:00:42,538 INFO [main] org.example.ltuTest [ltuTest.java:376] Clicked on the course link.
2023-05-10 04:00:42,812 INFO [main] org.example.ltuTest [ltuTest.java:385] Clicked on the Syllabus link.
2023-05-10 04:00:44,061 INFO [main] org.example.ltuTest [ltuTest.java:397] Clicked on the Syllabus link.
2023-05-10 04:00:49,064 INFO [main] org.example.ltuTest [ltuTest.java:401] Downloaded Syllabus successfully
2023-05-10 04:00:49,071 INFO [Thread-2] c.c.s.d.DisposablesRegistry [DisposablesRegistry.java:66] Run cleanup: size=1
2023-05-10 04:00:49,071 INFO [Thread-2] c.c.s.d.CloseDriverCommand [CloseDriverCommand.java:38] Close webdriver: 59 -> ChromeDriver: chrome on WINDOWS (738393f376576cf5c3b7a59ed8591c76)...
2023-05-10 04:00:49,100 WARN [AsyncHttpClient-1-4] o.a.netty.handler.WebSocketHandler [WebSocketHandler.java:142] onError
java.net.SocketException: Connection reset
	at java.base/sun.nio.ch.SocketChannelImpl.throwConnectionReset(SocketChannelImpl.java:401)
	at java.base/sun.nio.ch.SocketChannelImpl.read(SocketChannelImpl.java:434)
	at io.netty.buffer.PooledByteBuf.setBytes(PooledByteBuf.java:256)
	at io.netty.buffer.AbstractByteBuf.writeBytes(AbstractByteBuf.java:1132)
	at io.netty.channel.socket.nio.NioSocketChannel.doReadBytes(NioSocketChannel.java:357)
	at io.netty.channel.nio.AbstractNioByteChannel$NioByteUnsafe.read(AbstractNioByteChannel.java:151)
	at io.netty.channel.nio.NioEventLoop.processSelectedKey(NioEventLoop.java:788)
	at io.netty.channel.nio.NioEventLoop.processSelectedKeysOptimized(NioEventLoop.java:724)
	at io.netty.channel.nio.NioEventLoop.processSelectedKeys(NioEventLoop.java:650)
	at io.netty.channel.nio.NioEventLoop.run(NioEventLoop.java:562)
	at io.netty.util.concurrent.SingleThreadEventExecutor$4.run(SingleThreadEventExecutor.java:997)
	at io.netty.util.internal.ThreadExecutorMap$2.run(ThreadExecutorMap.java:74)
	at io.netty.util.concurrent.FastThreadLocalRunnable.run(FastThreadLocalRunnable.java:30)
	at java.base/java.lang.Thread.run(Thread.java:1623)
2023-05-10 04:00:49,249 INFO [Thread-2] c.c.s.d.CloseDriverCommand [CloseDriverCommand.java:40] Closed webdriver 59 in 178 ms
2023-05-10 04:00:49,249 INFO [Thread-2] c.c.s.d.DisposablesRegistry [DisposablesRegistry.java:68] Finished cleanup
2023-05-10 04:01:33,258 INFO [main] c.c.s.i.WebDriverThreadLocalContainer [WebDriverThreadLocalContainer.java:154] No webdriver is bound to current thread: 1 - let's create a new webdriver
2023-05-10 04:01:33,292 INFO [main] c.c.selenide.impl.FileHelper [FileHelper.java:46] Creating folder: C:\Users\alaae\IdeaProjects\LTUTest\target\downloads\1683684093281_35648_1
2023-05-10 04:01:33,652 INFO [main] i.g.bonigarcia.wdm.WebDriverManager [WebDriverManager.java:1238] Using chromedriver 113.0.5672.63 (resolved driver for Chrome 113)
2023-05-10 04:01:33,701 INFO [main] i.g.bonigarcia.wdm.WebDriverManager [WebDriverManager.java:1291] Exporting webdriver.chrome.driver as C:\Users\alaae\.cache\selenium\chromedriver\win32\113.0.5672.63\chromedriver.exe
2023-05-10 04:01:33,770 INFO [main] c.c.s.w.SelenideNettyClientFactory [SelenideNettyClientFactory.java:25] Changed readTimeout from PT3M to PT1M30S
2023-05-10 04:01:34,887 INFO [main] c.c.s.w.SelenideNettyClientFactory [SelenideNettyClientFactory.java:25] Changed readTimeout from PT3M to PT1M30S
2023-05-10 04:01:34,894 INFO [main] c.c.s.w.SelenideNettyClientFactory [SelenideNettyClientFactory.java:25] Changed readTimeout from PT3M to PT1M30S
2023-05-10 04:01:34,944 INFO [main] c.c.s.webdriver.WebDriverFactory [WebDriverFactory.java:148] BrowserName=chrome Version=113.0.5672.93 Platform=WINDOWS
2023-05-10 04:01:34,945 INFO [main] c.c.s.webdriver.WebDriverFactory [WebDriverFactory.java:75] Selenide v. 6.13.0
2023-05-10 04:01:34,945 INFO [main] c.c.s.webdriver.WebDriverFactory [WebDriverFactory.java:142] Selenium WebDriver v. 4.8.3 build revision: e5e76298c3
2023-05-10 04:01:34,945 INFO [main] c.c.s.d.CreateDriverCommand [CreateDriverCommand.java:78] Created webdriver in thread 1: ChromeDriver -> ChromeDriver: chrome on WINDOWS (e3582b6aa174964bf9bd79de9c8ec895)
2023-05-10 04:01:34,946 INFO [main] c.c.s.d.DisposablesRegistry [DisposablesRegistry.java:30] Register WebDriverInstance[config=StaticConfig,webDriver=ChromeDriver: chrome on WINDOWS (e3582b6aa174964bf9bd79de9c8ec895),proxy=null,downloadsFolder=C:\Users\alaae\IdeaProjects\LTUTest\target\downloads\1683684093281_35648_1] in 1 [size=1]
2023-05-10 04:01:34,947 INFO [main] c.c.s.d.DisposablesRegistry [DisposablesRegistry.java:32] Add shutdown hook in 1 [size=1]
2023-05-10 04:01:41,778 INFO [main] org.example.ltuTest [ltuTest.java:352] Clicked on the Canvas link.
2023-05-10 04:01:45,530 INFO [main] org.example.ltuTest [ltuTest.java:365] Clicked on the Courses button.
2023-05-10 04:01:55,589 ERROR [main] c.c.s.impl.ScreenShotLaboratory [ScreenShotLaboratory.java:295] Failed to take screenshot to 1683684115585.0
org.openqa.selenium.NoSuchWindowException: no such window: target window already closed
from unknown error: web view not found
  (Session info: chrome=113.0.5672.93)
Build info: version: '4.8.3', revision: 'e5e76298c3'
System info: os.name: 'Windows 11', os.arch: 'amd64', os.version: '10.0', java.version: '20.0.1'
Driver info: org.openqa.selenium.chrome.ChromeDriver
Command: [e3582b6aa174964bf9bd79de9c8ec895, screenshot {}]
Capabilities {acceptInsecureCerts: true, browserName: chrome, browserVersion: 113.0.5672.93, chrome: {chromedriverVersion: 113.0.5672.63 (0e1a4471d5ae..., userDataDir: C:\Users\alaae\AppData\Loca...}, goog:chromeOptions: {debuggerAddress: localhost:62561}, networkConnectionEnabled: false, pageLoadStrategy: normal, platformName: WINDOWS, proxy: Proxy(), se:cdp: ws://localhost:62561/devtoo..., se:cdpVersion: 113.0.5672.93, setWindowRect: true, strictFileInteractability: false, timeouts: {implicit: 0, pageLoad: 300000, script: 30000}, unhandledPromptBehavior: accept, webauthn:extension:credBlob: true, webauthn:extension:largeBlob: true, webauthn:extension:minPinLength: true, webauthn:extension:prf: true, webauthn:virtualAuthenticators: true}
Session ID: e3582b6aa174964bf9bd79de9c8ec895
	at java.base/jdk.internal.reflect.DirectConstructorHandleAccessor.newInstance(DirectConstructorHandleAccessor.java:67)
	at java.base/java.lang.reflect.Constructor.newInstanceWithCaller(Constructor.java:500)
	at java.base/java.lang.reflect.Constructor.newInstance(Constructor.java:484)
	at org.openqa.selenium.remote.codec.w3c.W3CHttpResponseCodec.createException(W3CHttpResponseCodec.java:200)
	at org.openqa.selenium.remote.codec.w3c.W3CHttpResponseCodec.decode(W3CHttpResponseCodec.java:133)
	at org.openqa.selenium.remote.codec.w3c.W3CHttpResponseCodec.decode(W3CHttpResponseCodec.java:53)
	at org.openqa.selenium.remote.HttpCommandExecutor.execute(HttpCommandExecutor.java:193)
	at org.openqa.selenium.remote.service.DriverCommandExecutor.invokeExecute(DriverCommandExecutor.java:183)
	at org.openqa.selenium.remote.service.DriverCommandExecutor.execute(DriverCommandExecutor.java:158)
	at org.openqa.selenium.remote.RemoteWebDriver.execute(RemoteWebDriver.java:543)
	at org.openqa.selenium.remote.RemoteWebDriver.execute(RemoteWebDriver.java:598)
	at org.openqa.selenium.remote.RemoteWebDriver.execute(RemoteWebDriver.java:602)
	at org.openqa.selenium.remote.RemoteWebDriver.getScreenshotAs(RemoteWebDriver.java:318)
	at com.codeborne.selenide.impl.WebdriverPhotographer.takeScreenshot(WebdriverPhotographer.java:19)
	at com.codeborne.selenide.impl.ScreenShotLaboratory.savePageImageToFile(ScreenShotLaboratory.java:285)
	at com.codeborne.selenide.impl.ScreenShotLaboratory.takeScreenShot(ScreenShotLaboratory.java:134)
	at com.codeborne.selenide.impl.ScreenShotLaboratory.lambda$takeScreenshot$15(ScreenShotLaboratory.java:440)
	at com.codeborne.selenide.impl.ScreenShotLaboratory.ifReportsFolderNotNull(ScreenShotLaboratory.java:530)
	at com.codeborne.selenide.impl.ScreenShotLaboratory.lambda$takeScreenshot$16(ScreenShotLaboratory.java:439)
	at com.codeborne.selenide.impl.ScreenShotLaboratory.ifWebDriverStarted(ScreenShotLaboratory.java:520)
	at com.codeborne.selenide.impl.ScreenShotLaboratory.takeScreenshot(ScreenShotLaboratory.java:438)
	at com.codeborne.selenide.ex.UIAssertionError.wrapThrowable(UIAssertionError.java:123)
	at com.codeborne.selenide.ex.UIAssertionError.wrap(UIAssertionError.java:103)
	at com.codeborne.selenide.impl.SelenideElementProxy.invoke(SelenideElementProxy.java:89)
	at jdk.proxy2/jdk.proxy2.$Proxy16.shouldBe(Unknown Source)
	at org.example.ltuTest.downloadCourseSyllabus(ltuTest.java:374)
	at java.base/jdk.internal.reflect.DirectMethodHandleAccessor.invoke(DirectMethodHandleAccessor.java:104)
	at java.base/java.lang.reflect.Method.invoke(Method.java:578)
	at org.junit.platform.commons.util.ReflectionUtils.invokeMethod(ReflectionUtils.java:727)
	at org.junit.jupiter.engine.execution.MethodInvocation.proceed(MethodInvocation.java:60)
	at org.junit.jupiter.engine.execution.InvocationInterceptorChain$ValidatingInvocation.proceed(InvocationInterceptorChain.java:131)
	at org.junit.jupiter.engine.extension.TimeoutExtension.intercept(TimeoutExtension.java:156)
	at org.junit.jupiter.engine.extension.TimeoutExtension.interceptTestableMethod(TimeoutExtension.java:147)
	at org.junit.jupiter.engine.extension.TimeoutExtension.interceptTestMethod(TimeoutExtension.java:86)
	at org.junit.jupiter.engine.execution.InterceptingExecutableInvoker$ReflectiveInterceptorCall.lambda$ofVoidMethod$0(InterceptingExecutableInvoker.java:103)
	at org.junit.jupiter.engine.execution.InterceptingExecutableInvoker.lambda$invoke$0(InterceptingExecutableInvoker.java:93)
	at org.junit.jupiter.engine.execution.InvocationInterceptorChain$InterceptedInvocation.proceed(InvocationInterceptorChain.java:106)
	at org.junit.jupiter.engine.execution.InvocationInterceptorChain.proceed(InvocationInterceptorChain.java:64)
	at org.junit.jupiter.engine.execution.InvocationInterceptorChain.chainAndInvoke(InvocationInterceptorChain.java:45)
	at org.junit.jupiter.engine.execution.InvocationInterceptorChain.invoke(InvocationInterceptorChain.java:37)
	at org.junit.jupiter.engine.execution.InterceptingExecutableInvoker.invoke(InterceptingExecutableInvoker.java:92)
	at org.junit.jupiter.engine.execution.InterceptingExecutableInvoker.invoke(InterceptingExecutableInvoker.java:86)
	at org.junit.jupiter.engine.descriptor.TestMethodTestDescriptor.lambda$invokeTestMethod$7(TestMethodTestDescriptor.java:217)
	at org.junit.platform.engine.support.hierarchical.ThrowableCollector.execute(ThrowableCollector.java:73)
	at org.junit.jupiter.engine.descriptor.TestMethodTestDescriptor.invokeTestMethod(TestMethodTestDescriptor.java:213)
	at org.junit.jupiter.engine.descriptor.TestMethodTestDescriptor.execute(TestMethodTestDescriptor.java:138)
	at org.junit.jupiter.engine.descriptor.TestMethodTestDescriptor.execute(TestMethodTestDescriptor.java:68)
	at org.junit.platform.engine.support.hierarchical.NodeTestTask.lambda$executeRecursively$6(NodeTestTask.java:151)
	at org.junit.platform.engine.support.hierarchical.ThrowableCollector.execute(ThrowableCollector.java:73)
	at org.junit.platform.engine.support.hierarchical.NodeTestTask.lambda$executeRecursively$8(NodeTestTask.java:141)
	at org.junit.platform.engine.support.hierarchical.Node.around(Node.java:137)
	at org.junit.platform.engine.support.hierarchical.NodeTestTask.lambda$executeRecursively$9(NodeTestTask.java:139)
	at org.junit.platform.engine.support.hierarchical.ThrowableCollector.execute(ThrowableCollector.java:73)
	at org.junit.platform.engine.support.hierarchical.NodeTestTask.executeRecursively(NodeTestTask.java:138)
	at org.junit.platform.engine.support.hierarchical.NodeTestTask.execute(NodeTestTask.java:95)
	at java.base/java.util.ArrayList.forEach(ArrayList.java:1511)
	at org.junit.platform.engine.support.hierarchical.SameThreadHierarchicalTestExecutorService.invokeAll(SameThreadHierarchicalTestExecutorService.java:41)
	at org.junit.platform.engine.support.hierarchical.NodeTestTask.lambda$executeRecursively$6(NodeTestTask.java:155)
	at org.junit.platform.engine.support.hierarchical.ThrowableCollector.execute(ThrowableCollector.java:73)
	at org.junit.platform.engine.support.hierarchical.NodeTestTask.lambda$executeRecursively$8(NodeTestTask.java:141)
	at org.junit.platform.engine.support.hierarchical.Node.around(Node.java:137)
	at org.junit.platform.engine.support.hierarchical.NodeTestTask.lambda$executeRecursively$9(NodeTestTask.java:139)
	at org.junit.platform.engine.support.hierarchical.ThrowableCollector.execute(ThrowableCollector.java:73)
	at org.junit.platform.engine.support.hierarchical.NodeTestTask.executeRecursively(NodeTestTask.java:138)
	at org.junit.platform.engine.support.hierarchical.NodeTestTask.execute(NodeTestTask.java:95)
	at java.base/java.util.ArrayList.forEach(ArrayList.java:1511)
	at org.junit.platform.engine.support.hierarchical.SameThreadHierarchicalTestExecutorService.invokeAll(SameThreadHierarchicalTestExecutorService.java:41)
	at org.junit.platform.engine.support.hierarchical.NodeTestTask.lambda$executeRecursively$6(NodeTestTask.java:155)
	at org.junit.platform.engine.support.hierarchical.ThrowableCollector.execute(ThrowableCollector.java:73)
	at org.junit.platform.engine.support.hierarchical.NodeTestTask.lambda$executeRecursively$8(NodeTestTask.java:141)
	at org.junit.platform.engine.support.hierarchical.Node.around(Node.java:137)
	at org.junit.platform.engine.support.hierarchical.NodeTestTask.lambda$executeRecursively$9(NodeTestTask.java:139)
	at org.junit.platform.engine.support.hierarchical.ThrowableCollector.execute(ThrowableCollector.java:73)
	at org.junit.platform.engine.support.hierarchical.NodeTestTask.executeRecursively(NodeTestTask.java:138)
	at org.junit.platform.engine.support.hierarchical.NodeTestTask.execute(NodeTestTask.java:95)
	at org.junit.platform.engine.support.hierarchical.SameThreadHierarchicalTestExecutorService.submit(SameThreadHierarchicalTestExecutorService.java:35)
	at org.junit.platform.engine.support.hierarchical.HierarchicalTestExecutor.execute(HierarchicalTestExecutor.java:57)
	at org.junit.platform.engine.support.hierarchical.HierarchicalTestEngine.execute(HierarchicalTestEngine.java:54)
	at org.junit.platform.launcher.core.EngineExecutionOrchestrator.execute(EngineExecutionOrchestrator.java:147)
	at org.junit.platform.launcher.core.EngineExecutionOrchestrator.execute(EngineExecutionOrchestrator.java:127)
	at org.junit.platform.launcher.core.EngineExecutionOrchestrator.execute(EngineExecutionOrchestrator.java:90)
	at org.junit.platform.launcher.core.EngineExecutionOrchestrator.lambda$execute$0(EngineExecutionOrchestrator.java:55)
	at org.junit.platform.launcher.core.EngineExecutionOrchestrator.withInterceptedStreams(EngineExecutionOrchestrator.java:102)
	at org.junit.platform.launcher.core.EngineExecutionOrchestrator.execute(EngineExecutionOrchestrator.java:54)
	at org.junit.platform.launcher.core.DefaultLauncher.execute(DefaultLauncher.java:114)
	at org.junit.platform.launcher.core.DefaultLauncher.execute(DefaultLauncher.java:86)
	at org.junit.platform.launcher.core.DefaultLauncherSession$DelegatingLauncher.execute(DefaultLauncherSession.java:86)
	at org.junit.platform.launcher.core.SessionPerRequestLauncher.execute(SessionPerRequestLauncher.java:53)
	at com.intellij.junit5.JUnit5IdeaTestRunner.startRunnerWithArgs(JUnit5IdeaTestRunner.java:57)
	at com.intellij.rt.junit.IdeaTestRunner$Repeater$1.execute(IdeaTestRunner.java:38)
	at com.intellij.rt.execution.junit.TestsRepeater.repeat(TestsRepeater.java:11)
	at com.intellij.rt.junit.IdeaTestRunner$Repeater.startRunnerWithArgs(IdeaTestRunner.java:35)
	at com.intellij.rt.junit.JUnitStarter.prepareStreamsAndStart(JUnitStarter.java:232)
	at com.intellij.rt.junit.JUnitStarter.main(JUnitStarter.java:55)
2023-05-10 04:01:55,611 INFO [Thread-2] c.c.s.d.DisposablesRegistry [DisposablesRegistry.java:66] Run cleanup: size=1
2023-05-10 04:01:55,612 INFO [Thread-2] c.c.selenide.impl.FileHelper [FileHelper.java:82] Deleted empty folder: C:\Users\alaae\IdeaProjects\LTUTest\target\downloads\1683684093281_35648_1
2023-05-10 04:01:55,612 INFO [Thread-2] c.c.s.d.CloseDriverCommand [CloseDriverCommand.java:38] Close webdriver: 59 -> ChromeDriver: chrome on WINDOWS (e3582b6aa174964bf9bd79de9c8ec895)...
2023-05-10 04:01:55,815 INFO [Thread-2] c.c.s.d.CloseDriverCommand [CloseDriverCommand.java:40] Closed webdriver 59 in 203 ms
2023-05-10 04:01:55,815 INFO [Thread-2] c.c.s.d.DisposablesRegistry [DisposablesRegistry.java:68] Finished cleanup
2023-05-10 04:01:59,766 INFO [main] c.c.s.i.WebDriverThreadLocalContainer [WebDriverThreadLocalContainer.java:154] No webdriver is bound to current thread: 1 - let's create a new webdriver
2023-05-10 04:01:59,800 INFO [main] c.c.selenide.impl.FileHelper [FileHelper.java:46] Creating folder: C:\Users\alaae\IdeaProjects\LTUTest\target\downloads\1683684119788_13244_1
2023-05-10 04:02:00,159 INFO [main] i.g.bonigarcia.wdm.WebDriverManager [WebDriverManager.java:1238] Using chromedriver 113.0.5672.63 (resolved driver for Chrome 113)
2023-05-10 04:02:00,208 INFO [main] i.g.bonigarcia.wdm.WebDriverManager [WebDriverManager.java:1291] Exporting webdriver.chrome.driver as C:\Users\alaae\.cache\selenium\chromedriver\win32\113.0.5672.63\chromedriver.exe
2023-05-10 04:02:00,292 INFO [main] c.c.s.w.SelenideNettyClientFactory [SelenideNettyClientFactory.java:25] Changed readTimeout from PT3M to PT1M30S
2023-05-10 04:02:01,371 INFO [main] c.c.s.w.SelenideNettyClientFactory [SelenideNettyClientFactory.java:25] Changed readTimeout from PT3M to PT1M30S
2023-05-10 04:02:01,379 INFO [main] c.c.s.w.SelenideNettyClientFactory [SelenideNettyClientFactory.java:25] Changed readTimeout from PT3M to PT1M30S
2023-05-10 04:02:01,427 INFO [main] c.c.s.webdriver.WebDriverFactory [WebDriverFactory.java:148] BrowserName=chrome Version=113.0.5672.93 Platform=WINDOWS
2023-05-10 04:02:01,427 INFO [main] c.c.s.webdriver.WebDriverFactory [WebDriverFactory.java:75] Selenide v. 6.13.0
2023-05-10 04:02:01,428 INFO [main] c.c.s.webdriver.WebDriverFactory [WebDriverFactory.java:142] Selenium WebDriver v. 4.8.3 build revision: e5e76298c3
2023-05-10 04:02:01,428 INFO [main] c.c.s.d.CreateDriverCommand [CreateDriverCommand.java:78] Created webdriver in thread 1: ChromeDriver -> ChromeDriver: chrome on WINDOWS (9ed29f20a20647529b6a8d033ee7eb8c)
2023-05-10 04:02:01,429 INFO [main] c.c.s.d.DisposablesRegistry [DisposablesRegistry.java:30] Register WebDriverInstance[config=StaticConfig,webDriver=ChromeDriver: chrome on WINDOWS (9ed29f20a20647529b6a8d033ee7eb8c),proxy=null,downloadsFolder=C:\Users\alaae\IdeaProjects\LTUTest\target\downloads\1683684119788_13244_1] in 1 [size=1]
2023-05-10 04:02:01,429 INFO [main] c.c.s.d.DisposablesRegistry [DisposablesRegistry.java:32] Add shutdown hook in 1 [size=1]
2023-05-10 04:02:07,981 INFO [main] org.example.ltuTest [ltuTest.java:352] Clicked on the Canvas link.
2023-05-10 04:02:11,169 INFO [main] org.example.ltuTest [ltuTest.java:365] Clicked on the Courses button.
2023-05-10 04:02:12,630 INFO [main] org.example.ltuTest [ltuTest.java:376] Clicked on the course link.
2023-05-10 04:02:12,792 INFO [main] org.example.ltuTest [ltuTest.java:385] Clicked on the Syllabus link.
2023-05-10 04:02:14,394 INFO [main] org.example.ltuTest [ltuTest.java:397] Clicked on the Syllabus link.
2023-05-10 04:02:55,400 INFO [Thread-2] c.c.s.d.DisposablesRegistry [DisposablesRegistry.java:66] Run cleanup: size=1
2023-05-10 04:02:55,402 INFO [Thread-2] c.c.s.d.CloseDriverCommand [CloseDriverCommand.java:38] Close webdriver: 59 -> ChromeDriver: chrome on WINDOWS (9ed29f20a20647529b6a8d033ee7eb8c)...
2023-05-10 04:02:55,428 WARN [AsyncHttpClient-1-4] o.a.netty.handler.WebSocketHandler [WebSocketHandler.java:142] onError
java.net.SocketException: Connection reset
	at java.base/sun.nio.ch.SocketChannelImpl.throwConnectionReset(SocketChannelImpl.java:401)
	at java.base/sun.nio.ch.SocketChannelImpl.read(SocketChannelImpl.java:434)
	at io.netty.buffer.PooledByteBuf.setBytes(PooledByteBuf.java:256)
	at io.netty.buffer.AbstractByteBuf.writeBytes(AbstractByteBuf.java:1132)
	at io.netty.channel.socket.nio.NioSocketChannel.doReadBytes(NioSocketChannel.java:357)
	at io.netty.channel.nio.AbstractNioByteChannel$NioByteUnsafe.read(AbstractNioByteChannel.java:151)
	at io.netty.channel.nio.NioEventLoop.processSelectedKey(NioEventLoop.java:788)
	at io.netty.channel.nio.NioEventLoop.processSelectedKeysOptimized(NioEventLoop.java:724)
	at io.netty.channel.nio.NioEventLoop.processSelectedKeys(NioEventLoop.java:650)
	at io.netty.channel.nio.NioEventLoop.run(NioEventLoop.java:562)
	at io.netty.util.concurrent.SingleThreadEventExecutor$4.run(SingleThreadEventExecutor.java:997)
	at io.netty.util.internal.ThreadExecutorMap$2.run(ThreadExecutorMap.java:74)
	at io.netty.util.concurrent.FastThreadLocalRunnable.run(FastThreadLocalRunnable.java:30)
	at java.base/java.lang.Thread.run(Thread.java:1623)
2023-05-10 04:02:55,594 INFO [Thread-2] c.c.s.d.CloseDriverCommand [CloseDriverCommand.java:40] Closed webdriver 59 in 192 ms
2023-05-10 04:02:55,594 INFO [Thread-2] c.c.s.d.DisposablesRegistry [DisposablesRegistry.java:68] Finished cleanup
2023-05-10 04:09:17,954 INFO [main] c.c.s.i.WebDriverThreadLocalContainer [WebDriverThreadLocalContainer.java:154] No webdriver is bound to current thread: 1 - let's create a new webdriver
2023-05-10 04:09:17,988 INFO [main] c.c.selenide.impl.FileHelper [FileHelper.java:46] Creating folder: C:\Users\alaae\IdeaProjects\LTUTest\target\downloads\1683684557976_8072_1
2023-05-10 04:09:18,416 INFO [main] i.g.bonigarcia.wdm.WebDriverManager [WebDriverManager.java:1238] Using chromedriver 113.0.5672.63 (resolved driver for Chrome 113)
2023-05-10 04:09:18,480 INFO [main] i.g.bonigarcia.wdm.WebDriverManager [WebDriverManager.java:1291] Exporting webdriver.chrome.driver as C:\Users\alaae\.cache\selenium\chromedriver\win32\113.0.5672.63\chromedriver.exe
2023-05-10 04:09:18,550 INFO [main] c.c.s.w.SelenideNettyClientFactory [SelenideNettyClientFactory.java:25] Changed readTimeout from PT3M to PT1M30S
2023-05-10 04:09:19,813 INFO [main] c.c.s.w.SelenideNettyClientFactory [SelenideNettyClientFactory.java:25] Changed readTimeout from PT3M to PT1M30S
2023-05-10 04:09:19,822 INFO [main] c.c.s.w.SelenideNettyClientFactory [SelenideNettyClientFactory.java:25] Changed readTimeout from PT3M to PT1M30S
2023-05-10 04:09:19,874 INFO [main] c.c.s.webdriver.WebDriverFactory [WebDriverFactory.java:148] BrowserName=chrome Version=113.0.5672.93 Platform=WINDOWS
2023-05-10 04:09:19,875 INFO [main] c.c.s.webdriver.WebDriverFactory [WebDriverFactory.java:75] Selenide v. 6.13.0
2023-05-10 04:09:19,875 INFO [main] c.c.s.webdriver.WebDriverFactory [WebDriverFactory.java:142] Selenium WebDriver v. 4.8.3 build revision: e5e76298c3
2023-05-10 04:09:19,875 INFO [main] c.c.s.d.CreateDriverCommand [CreateDriverCommand.java:78] Created webdriver in thread 1: ChromeDriver -> ChromeDriver: chrome on WINDOWS (c532b3696c223469cc3dc1bd92853aa5)
2023-05-10 04:09:19,876 INFO [main] c.c.s.d.DisposablesRegistry [DisposablesRegistry.java:30] Register WebDriverInstance[config=StaticConfig,webDriver=ChromeDriver: chrome on WINDOWS (c532b3696c223469cc3dc1bd92853aa5),proxy=null,downloadsFolder=C:\Users\alaae\IdeaProjects\LTUTest\target\downloads\1683684557976_8072_1] in 1 [size=1]
2023-05-10 04:09:19,877 INFO [main] c.c.s.d.DisposablesRegistry [DisposablesRegistry.java:32] Add shutdown hook in 1 [size=1]
2023-05-10 04:09:26,917 INFO [main] org.example.ltuTest [ltuTest.java:363] Clicked on the Canvas link.
2023-05-10 04:09:30,693 INFO [main] org.example.ltuTest [ltuTest.java:376] Clicked on the Courses button.
2023-05-10 04:09:34,482 INFO [main] org.example.ltuTest [ltuTest.java:387] Clicked on the course link.
2023-05-10 04:09:34,582 INFO [main] org.example.ltuTest [ltuTest.java:396] Clicked on the Syllabus link.
2023-05-10 04:09:36,521 INFO [main] org.example.ltuTest [ltuTest.java:408] Clicked on the Syllabus link.
2023-05-10 04:09:41,528 INFO [main] org.example.ltuTest [ltuTest.java:412] Downloaded Syllabus successfully
2023-05-10 04:09:41,617 INFO [Thread-2] c.c.s.d.DisposablesRegistry [DisposablesRegistry.java:66] Run cleanup: size=1
2023-05-10 04:09:41,617 INFO [Thread-2] c.c.s.d.CloseDriverCommand [CloseDriverCommand.java:38] Close webdriver: 59 -> ChromeDriver: chrome on WINDOWS (c532b3696c223469cc3dc1bd92853aa5)...
2023-05-10 04:09:41,617 ERROR [Thread-4] org.example.ltuTest [ltuTest.java:111] Failed to log out
java.lang.IllegalStateException: No webdriver is bound to current thread: 61. You need to call open(url) first.
	at com.codeborne.selenide.impl.WebDriverThreadLocalContainer.lambda$getWebDriver$1(WebDriverThreadLocalContainer.java:144)
	at java.base/java.util.Optional.orElseThrow(Optional.java:403)
	at com.codeborne.selenide.impl.WebDriverThreadLocalContainer.getWebDriver(WebDriverThreadLocalContainer.java:143)
	at com.codeborne.selenide.WebDriverRunner.getWebDriver(WebDriverRunner.java:112)
	at com.codeborne.selenide.impl.StaticDriver.getWebDriver(StaticDriver.java:51)
	at com.codeborne.selenide.impl.WebElementSelector.findElement(WebElementSelector.java:40)
	at com.codeborne.selenide.impl.WebElementSelector.findElement(WebElementSelector.java:33)
	at com.codeborne.selenide.impl.ElementFinder.getWebElement(ElementFinder.java:122)
	at com.codeborne.selenide.impl.WebElementSource.checkConditionAndReturnElement(WebElementSource.java:113)
	at com.codeborne.selenide.impl.WebElementSource.checkCondition(WebElementSource.java:101)
	at com.codeborne.selenide.commands.Should.execute(Should.java:30)
	at com.codeborne.selenide.commands.Should.execute(Should.java:14)
	at com.codeborne.selenide.commands.Commands.execute(Commands.java:160)
	at com.codeborne.selenide.impl.SelenideElementProxy.dispatchAndRetry(SelenideElementProxy.java:132)
	at com.codeborne.selenide.impl.SelenideElementProxy.invoke(SelenideElementProxy.java:84)
	at jdk.proxy2/jdk.proxy2.$Proxy16.shouldBe(Unknown Source)
	at org.example.ltuTest.lambda$setup$0(ltuTest.java:106)
	at java.base/java.lang.Thread.run(Thread.java:1623)
2023-05-10 04:09:41,657 WARN [AsyncHttpClient-1-4] o.a.netty.handler.WebSocketHandler [WebSocketHandler.java:142] onError
java.net.SocketException: Connection reset
	at java.base/sun.nio.ch.SocketChannelImpl.throwConnectionReset(SocketChannelImpl.java:401)
	at java.base/sun.nio.ch.SocketChannelImpl.read(SocketChannelImpl.java:434)
	at io.netty.buffer.PooledByteBuf.setBytes(PooledByteBuf.java:256)
	at io.netty.buffer.AbstractByteBuf.writeBytes(AbstractByteBuf.java:1132)
	at io.netty.channel.socket.nio.NioSocketChannel.doReadBytes(NioSocketChannel.java:357)
	at io.netty.channel.nio.AbstractNioByteChannel$NioByteUnsafe.read(AbstractNioByteChannel.java:151)
	at io.netty.channel.nio.NioEventLoop.processSelectedKey(NioEventLoop.java:788)
	at io.netty.channel.nio.NioEventLoop.processSelectedKeysOptimized(NioEventLoop.java:724)
	at io.netty.channel.nio.NioEventLoop.processSelectedKeys(NioEventLoop.java:650)
	at io.netty.channel.nio.NioEventLoop.run(NioEventLoop.java:562)
	at io.netty.util.concurrent.SingleThreadEventExecutor$4.run(SingleThreadEventExecutor.java:997)
	at io.netty.util.internal.ThreadExecutorMap$2.run(ThreadExecutorMap.java:74)
	at io.netty.util.concurrent.FastThreadLocalRunnable.run(FastThreadLocalRunnable.java:30)
	at java.base/java.lang.Thread.run(Thread.java:1623)
2023-05-10 04:09:41,812 INFO [Thread-2] c.c.s.d.CloseDriverCommand [CloseDriverCommand.java:40] Closed webdriver 59 in 195 ms
2023-05-10 04:09:41,812 INFO [Thread-2] c.c.s.d.DisposablesRegistry [DisposablesRegistry.java:68] Finished cleanup
2023-05-10 04:10:08,028 INFO [main] c.c.s.i.WebDriverThreadLocalContainer [WebDriverThreadLocalContainer.java:154] No webdriver is bound to current thread: 1 - let's create a new webdriver
2023-05-10 04:10:08,062 INFO [main] c.c.selenide.impl.FileHelper [FileHelper.java:46] Creating folder: C:\Users\alaae\IdeaProjects\LTUTest\target\downloads\1683684608050_26408_1
2023-05-10 04:10:08,405 INFO [main] i.g.bonigarcia.wdm.WebDriverManager [WebDriverManager.java:1238] Using chromedriver 113.0.5672.63 (resolved driver for Chrome 113)
2023-05-10 04:10:08,451 INFO [main] i.g.bonigarcia.wdm.WebDriverManager [WebDriverManager.java:1291] Exporting webdriver.chrome.driver as C:\Users\alaae\.cache\selenium\chromedriver\win32\113.0.5672.63\chromedriver.exe
2023-05-10 04:10:08,538 INFO [main] c.c.s.w.SelenideNettyClientFactory [SelenideNettyClientFactory.java:25] Changed readTimeout from PT3M to PT1M30S
2023-05-10 04:10:09,650 INFO [main] c.c.s.w.SelenideNettyClientFactory [SelenideNettyClientFactory.java:25] Changed readTimeout from PT3M to PT1M30S
2023-05-10 04:10:09,658 INFO [main] c.c.s.w.SelenideNettyClientFactory [SelenideNettyClientFactory.java:25] Changed readTimeout from PT3M to PT1M30S
2023-05-10 04:10:09,710 INFO [main] c.c.s.webdriver.WebDriverFactory [WebDriverFactory.java:148] BrowserName=chrome Version=113.0.5672.93 Platform=WINDOWS
2023-05-10 04:10:09,711 INFO [main] c.c.s.webdriver.WebDriverFactory [WebDriverFactory.java:75] Selenide v. 6.13.0
2023-05-10 04:10:09,711 INFO [main] c.c.s.webdriver.WebDriverFactory [WebDriverFactory.java:142] Selenium WebDriver v. 4.8.3 build revision: e5e76298c3
2023-05-10 04:10:09,711 INFO [main] c.c.s.d.CreateDriverCommand [CreateDriverCommand.java:78] Created webdriver in thread 1: ChromeDriver -> ChromeDriver: chrome on WINDOWS (50052683997c2599a8319c4c74d206a9)
2023-05-10 04:10:09,713 INFO [main] c.c.s.d.DisposablesRegistry [DisposablesRegistry.java:30] Register WebDriverInstance[config=StaticConfig,webDriver=ChromeDriver: chrome on WINDOWS (50052683997c2599a8319c4c74d206a9),proxy=null,downloadsFolder=C:\Users\alaae\IdeaProjects\LTUTest\target\downloads\1683684608050_26408_1] in 1 [size=1]
2023-05-10 04:10:09,713 INFO [main] c.c.s.d.DisposablesRegistry [DisposablesRegistry.java:32] Add shutdown hook in 1 [size=1]
2023-05-10 04:10:16,985 INFO [main] org.example.ltuTest [ltuTest.java:363] Clicked on the Canvas link.
2023-05-10 04:10:20,936 INFO [main] org.example.ltuTest [ltuTest.java:376] Clicked on the Courses button.
2023-05-10 04:10:22,801 INFO [main] org.example.ltuTest [ltuTest.java:387] Clicked on the course link.
2023-05-10 04:10:22,905 INFO [main] org.example.ltuTest [ltuTest.java:396] Clicked on the Syllabus link.
2023-05-10 04:10:24,156 INFO [main] org.example.ltuTest [ltuTest.java:408] Clicked on the Syllabus link.
2023-05-10 04:10:29,168 INFO [main] org.example.ltuTest [ltuTest.java:412] Downloaded Syllabus successfully
2023-05-10 04:10:29,364 INFO [main] org.example.ltuTest [ltuTest.java:123] Clicked on the Canvas link.
2023-05-10 04:10:29,541 INFO [main] org.example.ltuTest [ltuTest.java:137] Clicked on the Courses button.
2023-05-10 04:10:30,709 INFO [main] org.example.ltuTest [ltuTest.java:148] Clicked on the course link.
2023-05-10 04:10:31,715 INFO [main] org.example.ltuTest [ltuTest.java:159] Clicked on the Modules link.
2023-05-10 04:10:31,830 INFO [main] org.example.ltuTest [ltuTest.java:169] Clicked on the Final Examination element.
2023-05-10 04:10:32,753 INFO [main] org.example.ltuTest [ltuTest.java:172] Clicked on the Final Examination link.
2023-05-10 04:10:33,057 INFO [main] org.example.ltuTest [ltuTest.java:187] Found the expected text: The examination is on Tuesday, May 30th, from 9:00 - 14:00.
2023-05-10 04:10:33,257 INFO [main] org.example.ltuTest [ltuTest.java:285] Clicked on Certificates element
2023-05-10 04:10:43,539 INFO [Thread-2] c.c.s.d.DisposablesRegistry [DisposablesRegistry.java:66] Run cleanup: size=1
2023-05-10 04:10:43,540 INFO [Thread-2] c.c.s.d.CloseDriverCommand [CloseDriverCommand.java:38] Close webdriver: 59 -> ChromeDriver: chrome on WINDOWS (50052683997c2599a8319c4c74d206a9)...
2023-05-10 04:10:43,539 ERROR [Thread-4] org.example.ltuTest [ltuTest.java:111] Failed to log out
java.lang.IllegalStateException: No webdriver is bound to current thread: 61. You need to call open(url) first.
	at com.codeborne.selenide.impl.WebDriverThreadLocalContainer.lambda$getWebDriver$1(WebDriverThreadLocalContainer.java:144)
	at java.base/java.util.Optional.orElseThrow(Optional.java:403)
	at com.codeborne.selenide.impl.WebDriverThreadLocalContainer.getWebDriver(WebDriverThreadLocalContainer.java:143)
	at com.codeborne.selenide.WebDriverRunner.getWebDriver(WebDriverRunner.java:112)
	at com.codeborne.selenide.impl.StaticDriver.getWebDriver(StaticDriver.java:51)
	at com.codeborne.selenide.impl.WebElementSelector.findElement(WebElementSelector.java:40)
	at com.codeborne.selenide.impl.WebElementSelector.findElement(WebElementSelector.java:33)
	at com.codeborne.selenide.impl.ElementFinder.getWebElement(ElementFinder.java:122)
	at com.codeborne.selenide.impl.WebElementSource.checkConditionAndReturnElement(WebElementSource.java:113)
	at com.codeborne.selenide.impl.WebElementSource.checkCondition(WebElementSource.java:101)
	at com.codeborne.selenide.commands.Should.execute(Should.java:30)
	at com.codeborne.selenide.commands.Should.execute(Should.java:14)
	at com.codeborne.selenide.commands.Commands.execute(Commands.java:160)
	at com.codeborne.selenide.impl.SelenideElementProxy.dispatchAndRetry(SelenideElementProxy.java:132)
	at com.codeborne.selenide.impl.SelenideElementProxy.invoke(SelenideElementProxy.java:84)
	at jdk.proxy2/jdk.proxy2.$Proxy16.shouldBe(Unknown Source)
	at org.example.ltuTest.lambda$setup$0(ltuTest.java:106)
	at java.base/java.lang.Thread.run(Thread.java:1623)
2023-05-10 04:10:43,570 WARN [AsyncHttpClient-1-4] o.a.netty.handler.WebSocketHandler [WebSocketHandler.java:142] onError
java.net.SocketException: Connection reset
	at java.base/sun.nio.ch.SocketChannelImpl.throwConnectionReset(SocketChannelImpl.java:401)
	at java.base/sun.nio.ch.SocketChannelImpl.read(SocketChannelImpl.java:434)
	at io.netty.buffer.PooledByteBuf.setBytes(PooledByteBuf.java:256)
	at io.netty.buffer.AbstractByteBuf.writeBytes(AbstractByteBuf.java:1132)
	at io.netty.channel.socket.nio.NioSocketChannel.doReadBytes(NioSocketChannel.java:357)
	at io.netty.channel.nio.AbstractNioByteChannel$NioByteUnsafe.read(AbstractNioByteChannel.java:151)
	at io.netty.channel.nio.NioEventLoop.processSelectedKey(NioEventLoop.java:788)
	at io.netty.channel.nio.NioEventLoop.processSelectedKeysOptimized(NioEventLoop.java:724)
	at io.netty.channel.nio.NioEventLoop.processSelectedKeys(NioEventLoop.java:650)
	at io.netty.channel.nio.NioEventLoop.run(NioEventLoop.java:562)
	at io.netty.util.concurrent.SingleThreadEventExecutor$4.run(SingleThreadEventExecutor.java:997)
	at io.netty.util.internal.ThreadExecutorMap$2.run(ThreadExecutorMap.java:74)
	at io.netty.util.concurrent.FastThreadLocalRunnable.run(FastThreadLocalRunnable.java:30)
	at java.base/java.lang.Thread.run(Thread.java:1623)
2023-05-10 04:10:43,769 INFO [Thread-2] c.c.s.d.CloseDriverCommand [CloseDriverCommand.java:40] Closed webdriver 59 in 229 ms
2023-05-10 04:10:43,769 INFO [Thread-2] c.c.s.d.DisposablesRegistry [DisposablesRegistry.java:68] Finished cleanup
2023-05-10 04:11:41,471 INFO [main] c.c.s.i.WebDriverThreadLocalContainer [WebDriverThreadLocalContainer.java:154] No webdriver is bound to current thread: 1 - let's create a new webdriver
2023-05-10 04:11:41,504 INFO [main] c.c.selenide.impl.FileHelper [FileHelper.java:46] Creating folder: C:\Users\alaae\IdeaProjects\LTUTest\target\downloads\1683684701493_31060_1
2023-05-10 04:11:41,855 INFO [main] i.g.bonigarcia.wdm.WebDriverManager [WebDriverManager.java:1238] Using chromedriver 113.0.5672.63 (resolved driver for Chrome 113)
2023-05-10 04:11:41,904 INFO [main] i.g.bonigarcia.wdm.WebDriverManager [WebDriverManager.java:1291] Exporting webdriver.chrome.driver as C:\Users\alaae\.cache\selenium\chromedriver\win32\113.0.5672.63\chromedriver.exe
2023-05-10 04:11:41,991 INFO [main] c.c.s.w.SelenideNettyClientFactory [SelenideNettyClientFactory.java:25] Changed readTimeout from PT3M to PT1M30S
2023-05-10 04:11:43,111 INFO [main] c.c.s.w.SelenideNettyClientFactory [SelenideNettyClientFactory.java:25] Changed readTimeout from PT3M to PT1M30S
2023-05-10 04:11:43,120 INFO [main] c.c.s.w.SelenideNettyClientFactory [SelenideNettyClientFactory.java:25] Changed readTimeout from PT3M to PT1M30S
2023-05-10 04:11:43,177 INFO [main] c.c.s.webdriver.WebDriverFactory [WebDriverFactory.java:148] BrowserName=chrome Version=113.0.5672.93 Platform=WINDOWS
2023-05-10 04:11:43,177 INFO [main] c.c.s.webdriver.WebDriverFactory [WebDriverFactory.java:75] Selenide v. 6.13.0
2023-05-10 04:11:43,178 INFO [main] c.c.s.webdriver.WebDriverFactory [WebDriverFactory.java:142] Selenium WebDriver v. 4.8.3 build revision: e5e76298c3
2023-05-10 04:11:43,178 INFO [main] c.c.s.d.CreateDriverCommand [CreateDriverCommand.java:78] Created webdriver in thread 1: ChromeDriver -> ChromeDriver: chrome on WINDOWS (0506da54fb7510c7e96dc4f677eeeaf9)
2023-05-10 04:11:43,180 INFO [main] c.c.s.d.DisposablesRegistry [DisposablesRegistry.java:30] Register WebDriverInstance[config=StaticConfig,webDriver=ChromeDriver: chrome on WINDOWS (0506da54fb7510c7e96dc4f677eeeaf9),proxy=null,downloadsFolder=C:\Users\alaae\IdeaProjects\LTUTest\target\downloads\1683684701493_31060_1] in 1 [size=1]
2023-05-10 04:11:43,180 INFO [main] c.c.s.d.DisposablesRegistry [DisposablesRegistry.java:32] Add shutdown hook in 1 [size=1]
2023-05-10 04:11:48,116 INFO [main] org.example.ltuTest [ltuTest.java:364] Clicked on the Canvas link.
2023-05-10 04:11:52,732 INFO [main] org.example.ltuTest [ltuTest.java:377] Clicked on the Courses button.
2023-05-10 04:11:54,149 INFO [main] org.example.ltuTest [ltuTest.java:388] Clicked on the course link.
2023-05-10 04:11:54,239 INFO [main] org.example.ltuTest [ltuTest.java:397] Clicked on the Syllabus link.
2023-05-10 04:11:55,862 INFO [main] org.example.ltuTest [ltuTest.java:409] Clicked on the Syllabus link.
2023-05-10 04:12:00,870 INFO [main] org.example.ltuTest [ltuTest.java:413] Downloaded Syllabus successfully
2023-05-10 04:12:01,062 INFO [main] org.example.ltuTest [ltuTest.java:124] Clicked on the Canvas link.
2023-05-10 04:12:01,228 INFO [main] org.example.ltuTest [ltuTest.java:138] Clicked on the Courses button.
2023-05-10 04:12:02,403 INFO [main] org.example.ltuTest [ltuTest.java:149] Clicked on the course link.
2023-05-10 04:12:03,306 INFO [main] org.example.ltuTest [ltuTest.java:160] Clicked on the Modules link.
2023-05-10 04:12:03,422 INFO [main] org.example.ltuTest [ltuTest.java:170] Clicked on the Final Examination element.
2023-05-10 04:12:04,342 INFO [main] org.example.ltuTest [ltuTest.java:173] Clicked on the Final Examination link.
2023-05-10 04:12:04,658 INFO [main] org.example.ltuTest [ltuTest.java:188] Found the expected text: The examination is on Tuesday, May 30th, from 9:00 - 14:00.
2023-05-10 04:12:04,850 INFO [main] org.example.ltuTest [ltuTest.java:286] Clicked on Certificates element
2023-05-10 04:12:15,299 INFO [Thread-2] c.c.s.d.DisposablesRegistry [DisposablesRegistry.java:66] Run cleanup: size=1
2023-05-10 04:12:15,301 INFO [Thread-2] c.c.s.d.CloseDriverCommand [CloseDriverCommand.java:38] Close webdriver: 59 -> ChromeDriver: chrome on WINDOWS (0506da54fb7510c7e96dc4f677eeeaf9)...
2023-05-10 04:12:15,301 ERROR [Thread-4] org.example.ltuTest [ltuTest.java:111] Failed to log out
java.lang.IllegalStateException: No webdriver is bound to current thread: 61. You need to call open(url) first.
	at com.codeborne.selenide.impl.WebDriverThreadLocalContainer.lambda$getWebDriver$1(WebDriverThreadLocalContainer.java:144)
	at java.base/java.util.Optional.orElseThrow(Optional.java:403)
	at com.codeborne.selenide.impl.WebDriverThreadLocalContainer.getWebDriver(WebDriverThreadLocalContainer.java:143)
	at com.codeborne.selenide.WebDriverRunner.getWebDriver(WebDriverRunner.java:112)
	at com.codeborne.selenide.impl.StaticDriver.getWebDriver(StaticDriver.java:51)
	at com.codeborne.selenide.impl.WebElementSelector.findElement(WebElementSelector.java:40)
	at com.codeborne.selenide.impl.WebElementSelector.findElement(WebElementSelector.java:33)
	at com.codeborne.selenide.impl.ElementFinder.getWebElement(ElementFinder.java:122)
	at com.codeborne.selenide.impl.WebElementSource.checkConditionAndReturnElement(WebElementSource.java:113)
	at com.codeborne.selenide.impl.WebElementSource.checkCondition(WebElementSource.java:101)
	at com.codeborne.selenide.commands.Should.execute(Should.java:30)
	at com.codeborne.selenide.commands.Should.execute(Should.java:14)
	at com.codeborne.selenide.commands.Commands.execute(Commands.java:160)
	at com.codeborne.selenide.impl.SelenideElementProxy.dispatchAndRetry(SelenideElementProxy.java:132)
	at com.codeborne.selenide.impl.SelenideElementProxy.invoke(SelenideElementProxy.java:84)
	at jdk.proxy2/jdk.proxy2.$Proxy16.shouldBe(Unknown Source)
	at org.example.ltuTest.lambda$setup$0(ltuTest.java:106)
	at java.base/java.lang.Thread.run(Thread.java:1623)
2023-05-10 04:12:15,330 WARN [AsyncHttpClient-1-4] o.a.netty.handler.WebSocketHandler [WebSocketHandler.java:142] onError
java.net.SocketException: Connection reset
	at java.base/sun.nio.ch.SocketChannelImpl.throwConnectionReset(SocketChannelImpl.java:401)
	at java.base/sun.nio.ch.SocketChannelImpl.read(SocketChannelImpl.java:434)
	at io.netty.buffer.PooledByteBuf.setBytes(PooledByteBuf.java:256)
	at io.netty.buffer.AbstractByteBuf.writeBytes(AbstractByteBuf.java:1132)
	at io.netty.channel.socket.nio.NioSocketChannel.doReadBytes(NioSocketChannel.java:357)
	at io.netty.channel.nio.AbstractNioByteChannel$NioByteUnsafe.read(AbstractNioByteChannel.java:151)
	at io.netty.channel.nio.NioEventLoop.processSelectedKey(NioEventLoop.java:788)
	at io.netty.channel.nio.NioEventLoop.processSelectedKeysOptimized(NioEventLoop.java:724)
	at io.netty.channel.nio.NioEventLoop.processSelectedKeys(NioEventLoop.java:650)
	at io.netty.channel.nio.NioEventLoop.run(NioEventLoop.java:562)
	at io.netty.util.concurrent.SingleThreadEventExecutor$4.run(SingleThreadEventExecutor.java:997)
	at io.netty.util.internal.ThreadExecutorMap$2.run(ThreadExecutorMap.java:74)
	at io.netty.util.concurrent.FastThreadLocalRunnable.run(FastThreadLocalRunnable.java:30)
	at java.base/java.lang.Thread.run(Thread.java:1623)
2023-05-10 04:12:15,490 INFO [Thread-2] c.c.s.d.CloseDriverCommand [CloseDriverCommand.java:40] Closed webdriver 59 in 189 ms
2023-05-10 04:12:15,491 INFO [Thread-2] c.c.s.d.DisposablesRegistry [DisposablesRegistry.java:68] Finished cleanup
2023-05-10 04:15:04,179 INFO [main] c.c.s.i.WebDriverThreadLocalContainer [WebDriverThreadLocalContainer.java:154] No webdriver is bound to current thread: 1 - let's create a new webdriver
2023-05-10 04:15:04,212 INFO [main] c.c.selenide.impl.FileHelper [FileHelper.java:46] Creating folder: C:\Users\alaae\IdeaProjects\LTUTest\target\downloads\1683684904200_2320_1
2023-05-10 04:15:04,567 INFO [main] i.g.bonigarcia.wdm.WebDriverManager [WebDriverManager.java:1238] Using chromedriver 113.0.5672.63 (resolved driver for Chrome 113)
2023-05-10 04:15:04,609 INFO [main] i.g.bonigarcia.wdm.WebDriverManager [WebDriverManager.java:1291] Exporting webdriver.chrome.driver as C:\Users\alaae\.cache\selenium\chromedriver\win32\113.0.5672.63\chromedriver.exe
2023-05-10 04:15:04,696 INFO [main] c.c.s.w.SelenideNettyClientFactory [SelenideNettyClientFactory.java:25] Changed readTimeout from PT3M to PT1M30S
2023-05-10 04:15:05,763 INFO [main] c.c.s.w.SelenideNettyClientFactory [SelenideNettyClientFactory.java:25] Changed readTimeout from PT3M to PT1M30S
2023-05-10 04:15:05,772 INFO [main] c.c.s.w.SelenideNettyClientFactory [SelenideNettyClientFactory.java:25] Changed readTimeout from PT3M to PT1M30S
2023-05-10 04:15:05,822 INFO [main] c.c.s.webdriver.WebDriverFactory [WebDriverFactory.java:148] BrowserName=chrome Version=113.0.5672.93 Platform=WINDOWS
2023-05-10 04:15:05,822 INFO [main] c.c.s.webdriver.WebDriverFactory [WebDriverFactory.java:75] Selenide v. 6.13.0
2023-05-10 04:15:05,822 INFO [main] c.c.s.webdriver.WebDriverFactory [WebDriverFactory.java:142] Selenium WebDriver v. 4.8.3 build revision: e5e76298c3
2023-05-10 04:15:05,823 INFO [main] c.c.s.d.CreateDriverCommand [CreateDriverCommand.java:78] Created webdriver in thread 1: ChromeDriver -> ChromeDriver: chrome on WINDOWS (64bb59ab040eae29702190126fa20551)
2023-05-10 04:15:05,824 INFO [main] c.c.s.d.DisposablesRegistry [DisposablesRegistry.java:30] Register WebDriverInstance[config=StaticConfig,webDriver=ChromeDriver: chrome on WINDOWS (64bb59ab040eae29702190126fa20551),proxy=null,downloadsFolder=C:\Users\alaae\IdeaProjects\LTUTest\target\downloads\1683684904200_2320_1] in 1 [size=1]
2023-05-10 04:15:05,824 INFO [main] c.c.s.d.DisposablesRegistry [DisposablesRegistry.java:32] Add shutdown hook in 1 [size=1]
2023-05-10 04:15:12,034 INFO [main] org.example.ltuTest [ltuTest.java:371] Clicked on the Canvas link.
2023-05-10 04:15:16,349 INFO [main] org.example.ltuTest [ltuTest.java:384] Clicked on the Courses button.
2023-05-10 04:15:19,413 INFO [main] org.example.ltuTest [ltuTest.java:395] Clicked on the course link.
2023-05-10 04:15:19,522 INFO [main] org.example.ltuTest [ltuTest.java:404] Clicked on the Syllabus link.
2023-05-10 04:15:21,232 INFO [main] org.example.ltuTest [ltuTest.java:416] Clicked on the Syllabus link.
2023-05-10 04:15:26,246 INFO [main] org.example.ltuTest [ltuTest.java:420] Downloaded Syllabus successfully
2023-05-10 04:15:26,438 INFO [main] org.example.ltuTest [ltuTest.java:131] Clicked on the Canvas link.
2023-05-10 04:15:26,629 INFO [main] org.example.ltuTest [ltuTest.java:145] Clicked on the Courses button.
2023-05-10 04:15:29,275 INFO [main] org.example.ltuTest [ltuTest.java:156] Clicked on the course link.
2023-05-10 04:15:30,305 INFO [main] org.example.ltuTest [ltuTest.java:167] Clicked on the Modules link.
2023-05-10 04:15:30,456 INFO [main] org.example.ltuTest [ltuTest.java:177] Clicked on the Final Examination element.
2023-05-10 04:15:32,156 INFO [main] org.example.ltuTest [ltuTest.java:180] Clicked on the Final Examination link.
2023-05-10 04:15:32,569 INFO [main] org.example.ltuTest [ltuTest.java:195] Found the expected text: The examination is on Tuesday, May 30th, from 9:00 - 14:00.
2023-05-10 04:15:32,856 INFO [main] org.example.ltuTest [ltuTest.java:293] Clicked on Certificates element
2023-05-10 04:15:43,221 INFO [Thread-2] c.c.s.d.DisposablesRegistry [DisposablesRegistry.java:66] Run cleanup: size=1
2023-05-10 04:15:43,222 INFO [Thread-2] c.c.s.d.CloseDriverCommand [CloseDriverCommand.java:38] Close webdriver: 59 -> ChromeDriver: chrome on WINDOWS (64bb59ab040eae29702190126fa20551)...
2023-05-10 04:15:43,221 ERROR [Thread-4] org.example.ltuTest [ltuTest.java:109] Failed to close extra tabs and navigate to the first tab
java.lang.IllegalStateException: No webdriver is bound to current thread: 61. You need to call open(url) first.
	at com.codeborne.selenide.impl.WebDriverThreadLocalContainer.lambda$getWebDriver$1(WebDriverThreadLocalContainer.java:144)
	at java.base/java.util.Optional.orElseThrow(Optional.java:403)
	at com.codeborne.selenide.impl.WebDriverThreadLocalContainer.getWebDriver(WebDriverThreadLocalContainer.java:143)
	at com.codeborne.selenide.impl.WebDriverThreadLocalContainer.closeWindow(WebDriverThreadLocalContainer.java:214)
	at com.codeborne.selenide.WebDriverRunner.closeWindow(WebDriverRunner.java:168)
	at com.codeborne.selenide.logevents.SelenideLogger.run(SelenideLogger.java:105)
	at com.codeborne.selenide.Selenide.closeWindow(Selenide.java:226)
	at org.example.ltuTest.lambda$setup$0(ltuTest.java:106)
	at java.base/java.lang.Thread.run(Thread.java:1623)
2023-05-10 04:15:43,224 ERROR [Thread-4] org.example.ltuTest [ltuTest.java:118] Failed to log out
java.lang.IllegalStateException: No webdriver is bound to current thread: 61. You need to call open(url) first.
	at com.codeborne.selenide.impl.WebDriverThreadLocalContainer.lambda$getWebDriver$1(WebDriverThreadLocalContainer.java:144)
	at java.base/java.util.Optional.orElseThrow(Optional.java:403)
	at com.codeborne.selenide.impl.WebDriverThreadLocalContainer.getWebDriver(WebDriverThreadLocalContainer.java:143)
	at com.codeborne.selenide.WebDriverRunner.getWebDriver(WebDriverRunner.java:112)
	at com.codeborne.selenide.impl.StaticDriver.getWebDriver(StaticDriver.java:51)
	at com.codeborne.selenide.impl.WebElementSelector.findElement(WebElementSelector.java:40)
	at com.codeborne.selenide.impl.WebElementSelector.findElement(WebElementSelector.java:33)
	at com.codeborne.selenide.impl.ElementFinder.getWebElement(ElementFinder.java:122)
	at com.codeborne.selenide.impl.WebElementSource.checkConditionAndReturnElement(WebElementSource.java:113)
	at com.codeborne.selenide.impl.WebElementSource.checkCondition(WebElementSource.java:101)
	at com.codeborne.selenide.commands.Should.execute(Should.java:30)
	at com.codeborne.selenide.commands.Should.execute(Should.java:14)
	at com.codeborne.selenide.commands.Commands.execute(Commands.java:160)
	at com.codeborne.selenide.impl.SelenideElementProxy.dispatchAndRetry(SelenideElementProxy.java:132)
	at com.codeborne.selenide.impl.SelenideElementProxy.invoke(SelenideElementProxy.java:84)
	at jdk.proxy2/jdk.proxy2.$Proxy16.shouldBe(Unknown Source)
	at org.example.ltuTest.lambda$setup$0(ltuTest.java:113)
	at java.base/java.lang.Thread.run(Thread.java:1623)
2023-05-10 04:15:43,263 WARN [AsyncHttpClient-1-4] o.a.netty.handler.WebSocketHandler [WebSocketHandler.java:142] onError
java.net.SocketException: Connection reset
	at java.base/sun.nio.ch.SocketChannelImpl.throwConnectionReset(SocketChannelImpl.java:401)
	at java.base/sun.nio.ch.SocketChannelImpl.read(SocketChannelImpl.java:434)
	at io.netty.buffer.PooledByteBuf.setBytes(PooledByteBuf.java:256)
	at io.netty.buffer.AbstractByteBuf.writeBytes(AbstractByteBuf.java:1132)
	at io.netty.buffer.WrappedByteBuf.writeBytes(WrappedByteBuf.java:821)
	at io.netty.channel.socket.nio.NioSocketChannel.doReadBytes(NioSocketChannel.java:357)
	at io.netty.channel.nio.AbstractNioByteChannel$NioByteUnsafe.read(AbstractNioByteChannel.java:151)
	at io.netty.channel.nio.NioEventLoop.processSelectedKey(NioEventLoop.java:788)
	at io.netty.channel.nio.NioEventLoop.processSelectedKeysOptimized(NioEventLoop.java:724)
	at io.netty.channel.nio.NioEventLoop.processSelectedKeys(NioEventLoop.java:650)
	at io.netty.channel.nio.NioEventLoop.run(NioEventLoop.java:562)
	at io.netty.util.concurrent.SingleThreadEventExecutor$4.run(SingleThreadEventExecutor.java:997)
	at io.netty.util.internal.ThreadExecutorMap$2.run(ThreadExecutorMap.java:74)
	at io.netty.util.concurrent.FastThreadLocalRunnable.run(FastThreadLocalRunnable.java:30)
	at java.base/java.lang.Thread.run(Thread.java:1623)
2023-05-10 04:15:43,480 INFO [Thread-2] c.c.s.d.CloseDriverCommand [CloseDriverCommand.java:40] Closed webdriver 59 in 258 ms
2023-05-10 04:15:43,480 INFO [Thread-2] c.c.s.d.DisposablesRegistry [DisposablesRegistry.java:68] Finished cleanup
2023-05-10 04:16:47,910 INFO [main] c.c.s.i.WebDriverThreadLocalContainer [WebDriverThreadLocalContainer.java:154] No webdriver is bound to current thread: 1 - let's create a new webdriver
2023-05-10 04:16:47,943 INFO [main] c.c.selenide.impl.FileHelper [FileHelper.java:46] Creating folder: C:\Users\alaae\IdeaProjects\LTUTest\target\downloads\1683685007932_2052_1
2023-05-10 04:16:48,291 INFO [main] i.g.bonigarcia.wdm.WebDriverManager [WebDriverManager.java:1238] Using chromedriver 113.0.5672.63 (resolved driver for Chrome 113)
2023-05-10 04:16:48,334 INFO [main] i.g.bonigarcia.wdm.WebDriverManager [WebDriverManager.java:1291] Exporting webdriver.chrome.driver as C:\Users\alaae\.cache\selenium\chromedriver\win32\113.0.5672.63\chromedriver.exe
2023-05-10 04:16:48,417 INFO [main] c.c.s.w.SelenideNettyClientFactory [SelenideNettyClientFactory.java:25] Changed readTimeout from PT3M to PT1M30S
2023-05-10 04:16:49,556 INFO [main] c.c.s.w.SelenideNettyClientFactory [SelenideNettyClientFactory.java:25] Changed readTimeout from PT3M to PT1M30S
2023-05-10 04:16:49,564 INFO [main] c.c.s.w.SelenideNettyClientFactory [SelenideNettyClientFactory.java:25] Changed readTimeout from PT3M to PT1M30S
2023-05-10 04:16:49,613 INFO [main] c.c.s.webdriver.WebDriverFactory [WebDriverFactory.java:148] BrowserName=chrome Version=113.0.5672.93 Platform=WINDOWS
2023-05-10 04:16:49,613 INFO [main] c.c.s.webdriver.WebDriverFactory [WebDriverFactory.java:75] Selenide v. 6.13.0
2023-05-10 04:16:49,613 INFO [main] c.c.s.webdriver.WebDriverFactory [WebDriverFactory.java:142] Selenium WebDriver v. 4.8.3 build revision: e5e76298c3
2023-05-10 04:16:49,613 INFO [main] c.c.s.d.CreateDriverCommand [CreateDriverCommand.java:78] Created webdriver in thread 1: ChromeDriver -> ChromeDriver: chrome on WINDOWS (b5bb13b88cf1ef84e5e45309ab2a595e)
2023-05-10 04:16:49,615 INFO [main] c.c.s.d.DisposablesRegistry [DisposablesRegistry.java:30] Register WebDriverInstance[config=StaticConfig,webDriver=ChromeDriver: chrome on WINDOWS (b5bb13b88cf1ef84e5e45309ab2a595e),proxy=null,downloadsFolder=C:\Users\alaae\IdeaProjects\LTUTest\target\downloads\1683685007932_2052_1] in 1 [size=1]
2023-05-10 04:16:49,615 INFO [main] c.c.s.d.DisposablesRegistry [DisposablesRegistry.java:32] Add shutdown hook in 1 [size=1]
2023-05-10 04:16:56,719 INFO [main] org.example.ltuTest [ltuTest.java:371] Clicked on the Canvas link.
2023-05-10 04:16:59,798 INFO [main] org.example.ltuTest [ltuTest.java:384] Clicked on the Courses button.
2023-05-10 04:17:02,254 INFO [main] org.example.ltuTest [ltuTest.java:395] Clicked on the course link.
2023-05-10 04:17:02,340 INFO [main] org.example.ltuTest [ltuTest.java:404] Clicked on the Syllabus link.
2023-05-10 04:17:05,869 INFO [main] org.example.ltuTest [ltuTest.java:416] Clicked on the Syllabus link.
2023-05-10 04:17:10,882 INFO [main] org.example.ltuTest [ltuTest.java:420] Downloaded Syllabus successfully
2023-05-10 04:17:11,064 INFO [main] org.example.ltuTest [ltuTest.java:131] Clicked on the Canvas link.
2023-05-10 04:17:11,212 INFO [main] org.example.ltuTest [ltuTest.java:145] Clicked on the Courses button.
2023-05-10 04:17:14,660 INFO [main] org.example.ltuTest [ltuTest.java:156] Clicked on the course link.
2023-05-10 04:17:15,566 INFO [main] org.example.ltuTest [ltuTest.java:167] Clicked on the Modules link.
2023-05-10 04:17:15,656 INFO [main] org.example.ltuTest [ltuTest.java:177] Clicked on the Final Examination element.
2023-05-10 04:17:16,647 INFO [main] org.example.ltuTest [ltuTest.java:180] Clicked on the Final Examination link.
2023-05-10 04:17:16,927 INFO [main] org.example.ltuTest [ltuTest.java:195] Found the expected text: The examination is on Tuesday, May 30th, from 9:00 - 14:00.
2023-05-10 04:17:17,131 INFO [main] org.example.ltuTest [ltuTest.java:293] Clicked on Certificates element
2023-05-10 04:17:27,279 ERROR [main] c.c.s.impl.ScreenShotLaboratory [ScreenShotLaboratory.java:295] Failed to take screenshot to 1683685047276.0
org.openqa.selenium.NoSuchWindowException: no such window: target window already closed
from unknown error: web view not found
  (Session info: chrome=113.0.5672.93)
Build info: version: '4.8.3', revision: 'e5e76298c3'
System info: os.name: 'Windows 11', os.arch: 'amd64', os.version: '10.0', java.version: '20.0.1'
Driver info: org.openqa.selenium.chrome.ChromeDriver
Command: [b5bb13b88cf1ef84e5e45309ab2a595e, screenshot {}]
Capabilities {acceptInsecureCerts: true, browserName: chrome, browserVersion: 113.0.5672.93, chrome: {chromedriverVersion: 113.0.5672.63 (0e1a4471d5ae..., userDataDir: C:\Users\alaae\AppData\Loca...}, goog:chromeOptions: {debuggerAddress: localhost:64381}, networkConnectionEnabled: false, pageLoadStrategy: normal, platformName: WINDOWS, proxy: Proxy(), se:cdp: ws://localhost:64381/devtoo..., se:cdpVersion: 113.0.5672.93, setWindowRect: true, strictFileInteractability: false, timeouts: {implicit: 0, pageLoad: 300000, script: 30000}, unhandledPromptBehavior: accept, webauthn:extension:credBlob: true, webauthn:extension:largeBlob: true, webauthn:extension:minPinLength: true, webauthn:extension:prf: true, webauthn:virtualAuthenticators: true}
Session ID: b5bb13b88cf1ef84e5e45309ab2a595e
	at java.base/jdk.internal.reflect.DirectConstructorHandleAccessor.newInstance(DirectConstructorHandleAccessor.java:67)
	at java.base/java.lang.reflect.Constructor.newInstanceWithCaller(Constructor.java:500)
	at java.base/java.lang.reflect.Constructor.newInstance(Constructor.java:484)
	at org.openqa.selenium.remote.codec.w3c.W3CHttpResponseCodec.createException(W3CHttpResponseCodec.java:200)
	at org.openqa.selenium.remote.codec.w3c.W3CHttpResponseCodec.decode(W3CHttpResponseCodec.java:133)
	at org.openqa.selenium.remote.codec.w3c.W3CHttpResponseCodec.decode(W3CHttpResponseCodec.java:53)
	at org.openqa.selenium.remote.HttpCommandExecutor.execute(HttpCommandExecutor.java:193)
	at org.openqa.selenium.remote.service.DriverCommandExecutor.invokeExecute(DriverCommandExecutor.java:183)
	at org.openqa.selenium.remote.service.DriverCommandExecutor.execute(DriverCommandExecutor.java:158)
	at org.openqa.selenium.remote.RemoteWebDriver.execute(RemoteWebDriver.java:543)
	at org.openqa.selenium.remote.RemoteWebDriver.execute(RemoteWebDriver.java:598)
	at org.openqa.selenium.remote.RemoteWebDriver.execute(RemoteWebDriver.java:602)
	at org.openqa.selenium.remote.RemoteWebDriver.getScreenshotAs(RemoteWebDriver.java:318)
	at com.codeborne.selenide.impl.WebdriverPhotographer.takeScreenshot(WebdriverPhotographer.java:19)
	at com.codeborne.selenide.impl.ScreenShotLaboratory.savePageImageToFile(ScreenShotLaboratory.java:285)
	at com.codeborne.selenide.impl.ScreenShotLaboratory.takeScreenShot(ScreenShotLaboratory.java:134)
	at com.codeborne.selenide.impl.ScreenShotLaboratory.lambda$takeScreenshot$15(ScreenShotLaboratory.java:440)
	at com.codeborne.selenide.impl.ScreenShotLaboratory.ifReportsFolderNotNull(ScreenShotLaboratory.java:530)
	at com.codeborne.selenide.impl.ScreenShotLaboratory.lambda$takeScreenshot$16(ScreenShotLaboratory.java:439)
	at com.codeborne.selenide.impl.ScreenShotLaboratory.ifWebDriverStarted(ScreenShotLaboratory.java:520)
	at com.codeborne.selenide.impl.ScreenShotLaboratory.takeScreenshot(ScreenShotLaboratory.java:438)
	at com.codeborne.selenide.ex.UIAssertionError.wrapThrowable(UIAssertionError.java:123)
	at com.codeborne.selenide.ex.UIAssertionError.wrap(UIAssertionError.java:103)
	at com.codeborne.selenide.impl.SelenideElementProxy.invoke(SelenideElementProxy.java:89)
	at jdk.proxy2/jdk.proxy2.$Proxy16.shouldBe(Unknown Source)
	at org.example.ltuTest.downloadTranscript(ltuTest.java:302)
	at java.base/jdk.internal.reflect.DirectMethodHandleAccessor.invoke(DirectMethodHandleAccessor.java:104)
	at java.base/java.lang.reflect.Method.invoke(Method.java:578)
	at org.junit.platform.commons.util.ReflectionUtils.invokeMethod(ReflectionUtils.java:727)
	at org.junit.jupiter.engine.execution.MethodInvocation.proceed(MethodInvocation.java:60)
	at org.junit.jupiter.engine.execution.InvocationInterceptorChain$ValidatingInvocation.proceed(InvocationInterceptorChain.java:131)
	at org.junit.jupiter.engine.extension.TimeoutExtension.intercept(TimeoutExtension.java:156)
	at org.junit.jupiter.engine.extension.TimeoutExtension.interceptTestableMethod(TimeoutExtension.java:147)
	at org.junit.jupiter.engine.extension.TimeoutExtension.interceptTestMethod(TimeoutExtension.java:86)
	at org.junit.jupiter.engine.execution.InterceptingExecutableInvoker$ReflectiveInterceptorCall.lambda$ofVoidMethod$0(InterceptingExecutableInvoker.java:103)
	at org.junit.jupiter.engine.execution.InterceptingExecutableInvoker.lambda$invoke$0(InterceptingExecutableInvoker.java:93)
	at org.junit.jupiter.engine.execution.InvocationInterceptorChain$InterceptedInvocation.proceed(InvocationInterceptorChain.java:106)
	at org.junit.jupiter.engine.execution.InvocationInterceptorChain.proceed(InvocationInterceptorChain.java:64)
	at org.junit.jupiter.engine.execution.InvocationInterceptorChain.chainAndInvoke(InvocationInterceptorChain.java:45)
	at org.junit.jupiter.engine.execution.InvocationInterceptorChain.invoke(InvocationInterceptorChain.java:37)
	at org.junit.jupiter.engine.execution.InterceptingExecutableInvoker.invoke(InterceptingExecutableInvoker.java:92)
	at org.junit.jupiter.engine.execution.InterceptingExecutableInvoker.invoke(InterceptingExecutableInvoker.java:86)
	at org.junit.jupiter.engine.descriptor.TestMethodTestDescriptor.lambda$invokeTestMethod$7(TestMethodTestDescriptor.java:217)
	at org.junit.platform.engine.support.hierarchical.ThrowableCollector.execute(ThrowableCollector.java:73)
	at org.junit.jupiter.engine.descriptor.TestMethodTestDescriptor.invokeTestMethod(TestMethodTestDescriptor.java:213)
	at org.junit.jupiter.engine.descriptor.TestMethodTestDescriptor.execute(TestMethodTestDescriptor.java:138)
	at org.junit.jupiter.engine.descriptor.TestMethodTestDescriptor.execute(TestMethodTestDescriptor.java:68)
	at org.junit.platform.engine.support.hierarchical.NodeTestTask.lambda$executeRecursively$6(NodeTestTask.java:151)
	at org.junit.platform.engine.support.hierarchical.ThrowableCollector.execute(ThrowableCollector.java:73)
	at org.junit.platform.engine.support.hierarchical.NodeTestTask.lambda$executeRecursively$8(NodeTestTask.java:141)
	at org.junit.platform.engine.support.hierarchical.Node.around(Node.java:137)
	at org.junit.platform.engine.support.hierarchical.NodeTestTask.lambda$executeRecursively$9(NodeTestTask.java:139)
	at org.junit.platform.engine.support.hierarchical.ThrowableCollector.execute(ThrowableCollector.java:73)
	at org.junit.platform.engine.support.hierarchical.NodeTestTask.executeRecursively(NodeTestTask.java:138)
	at org.junit.platform.engine.support.hierarchical.NodeTestTask.execute(NodeTestTask.java:95)
	at java.base/java.util.ArrayList.forEach(ArrayList.java:1511)
	at org.junit.platform.engine.support.hierarchical.SameThreadHierarchicalTestExecutorService.invokeAll(SameThreadHierarchicalTestExecutorService.java:41)
	at org.junit.platform.engine.support.hierarchical.NodeTestTask.lambda$executeRecursively$6(NodeTestTask.java:155)
	at org.junit.platform.engine.support.hierarchical.ThrowableCollector.execute(ThrowableCollector.java:73)
	at org.junit.platform.engine.support.hierarchical.NodeTestTask.lambda$executeRecursively$8(NodeTestTask.java:141)
	at org.junit.platform.engine.support.hierarchical.Node.around(Node.java:137)
	at org.junit.platform.engine.support.hierarchical.NodeTestTask.lambda$executeRecursively$9(NodeTestTask.java:139)
	at org.junit.platform.engine.support.hierarchical.ThrowableCollector.execute(ThrowableCollector.java:73)
	at org.junit.platform.engine.support.hierarchical.NodeTestTask.executeRecursively(NodeTestTask.java:138)
	at org.junit.platform.engine.support.hierarchical.NodeTestTask.execute(NodeTestTask.java:95)
	at java.base/java.util.ArrayList.forEach(ArrayList.java:1511)
	at org.junit.platform.engine.support.hierarchical.SameThreadHierarchicalTestExecutorService.invokeAll(SameThreadHierarchicalTestExecutorService.java:41)
	at org.junit.platform.engine.support.hierarchical.NodeTestTask.lambda$executeRecursively$6(NodeTestTask.java:155)
	at org.junit.platform.engine.support.hierarchical.ThrowableCollector.execute(ThrowableCollector.java:73)
	at org.junit.platform.engine.support.hierarchical.NodeTestTask.lambda$executeRecursively$8(NodeTestTask.java:141)
	at org.junit.platform.engine.support.hierarchical.Node.around(Node.java:137)
	at org.junit.platform.engine.support.hierarchical.NodeTestTask.lambda$executeRecursively$9(NodeTestTask.java:139)
	at org.junit.platform.engine.support.hierarchical.ThrowableCollector.execute(ThrowableCollector.java:73)
	at org.junit.platform.engine.support.hierarchical.NodeTestTask.executeRecursively(NodeTestTask.java:138)
	at org.junit.platform.engine.support.hierarchical.NodeTestTask.execute(NodeTestTask.java:95)
	at org.junit.platform.engine.support.hierarchical.SameThreadHierarchicalTestExecutorService.submit(SameThreadHierarchicalTestExecutorService.java:35)
	at org.junit.platform.engine.support.hierarchical.HierarchicalTestExecutor.execute(HierarchicalTestExecutor.java:57)
	at org.junit.platform.engine.support.hierarchical.HierarchicalTestEngine.execute(HierarchicalTestEngine.java:54)
	at org.junit.platform.launcher.core.EngineExecutionOrchestrator.execute(EngineExecutionOrchestrator.java:147)
	at org.junit.platform.launcher.core.EngineExecutionOrchestrator.execute(EngineExecutionOrchestrator.java:127)
	at org.junit.platform.launcher.core.EngineExecutionOrchestrator.execute(EngineExecutionOrchestrator.java:90)
	at org.junit.platform.launcher.core.EngineExecutionOrchestrator.lambda$execute$0(EngineExecutionOrchestrator.java:55)
	at org.junit.platform.launcher.core.EngineExecutionOrchestrator.withInterceptedStreams(EngineExecutionOrchestrator.java:102)
	at org.junit.platform.launcher.core.EngineExecutionOrchestrator.execute(EngineExecutionOrchestrator.java:54)
	at org.junit.platform.launcher.core.DefaultLauncher.execute(DefaultLauncher.java:114)
	at org.junit.platform.launcher.core.DefaultLauncher.execute(DefaultLauncher.java:86)
	at org.junit.platform.launcher.core.DefaultLauncherSession$DelegatingLauncher.execute(DefaultLauncherSession.java:86)
	at org.junit.platform.launcher.core.SessionPerRequestLauncher.execute(SessionPerRequestLauncher.java:53)
	at com.intellij.junit5.JUnit5IdeaTestRunner.startRunnerWithArgs(JUnit5IdeaTestRunner.java:57)
	at com.intellij.rt.junit.IdeaTestRunner$Repeater$1.execute(IdeaTestRunner.java:38)
	at com.intellij.rt.execution.junit.TestsRepeater.repeat(TestsRepeater.java:11)
	at com.intellij.rt.junit.IdeaTestRunner$Repeater.startRunnerWithArgs(IdeaTestRunner.java:35)
	at com.intellij.rt.junit.JUnitStarter.prepareStreamsAndStart(JUnitStarter.java:232)
	at com.intellij.rt.junit.JUnitStarter.main(JUnitStarter.java:55)
2023-05-10 04:17:27,302 INFO [Thread-2] c.c.s.d.DisposablesRegistry [DisposablesRegistry.java:66] Run cleanup: size=1
2023-05-10 04:17:27,302 ERROR [Thread-4] org.example.ltuTest [ltuTest.java:109] Failed to close extra tabs and navigate to the first tab
java.lang.IllegalStateException: No webdriver is bound to current thread: 61. You need to call open(url) first.
	at com.codeborne.selenide.impl.WebDriverThreadLocalContainer.lambda$getWebDriver$1(WebDriverThreadLocalContainer.java:144)
	at java.base/java.util.Optional.orElseThrow(Optional.java:403)
	at com.codeborne.selenide.impl.WebDriverThreadLocalContainer.getWebDriver(WebDriverThreadLocalContainer.java:143)
	at com.codeborne.selenide.impl.WebDriverThreadLocalContainer.closeWindow(WebDriverThreadLocalContainer.java:214)
	at com.codeborne.selenide.WebDriverRunner.closeWindow(WebDriverRunner.java:168)
	at com.codeborne.selenide.logevents.SelenideLogger.run(SelenideLogger.java:105)
	at com.codeborne.selenide.Selenide.closeWindow(Selenide.java:226)
	at org.example.ltuTest.lambda$setup$0(ltuTest.java:106)
	at java.base/java.lang.Thread.run(Thread.java:1623)
2023-05-10 04:17:27,303 ERROR [Thread-4] org.example.ltuTest [ltuTest.java:118] Failed to log out
java.lang.IllegalStateException: No webdriver is bound to current thread: 61. You need to call open(url) first.
	at com.codeborne.selenide.impl.WebDriverThreadLocalContainer.lambda$getWebDriver$1(WebDriverThreadLocalContainer.java:144)
	at java.base/java.util.Optional.orElseThrow(Optional.java:403)
	at com.codeborne.selenide.impl.WebDriverThreadLocalContainer.getWebDriver(WebDriverThreadLocalContainer.java:143)
	at com.codeborne.selenide.WebDriverRunner.getWebDriver(WebDriverRunner.java:112)
	at com.codeborne.selenide.impl.StaticDriver.getWebDriver(StaticDriver.java:51)
	at com.codeborne.selenide.impl.WebElementSelector.findElement(WebElementSelector.java:40)
	at com.codeborne.selenide.impl.WebElementSelector.findElement(WebElementSelector.java:33)
	at com.codeborne.selenide.impl.ElementFinder.getWebElement(ElementFinder.java:122)
	at com.codeborne.selenide.impl.WebElementSource.checkConditionAndReturnElement(WebElementSource.java:113)
	at com.codeborne.selenide.impl.WebElementSource.checkCondition(WebElementSource.java:101)
	at com.codeborne.selenide.commands.Should.execute(Should.java:30)
	at com.codeborne.selenide.commands.Should.execute(Should.java:14)
	at com.codeborne.selenide.commands.Commands.execute(Commands.java:160)
	at com.codeborne.selenide.impl.SelenideElementProxy.dispatchAndRetry(SelenideElementProxy.java:132)
	at com.codeborne.selenide.impl.SelenideElementProxy.invoke(SelenideElementProxy.java:84)
	at jdk.proxy2/jdk.proxy2.$Proxy16.shouldBe(Unknown Source)
	at org.example.ltuTest.lambda$setup$0(ltuTest.java:113)
	at java.base/java.lang.Thread.run(Thread.java:1623)
2023-05-10 04:17:27,303 INFO [Thread-2] c.c.s.d.CloseDriverCommand [CloseDriverCommand.java:38] Close webdriver: 59 -> ChromeDriver: chrome on WINDOWS (b5bb13b88cf1ef84e5e45309ab2a595e)...
2023-05-10 04:17:27,492 INFO [Thread-2] c.c.s.d.CloseDriverCommand [CloseDriverCommand.java:40] Closed webdriver 59 in 189 ms
2023-05-10 04:17:27,492 INFO [Thread-2] c.c.s.d.DisposablesRegistry [DisposablesRegistry.java:68] Finished cleanup
